This file contains any messages produced by compilers while
running configure, to aid debugging if configure makes a mistake.

It was created by Zenzo Core configure 1.2.0, which was
generated by GNU Autoconf 2.69.  Invocation command line was

  $ ./configure LDFLAGS=-L/home/kittie/ZENZO-Core/db4/lib/ CPPFLAGS=-I/home/kittie/ZENZO-Core/db4/include/ --disable-shared --with-pic --no-create --no-recursion

## --------- ##
## Platform. ##
## --------- ##

hostname = kittie-VM
uname -m = x86_64
uname -r = 4.15.0-45-generic
uname -s = Linux
uname -v = #48~16.04.1-Ubuntu SMP Tue Jan 29 18:03:48 UTC 2019

/usr/bin/uname -p = unknown
/bin/uname -X     = unknown

/bin/arch              = unknown
/usr/bin/arch -k       = unknown
/usr/convex/getsysinfo = unknown
/usr/bin/hostinfo      = unknown
/bin/machine           = unknown
/usr/bin/oslevel       = unknown
/bin/universe          = unknown

PATH: /usr/local/sbin
PATH: /usr/local/bin
PATH: /usr/sbin
PATH: /usr/bin
PATH: /sbin
PATH: /bin
PATH: /snap/bin


## ----------- ##
## Core tests. ##
## ----------- ##

configure:2962: checking build system type
configure:2976: result: x86_64-pc-linux-gnu
configure:2996: checking host system type
configure:3009: result: x86_64-pc-linux-gnu
configure:3052: checking for a BSD-compatible install
configure:3120: result: /usr/bin/install -c
configure:3131: checking whether build environment is sane
configure:3186: result: yes
configure:3337: checking for a thread-safe mkdir -p
configure:3376: result: /bin/mkdir -p
configure:3383: checking for gawk
configure:3413: result: no
configure:3383: checking for mawk
configure:3399: found /usr/bin/mawk
configure:3410: result: mawk
configure:3421: checking whether make sets $(MAKE)
configure:3443: result: yes
configure:3472: checking whether make supports nested variables
configure:3489: result: yes
configure:3608: checking whether to enable maintainer-specific portions of Makefiles
configure:3617: result: yes
configure:3642: checking whether make supports nested variables
configure:3659: result: yes
configure:3734: checking for g++
configure:3750: found /usr/bin/g++
configure:3761: result: g++
configure:3788: checking for C++ compiler version
configure:3797: g++ --version >&5
g++ (Ubuntu 5.4.0-6ubuntu1~16.04.10) 5.4.0 20160609
Copyright (C) 2015 Free Software Foundation, Inc.
This is free software; see the source for copying conditions.  There is NO
warranty; not even for MERCHANTABILITY or FITNESS FOR A PARTICULAR PURPOSE.

configure:3808: $? = 0
configure:3797: g++ -v >&5
Using built-in specs.
COLLECT_GCC=g++
COLLECT_LTO_WRAPPER=/usr/lib/gcc/x86_64-linux-gnu/5/lto-wrapper
Target: x86_64-linux-gnu
Configured with: ../src/configure -v --with-pkgversion='Ubuntu 5.4.0-6ubuntu1~16.04.10' --with-bugurl=file:///usr/share/doc/gcc-5/README.Bugs --enable-languages=c,ada,c++,java,go,d,fortran,objc,obj-c++ --prefix=/usr --program-suffix=-5 --enable-shared --enable-linker-build-id --libexecdir=/usr/lib --without-included-gettext --enable-threads=posix --libdir=/usr/lib --enable-nls --with-sysroot=/ --enable-clocale=gnu --enable-libstdcxx-debug --enable-libstdcxx-time=yes --with-default-libstdcxx-abi=new --enable-gnu-unique-object --disable-vtable-verify --enable-libmpx --enable-plugin --with-system-zlib --disable-browser-plugin --enable-java-awt=gtk --enable-gtk-cairo --with-java-home=/usr/lib/jvm/java-1.5.0-gcj-5-amd64/jre --enable-java-home --with-jvm-root-dir=/usr/lib/jvm/java-1.5.0-gcj-5-amd64 --with-jvm-jar-dir=/usr/lib/jvm-exports/java-1.5.0-gcj-5-amd64 --with-arch-directory=amd64 --with-ecj-jar=/usr/share/java/eclipse-ecj.jar --enable-objc-gc --enable-multiarch --disable-werror --with-arch-32=i686 --with-abi=m64 --with-multilib-list=m32,m64,mx32 --enable-multilib --with-tune=generic --enable-checking=release --build=x86_64-linux-gnu --host=x86_64-linux-gnu --target=x86_64-linux-gnu
Thread model: posix
gcc version 5.4.0 20160609 (Ubuntu 5.4.0-6ubuntu1~16.04.10) 
configure:3808: $? = 0
configure:3797: g++ -V >&5
g++: error: unrecognized command line option '-V'
g++: fatal error: no input files
compilation terminated.
configure:3808: $? = 1
configure:3797: g++ -qversion >&5
g++: error: unrecognized command line option '-qversion'
g++: fatal error: no input files
compilation terminated.
configure:3808: $? = 1
configure:3828: checking whether the C++ compiler works
configure:3850: g++  -I/home/kittie/ZENZO-Core/db4/include/ -L/home/kittie/ZENZO-Core/db4/lib/ conftest.cpp  >&5
configure:3854: $? = 0
configure:3902: result: yes
configure:3905: checking for C++ compiler default output file name
configure:3907: result: a.out
configure:3913: checking for suffix of executables
configure:3920: g++ -o conftest  -I/home/kittie/ZENZO-Core/db4/include/ -L/home/kittie/ZENZO-Core/db4/lib/ conftest.cpp  >&5
configure:3924: $? = 0
configure:3946: result: 
configure:3968: checking whether we are cross compiling
configure:3976: g++ -o conftest  -I/home/kittie/ZENZO-Core/db4/include/ -L/home/kittie/ZENZO-Core/db4/lib/ conftest.cpp  >&5
configure:3980: $? = 0
configure:3987: ./conftest
configure:3991: $? = 0
configure:4006: result: no
configure:4011: checking for suffix of object files
configure:4033: g++ -c  -I/home/kittie/ZENZO-Core/db4/include/ conftest.cpp >&5
configure:4037: $? = 0
configure:4058: result: o
configure:4062: checking whether we are using the GNU C++ compiler
configure:4081: g++ -c  -I/home/kittie/ZENZO-Core/db4/include/ conftest.cpp >&5
configure:4081: $? = 0
configure:4090: result: yes
configure:4099: checking whether g++ accepts -g
configure:4119: g++ -c -g -I/home/kittie/ZENZO-Core/db4/include/ conftest.cpp >&5
configure:4119: $? = 0
configure:4160: result: yes
configure:4194: checking for style of include used by make
configure:4222: result: GNU
configure:4248: checking dependency style of g++
configure:4359: result: gcc3
configure:4388: checking whether g++ supports C++11 features by default
configure:4682: g++ -c -g -O2 -I/home/kittie/ZENZO-Core/db4/include/ conftest.cpp >&5
conftest.cpp:20:2: error: #error "This is not a C++11 compiler"
 #error "This is not a C++11 compiler"
  ^
configure:4682: $? = 1
configure: failed program was:
| /* confdefs.h */
| #define PACKAGE_NAME "Zenzo Core"
| #define PACKAGE_TARNAME "zenzo"
| #define PACKAGE_VERSION "1.2.0"
| #define PACKAGE_STRING "Zenzo Core 1.2.0"
| #define PACKAGE_BUGREPORT "www.zenzo.io"
| #define PACKAGE_URL ""
| /* end confdefs.h.  */
| 
| 
| // If the compiler admits that it is not ready for C++11, why torture it?
| // Hopefully, this will speed up the test.
| 
| #ifndef __cplusplus
| 
| #error "This is not a C++ compiler"
| 
| #elif __cplusplus < 201103L
| 
| #error "This is not a C++11 compiler"
| 
| #else
| 
| namespace cxx11
| {
| 
|   namespace test_static_assert
|   {
| 
|     template <typename T>
|     struct check
|     {
|       static_assert(sizeof(int) <= sizeof(T), "not big enough");
|     };
| 
|   }
| 
|   namespace test_final_override
|   {
| 
|     struct Base
|     {
|       virtual void f() {}
|     };
| 
|     struct Derived : public Base
|     {
|       virtual void f() override {}
|     };
| 
|   }
| 
|   namespace test_double_right_angle_brackets
|   {
| 
|     template < typename T >
|     struct check {};
| 
|     typedef check<void> single_type;
|     typedef check<check<void>> double_type;
|     typedef check<check<check<void>>> triple_type;
|     typedef check<check<check<check<void>>>> quadruple_type;
| 
|   }
| 
|   namespace test_decltype
|   {
| 
|     int
|     f()
|     {
|       int a = 1;
|       decltype(a) b = 2;
|       return a + b;
|     }
| 
|   }
| 
|   namespace test_type_deduction
|   {
| 
|     template < typename T1, typename T2 >
|     struct is_same
|     {
|       static const bool value = false;
|     };
| 
|     template < typename T >
|     struct is_same<T, T>
|     {
|       static const bool value = true;
|     };
| 
|     template < typename T1, typename T2 >
|     auto
|     add(T1 a1, T2 a2) -> decltype(a1 + a2)
|     {
|       return a1 + a2;
|     }
| 
|     int
|     test(const int c, volatile int v)
|     {
|       static_assert(is_same<int, decltype(0)>::value == true, "");
|       static_assert(is_same<int, decltype(c)>::value == false, "");
|       static_assert(is_same<int, decltype(v)>::value == false, "");
|       auto ac = c;
|       auto av = v;
|       auto sumi = ac + av + 'x';
|       auto sumf = ac + av + 1.0;
|       static_assert(is_same<int, decltype(ac)>::value == true, "");
|       static_assert(is_same<int, decltype(av)>::value == true, "");
|       static_assert(is_same<int, decltype(sumi)>::value == true, "");
|       static_assert(is_same<int, decltype(sumf)>::value == false, "");
|       static_assert(is_same<int, decltype(add(c, v))>::value == true, "");
|       return (sumf > 0.0) ? sumi : add(c, v);
|     }
| 
|   }
| 
|   namespace test_noexcept
|   {
| 
|     int f() { return 0; }
|     int g() noexcept { return 0; }
| 
|     static_assert(noexcept(f()) == false, "");
|     static_assert(noexcept(g()) == true, "");
| 
|   }
| 
|   namespace test_constexpr
|   {
| 
|     template < typename CharT >
|     unsigned long constexpr
|     strlen_c_r(const CharT *const s, const unsigned long acc) noexcept
|     {
|       return *s ? strlen_c_r(s + 1, acc + 1) : acc;
|     }
| 
|     template < typename CharT >
|     unsigned long constexpr
|     strlen_c(const CharT *const s) noexcept
|     {
|       return strlen_c_r(s, 0UL);
|     }
| 
|     static_assert(strlen_c("") == 0UL, "");
|     static_assert(strlen_c("1") == 1UL, "");
|     static_assert(strlen_c("example") == 7UL, "");
|     static_assert(strlen_c("another\0example") == 7UL, "");
| 
|   }
| 
|   namespace test_rvalue_references
|   {
| 
|     template < int N >
|     struct answer
|     {
|       static constexpr int value = N;
|     };
| 
|     answer<1> f(int&)       { return answer<1>(); }
|     answer<2> f(const int&) { return answer<2>(); }
|     answer<3> f(int&&)      { return answer<3>(); }
| 
|     void
|     test()
|     {
|       int i = 0;
|       const int c = 0;
|       static_assert(decltype(f(i))::value == 1, "");
|       static_assert(decltype(f(c))::value == 2, "");
|       static_assert(decltype(f(0))::value == 3, "");
|     }
| 
|   }
| 
|   namespace test_uniform_initialization
|   {
| 
|     struct test
|     {
|       static const int zero {};
|       static const int one {1};
|     };
| 
|     static_assert(test::zero == 0, "");
|     static_assert(test::one == 1, "");
| 
|   }
| 
|   namespace test_lambdas
|   {
| 
|     void
|     test1()
|     {
|       auto lambda1 = [](){};
|       auto lambda2 = lambda1;
|       lambda1();
|       lambda2();
|     }
| 
|     int
|     test2()
|     {
|       auto a = [](int i, int j){ return i + j; }(1, 2);
|       auto b = []() -> int { return '0'; }();
|       auto c = [=](){ return a + b; }();
|       auto d = [&](){ return c; }();
|       auto e = [a, &b](int x) mutable {
|         const auto identity = [](int y){ return y; };
|         for (auto i = 0; i < a; ++i)
|           a += b--;
|         return x + identity(a + b);
|       }(0);
|       return a + b + c + d + e;
|     }
| 
|     int
|     test3()
|     {
|       const auto nullary = [](){ return 0; };
|       const auto unary = [](int x){ return x; };
|       using nullary_t = decltype(nullary);
|       using unary_t = decltype(unary);
|       const auto higher1st = [](nullary_t f){ return f(); };
|       const auto higher2nd = [unary](nullary_t f1){
|         return [unary, f1](unary_t f2){ return f2(unary(f1())); };
|       };
|       return higher1st(nullary) + higher2nd(nullary)(unary);
|     }
| 
|   }
| 
|   namespace test_variadic_templates
|   {
| 
|     template <int...>
|     struct sum;
| 
|     template <int N0, int... N1toN>
|     struct sum<N0, N1toN...>
|     {
|       static constexpr auto value = N0 + sum<N1toN...>::value;
|     };
| 
|     template <>
|     struct sum<>
|     {
|       static constexpr auto value = 0;
|     };
| 
|     static_assert(sum<>::value == 0, "");
|     static_assert(sum<1>::value == 1, "");
|     static_assert(sum<23>::value == 23, "");
|     static_assert(sum<1, 2>::value == 3, "");
|     static_assert(sum<5, 5, 11>::value == 21, "");
|     static_assert(sum<2, 3, 5, 7, 11, 13>::value == 41, "");
| 
|   }
| 
|   // http://stackoverflow.com/questions/13728184/template-aliases-and-sfinae
|   // Clang 3.1 fails with headers of libstd++ 4.8.3 when using std::function
|   // because of this.
|   namespace test_template_alias_sfinae
|   {
| 
|     struct foo {};
| 
|     template<typename T>
|     using member = typename T::member_type;
| 
|     template<typename T>
|     void func(...) {}
| 
|     template<typename T>
|     void func(member<T>*) {}
| 
|     void test();
| 
|     void test() { func<foo>(0); }
| 
|   }
| 
| }  // namespace cxx11
| 
| #endif  // __cplusplus >= 201103L
| 
| 
| 
configure:4689: result: no
configure:4700: checking whether g++ supports C++11 features with -std=c++11
configure:4996: g++ -std=c++11 -c -g -O2 -I/home/kittie/ZENZO-Core/db4/include/ conftest.cpp >&5
configure:4996: $? = 0
configure:5005: result: yes
configure:5151: checking for Objective C++ compiler version
configure:5160: g++ -std=c++11 --version >&5
g++ (Ubuntu 5.4.0-6ubuntu1~16.04.10) 5.4.0 20160609
Copyright (C) 2015 Free Software Foundation, Inc.
This is free software; see the source for copying conditions.  There is NO
warranty; not even for MERCHANTABILITY or FITNESS FOR A PARTICULAR PURPOSE.

configure:5171: $? = 0
configure:5160: g++ -std=c++11 -v >&5
Using built-in specs.
COLLECT_GCC=g++
COLLECT_LTO_WRAPPER=/usr/lib/gcc/x86_64-linux-gnu/5/lto-wrapper
Target: x86_64-linux-gnu
Configured with: ../src/configure -v --with-pkgversion='Ubuntu 5.4.0-6ubuntu1~16.04.10' --with-bugurl=file:///usr/share/doc/gcc-5/README.Bugs --enable-languages=c,ada,c++,java,go,d,fortran,objc,obj-c++ --prefix=/usr --program-suffix=-5 --enable-shared --enable-linker-build-id --libexecdir=/usr/lib --without-included-gettext --enable-threads=posix --libdir=/usr/lib --enable-nls --with-sysroot=/ --enable-clocale=gnu --enable-libstdcxx-debug --enable-libstdcxx-time=yes --with-default-libstdcxx-abi=new --enable-gnu-unique-object --disable-vtable-verify --enable-libmpx --enable-plugin --with-system-zlib --disable-browser-plugin --enable-java-awt=gtk --enable-gtk-cairo --with-java-home=/usr/lib/jvm/java-1.5.0-gcj-5-amd64/jre --enable-java-home --with-jvm-root-dir=/usr/lib/jvm/java-1.5.0-gcj-5-amd64 --with-jvm-jar-dir=/usr/lib/jvm-exports/java-1.5.0-gcj-5-amd64 --with-arch-directory=amd64 --with-ecj-jar=/usr/share/java/eclipse-ecj.jar --enable-objc-gc --enable-multiarch --disable-werror --with-arch-32=i686 --with-abi=m64 --with-multilib-list=m32,m64,mx32 --enable-multilib --with-tune=generic --enable-checking=release --build=x86_64-linux-gnu --host=x86_64-linux-gnu --target=x86_64-linux-gnu
Thread model: posix
gcc version 5.4.0 20160609 (Ubuntu 5.4.0-6ubuntu1~16.04.10) 
configure:5171: $? = 0
configure:5160: g++ -std=c++11 -V >&5
g++: error: unrecognized command line option '-V'
g++: fatal error: no input files
compilation terminated.
configure:5171: $? = 1
configure:5160: g++ -std=c++11 -qversion >&5
g++: error: unrecognized command line option '-qversion'
g++: fatal error: no input files
compilation terminated.
configure:5171: $? = 1
configure:5175: checking whether we are using the GNU Objective C++ compiler
configure:5194: g++ -std=c++11 -c  -I/home/kittie/ZENZO-Core/db4/include/ conftest.mm >&5
g++: error trying to exec 'cc1objplus': execvp: No such file or directory
configure:5194: $? = 1
configure: failed program was:
| /* confdefs.h */
| #define PACKAGE_NAME "Zenzo Core"
| #define PACKAGE_TARNAME "zenzo"
| #define PACKAGE_VERSION "1.2.0"
| #define PACKAGE_STRING "Zenzo Core 1.2.0"
| #define PACKAGE_BUGREPORT "www.zenzo.io"
| #define PACKAGE_URL ""
| #define HAVE_CXX11 1
| /* end confdefs.h.  */
| 
| int
| main ()
| {
| #ifndef __GNUC__
|        choke me
| #endif
| 
|   ;
|   return 0;
| }
configure:5203: result: no
configure:5212: checking whether g++ -std=c++11 accepts -g
configure:5232: g++ -std=c++11 -c -g -I/home/kittie/ZENZO-Core/db4/include/ conftest.mm >&5
g++: error trying to exec 'cc1objplus': execvp: No such file or directory
configure:5232: $? = 1
configure: failed program was:
| /* confdefs.h */
| #define PACKAGE_NAME "Zenzo Core"
| #define PACKAGE_TARNAME "zenzo"
| #define PACKAGE_VERSION "1.2.0"
| #define PACKAGE_STRING "Zenzo Core 1.2.0"
| #define PACKAGE_BUGREPORT "www.zenzo.io"
| #define PACKAGE_URL ""
| #define HAVE_CXX11 1
| /* end confdefs.h.  */
| 
| int
| main ()
| {
| 
|   ;
|   return 0;
| }
configure:5247: g++ -std=c++11 -c  -I/home/kittie/ZENZO-Core/db4/include/ conftest.mm >&5
g++: error trying to exec 'cc1objplus': execvp: No such file or directory
configure:5247: $? = 1
configure: failed program was:
| /* confdefs.h */
| #define PACKAGE_NAME "Zenzo Core"
| #define PACKAGE_TARNAME "zenzo"
| #define PACKAGE_VERSION "1.2.0"
| #define PACKAGE_STRING "Zenzo Core 1.2.0"
| #define PACKAGE_BUGREPORT "www.zenzo.io"
| #define PACKAGE_URL ""
| #define HAVE_CXX11 1
| /* end confdefs.h.  */
| 
| int
| main ()
| {
| 
|   ;
|   return 0;
| }
configure:5263: g++ -std=c++11 -c -g -I/home/kittie/ZENZO-Core/db4/include/ conftest.mm >&5
g++: error trying to exec 'cc1objplus': execvp: No such file or directory
configure:5263: $? = 1
configure: failed program was:
| /* confdefs.h */
| #define PACKAGE_NAME "Zenzo Core"
| #define PACKAGE_TARNAME "zenzo"
| #define PACKAGE_VERSION "1.2.0"
| #define PACKAGE_STRING "Zenzo Core 1.2.0"
| #define PACKAGE_BUGREPORT "www.zenzo.io"
| #define PACKAGE_URL ""
| #define HAVE_CXX11 1
| /* end confdefs.h.  */
| 
| int
| main ()
| {
| 
|   ;
|   return 0;
| }
configure:5273: result: no
configure:5298: checking dependency style of g++ -std=c++11
configure:5407: result: gcc3
configure:5470: checking how to print strings
configure:5497: result: printf
configure:5566: checking for gcc
configure:5582: found /usr/bin/gcc
configure:5593: result: gcc
configure:5822: checking for C compiler version
configure:5831: gcc --version >&5
gcc (Ubuntu 5.4.0-6ubuntu1~16.04.10) 5.4.0 20160609
Copyright (C) 2015 Free Software Foundation, Inc.
This is free software; see the source for copying conditions.  There is NO
warranty; not even for MERCHANTABILITY or FITNESS FOR A PARTICULAR PURPOSE.

configure:5842: $? = 0
configure:5831: gcc -v >&5
Using built-in specs.
COLLECT_GCC=gcc
COLLECT_LTO_WRAPPER=/usr/lib/gcc/x86_64-linux-gnu/5/lto-wrapper
Target: x86_64-linux-gnu
Configured with: ../src/configure -v --with-pkgversion='Ubuntu 5.4.0-6ubuntu1~16.04.10' --with-bugurl=file:///usr/share/doc/gcc-5/README.Bugs --enable-languages=c,ada,c++,java,go,d,fortran,objc,obj-c++ --prefix=/usr --program-suffix=-5 --enable-shared --enable-linker-build-id --libexecdir=/usr/lib --without-included-gettext --enable-threads=posix --libdir=/usr/lib --enable-nls --with-sysroot=/ --enable-clocale=gnu --enable-libstdcxx-debug --enable-libstdcxx-time=yes --with-default-libstdcxx-abi=new --enable-gnu-unique-object --disable-vtable-verify --enable-libmpx --enable-plugin --with-system-zlib --disable-browser-plugin --enable-java-awt=gtk --enable-gtk-cairo --with-java-home=/usr/lib/jvm/java-1.5.0-gcj-5-amd64/jre --enable-java-home --with-jvm-root-dir=/usr/lib/jvm/java-1.5.0-gcj-5-amd64 --with-jvm-jar-dir=/usr/lib/jvm-exports/java-1.5.0-gcj-5-amd64 --with-arch-directory=amd64 --with-ecj-jar=/usr/share/java/eclipse-ecj.jar --enable-objc-gc --enable-multiarch --disable-werror --with-arch-32=i686 --with-abi=m64 --with-multilib-list=m32,m64,mx32 --enable-multilib --with-tune=generic --enable-checking=release --build=x86_64-linux-gnu --host=x86_64-linux-gnu --target=x86_64-linux-gnu
Thread model: posix
gcc version 5.4.0 20160609 (Ubuntu 5.4.0-6ubuntu1~16.04.10) 
configure:5842: $? = 0
configure:5831: gcc -V >&5
gcc: error: unrecognized command line option '-V'
gcc: fatal error: no input files
compilation terminated.
configure:5842: $? = 1
configure:5831: gcc -qversion >&5
gcc: error: unrecognized command line option '-qversion'
gcc: fatal error: no input files
compilation terminated.
configure:5842: $? = 1
configure:5846: checking whether we are using the GNU C compiler
configure:5865: gcc -c  -I/home/kittie/ZENZO-Core/db4/include/ conftest.c >&5
configure:5865: $? = 0
configure:5874: result: yes
configure:5883: checking whether gcc accepts -g
configure:5903: gcc -c -g -I/home/kittie/ZENZO-Core/db4/include/ conftest.c >&5
configure:5903: $? = 0
configure:5944: result: yes
configure:5961: checking for gcc option to accept ISO C89
configure:6024: gcc  -c -g -O2 -I/home/kittie/ZENZO-Core/db4/include/ conftest.c >&5
configure:6024: $? = 0
configure:6037: result: none needed
configure:6062: checking whether gcc understands -c and -o together
configure:6084: gcc -c conftest.c -o conftest2.o
configure:6087: $? = 0
configure:6084: gcc -c conftest.c -o conftest2.o
configure:6087: $? = 0
configure:6099: result: yes
configure:6118: checking dependency style of gcc
configure:6229: result: gcc3
configure:6244: checking for a sed that does not truncate output
configure:6308: result: /bin/sed
configure:6326: checking for grep that handles long lines and -e
configure:6384: result: /bin/grep
configure:6389: checking for egrep
configure:6451: result: /bin/grep -E
configure:6456: checking for fgrep
configure:6518: result: /bin/grep -F
configure:6553: checking for ld used by gcc
configure:6620: result: /usr/bin/ld
configure:6627: checking if the linker (/usr/bin/ld) is GNU ld
configure:6642: result: yes
configure:6654: checking for BSD- or MS-compatible name lister (nm)
configure:6708: result: /usr/bin/nm -B
configure:6838: checking the name lister (/usr/bin/nm -B) interface
configure:6845: gcc -c -g -O2 -I/home/kittie/ZENZO-Core/db4/include/ conftest.c >&5
configure:6848: /usr/bin/nm -B "conftest.o"
configure:6851: output
0000000000000000 B some_variable
configure:6858: result: BSD nm
configure:6861: checking whether ln -s works
configure:6865: result: yes
configure:6873: checking the maximum length of command line arguments
configure:7004: result: 1572864
configure:7052: checking how to convert x86_64-pc-linux-gnu file names to x86_64-pc-linux-gnu format
configure:7092: result: func_convert_file_noop
configure:7099: checking how to convert x86_64-pc-linux-gnu file names to toolchain format
configure:7119: result: func_convert_file_noop
configure:7126: checking for /usr/bin/ld option to reload object files
configure:7133: result: -r
configure:7207: checking for objdump
configure:7223: found /usr/bin/objdump
configure:7234: result: objdump
configure:7266: checking how to recognize dependent libraries
configure:7466: result: pass_all
configure:7551: checking for dlltool
configure:7581: result: no
configure:7611: checking how to associate runtime and link libraries
configure:7638: result: printf %s\n
configure:7699: checking for ar
configure:7715: found /usr/bin/ar
configure:7726: result: ar
configure:7763: checking for archiver @FILE support
configure:7780: gcc -c -g -O2 -I/home/kittie/ZENZO-Core/db4/include/ conftest.c >&5
configure:7780: $? = 0
configure:7783: ar cru libconftest.a @conftest.lst >&5
ar: `u' modifier ignored since `D' is the default (see `U')
configure:7786: $? = 0
configure:7791: ar cru libconftest.a @conftest.lst >&5
ar: `u' modifier ignored since `D' is the default (see `U')
ar: conftest.o: No such file or directory
configure:7794: $? = 1
configure:7806: result: @
configure:7864: checking for strip
configure:7880: found /usr/bin/strip
configure:7891: result: strip
configure:7963: checking for ranlib
configure:7979: found /usr/bin/ranlib
configure:7990: result: ranlib
configure:8092: checking command to parse /usr/bin/nm -B output from gcc object
configure:8245: gcc -c -g -O2 -I/home/kittie/ZENZO-Core/db4/include/ conftest.c >&5
configure:8248: $? = 0
configure:8252: /usr/bin/nm -B conftest.o \| sed -n -e 's/^.*[ ]\([ABCDGIRSTW][ABCDGIRSTW]*\)[ ][ ]*\([_A-Za-z][_A-Za-z0-9]*\)$/\1 \2 \2/p' | sed '/ __gnu_lto/d' \> conftest.nm
configure:8255: $? = 0
configure:8321: gcc -o conftest -g -O2 -I/home/kittie/ZENZO-Core/db4/include/ -L/home/kittie/ZENZO-Core/db4/lib/ conftest.c conftstm.o >&5
configure:8324: $? = 0
configure:8362: result: ok
configure:8409: checking for sysroot
configure:8439: result: no
configure:8446: checking for a working dd
configure:8484: result: /bin/dd
configure:8488: checking how to truncate binary pipes
configure:8503: result: /bin/dd bs=4096 count=1
configure:8639: gcc -c -g -O2 -I/home/kittie/ZENZO-Core/db4/include/ conftest.c >&5
configure:8642: $? = 0
configure:8832: checking for mt
configure:8848: found /bin/mt
configure:8859: result: mt
configure:8882: checking if mt is a manifest tool
configure:8888: mt '-?'
configure:8896: result: no
configure:9573: checking how to run the C preprocessor
configure:9604: gcc -E -I/home/kittie/ZENZO-Core/db4/include/ conftest.c
configure:9604: $? = 0
configure:9618: gcc -E -I/home/kittie/ZENZO-Core/db4/include/ conftest.c
conftest.c:10:28: fatal error: ac_nonexistent.h: No such file or directory
compilation terminated.
configure:9618: $? = 1
configure: failed program was:
| /* confdefs.h */
| #define PACKAGE_NAME "Zenzo Core"
| #define PACKAGE_TARNAME "zenzo"
| #define PACKAGE_VERSION "1.2.0"
| #define PACKAGE_STRING "Zenzo Core 1.2.0"
| #define PACKAGE_BUGREPORT "www.zenzo.io"
| #define PACKAGE_URL ""
| #define HAVE_CXX11 1
| /* end confdefs.h.  */
| #include <ac_nonexistent.h>
configure:9643: result: gcc -E
configure:9663: gcc -E -I/home/kittie/ZENZO-Core/db4/include/ conftest.c
configure:9663: $? = 0
configure:9677: gcc -E -I/home/kittie/ZENZO-Core/db4/include/ conftest.c
conftest.c:10:28: fatal error: ac_nonexistent.h: No such file or directory
compilation terminated.
configure:9677: $? = 1
configure: failed program was:
| /* confdefs.h */
| #define PACKAGE_NAME "Zenzo Core"
| #define PACKAGE_TARNAME "zenzo"
| #define PACKAGE_VERSION "1.2.0"
| #define PACKAGE_STRING "Zenzo Core 1.2.0"
| #define PACKAGE_BUGREPORT "www.zenzo.io"
| #define PACKAGE_URL ""
| #define HAVE_CXX11 1
| /* end confdefs.h.  */
| #include <ac_nonexistent.h>
configure:9706: checking for ANSI C header files
configure:9726: gcc -c -g -O2 -I/home/kittie/ZENZO-Core/db4/include/ conftest.c >&5
configure:9726: $? = 0
configure:9799: gcc -o conftest -g -O2 -I/home/kittie/ZENZO-Core/db4/include/ -L/home/kittie/ZENZO-Core/db4/lib/ conftest.c  >&5
configure:9799: $? = 0
configure:9799: ./conftest
configure:9799: $? = 0
configure:9810: result: yes
configure:9823: checking for sys/types.h
configure:9823: gcc -c -g -O2 -I/home/kittie/ZENZO-Core/db4/include/ conftest.c >&5
configure:9823: $? = 0
configure:9823: result: yes
configure:9823: checking for sys/stat.h
configure:9823: gcc -c -g -O2 -I/home/kittie/ZENZO-Core/db4/include/ conftest.c >&5
configure:9823: $? = 0
configure:9823: result: yes
configure:9823: checking for stdlib.h
configure:9823: gcc -c -g -O2 -I/home/kittie/ZENZO-Core/db4/include/ conftest.c >&5
configure:9823: $? = 0
configure:9823: result: yes
configure:9823: checking for string.h
configure:9823: gcc -c -g -O2 -I/home/kittie/ZENZO-Core/db4/include/ conftest.c >&5
configure:9823: $? = 0
configure:9823: result: yes
configure:9823: checking for memory.h
configure:9823: gcc -c -g -O2 -I/home/kittie/ZENZO-Core/db4/include/ conftest.c >&5
configure:9823: $? = 0
configure:9823: result: yes
configure:9823: checking for strings.h
configure:9823: gcc -c -g -O2 -I/home/kittie/ZENZO-Core/db4/include/ conftest.c >&5
configure:9823: $? = 0
configure:9823: result: yes
configure:9823: checking for inttypes.h
configure:9823: gcc -c -g -O2 -I/home/kittie/ZENZO-Core/db4/include/ conftest.c >&5
configure:9823: $? = 0
configure:9823: result: yes
configure:9823: checking for stdint.h
configure:9823: gcc -c -g -O2 -I/home/kittie/ZENZO-Core/db4/include/ conftest.c >&5
configure:9823: $? = 0
configure:9823: result: yes
configure:9823: checking for unistd.h
configure:9823: gcc -c -g -O2 -I/home/kittie/ZENZO-Core/db4/include/ conftest.c >&5
configure:9823: $? = 0
configure:9823: result: yes
configure:9837: checking for dlfcn.h
configure:9837: gcc -c -g -O2 -I/home/kittie/ZENZO-Core/db4/include/ conftest.c >&5
configure:9837: $? = 0
configure:9837: result: yes
configure:10102: checking for objdir
configure:10117: result: .libs
configure:10381: checking if gcc supports -fno-rtti -fno-exceptions
configure:10399: gcc -c -g -O2 -I/home/kittie/ZENZO-Core/db4/include/ -fno-rtti -fno-exceptions conftest.c >&5
cc1: warning: command line option '-fno-rtti' is valid for C++/ObjC++ but not for C
configure:10403: $? = 0
configure:10416: result: no
configure:10774: checking for gcc option to produce PIC
configure:10781: result: -fPIC -DPIC
configure:10789: checking if gcc PIC flag -fPIC -DPIC works
configure:10807: gcc -c -g -O2 -I/home/kittie/ZENZO-Core/db4/include/ -fPIC -DPIC -DPIC conftest.c >&5
configure:10811: $? = 0
configure:10824: result: yes
configure:10853: checking if gcc static flag -static works
configure:10881: result: yes
configure:10896: checking if gcc supports -c -o file.o
configure:10917: gcc -c -g -O2 -I/home/kittie/ZENZO-Core/db4/include/ -o out/conftest2.o conftest.c >&5
configure:10921: $? = 0
configure:10943: result: yes
configure:10951: checking if gcc supports -c -o file.o
configure:10998: result: yes
configure:11031: checking whether the gcc linker (/usr/bin/ld -m elf_x86_64) supports shared libraries
configure:12294: result: yes
configure:12534: checking dynamic linker characteristics
configure:13115: gcc -o conftest -g -O2 -I/home/kittie/ZENZO-Core/db4/include/ -L/home/kittie/ZENZO-Core/db4/lib/ -Wl,-rpath -Wl,/foo conftest.c  >&5
configure:13115: $? = 0
configure:13364: result: GNU/Linux ld.so
configure:13486: checking how to hardcode library paths into programs
configure:13511: result: immediate
configure:14059: checking whether stripping libraries is possible
configure:14064: result: yes
configure:14099: checking if libtool supports shared libraries
configure:14101: result: yes
configure:14104: checking whether to build shared libraries
configure:14129: result: no
configure:14132: checking whether to build static libraries
configure:14136: result: yes
configure:14159: checking how to run the C++ preprocessor
configure:14186: g++ -std=c++11 -E -I/home/kittie/ZENZO-Core/db4/include/ conftest.cpp
configure:14186: $? = 0
configure:14200: g++ -std=c++11 -E -I/home/kittie/ZENZO-Core/db4/include/ conftest.cpp
conftest.cpp:22:28: fatal error: ac_nonexistent.h: No such file or directory
compilation terminated.
configure:14200: $? = 1
configure: failed program was:
| /* confdefs.h */
| #define PACKAGE_NAME "Zenzo Core"
| #define PACKAGE_TARNAME "zenzo"
| #define PACKAGE_VERSION "1.2.0"
| #define PACKAGE_STRING "Zenzo Core 1.2.0"
| #define PACKAGE_BUGREPORT "www.zenzo.io"
| #define PACKAGE_URL ""
| #define HAVE_CXX11 1
| #define STDC_HEADERS 1
| #define HAVE_SYS_TYPES_H 1
| #define HAVE_SYS_STAT_H 1
| #define HAVE_STDLIB_H 1
| #define HAVE_STRING_H 1
| #define HAVE_MEMORY_H 1
| #define HAVE_STRINGS_H 1
| #define HAVE_INTTYPES_H 1
| #define HAVE_STDINT_H 1
| #define HAVE_UNISTD_H 1
| #define HAVE_DLFCN_H 1
| #define LT_OBJDIR ".libs/"
| /* end confdefs.h.  */
| #include <ac_nonexistent.h>
configure:14225: result: g++ -std=c++11 -E
configure:14245: g++ -std=c++11 -E -I/home/kittie/ZENZO-Core/db4/include/ conftest.cpp
configure:14245: $? = 0
configure:14259: g++ -std=c++11 -E -I/home/kittie/ZENZO-Core/db4/include/ conftest.cpp
conftest.cpp:22:28: fatal error: ac_nonexistent.h: No such file or directory
compilation terminated.
configure:14259: $? = 1
configure: failed program was:
| /* confdefs.h */
| #define PACKAGE_NAME "Zenzo Core"
| #define PACKAGE_TARNAME "zenzo"
| #define PACKAGE_VERSION "1.2.0"
| #define PACKAGE_STRING "Zenzo Core 1.2.0"
| #define PACKAGE_BUGREPORT "www.zenzo.io"
| #define PACKAGE_URL ""
| #define HAVE_CXX11 1
| #define STDC_HEADERS 1
| #define HAVE_SYS_TYPES_H 1
| #define HAVE_SYS_STAT_H 1
| #define HAVE_STDLIB_H 1
| #define HAVE_STRING_H 1
| #define HAVE_MEMORY_H 1
| #define HAVE_STRINGS_H 1
| #define HAVE_INTTYPES_H 1
| #define HAVE_STDINT_H 1
| #define HAVE_UNISTD_H 1
| #define HAVE_DLFCN_H 1
| #define LT_OBJDIR ".libs/"
| /* end confdefs.h.  */
| #include <ac_nonexistent.h>
configure:14421: checking for ld used by g++ -std=c++11
configure:14488: result: /usr/bin/ld -m elf_x86_64
configure:14495: checking if the linker (/usr/bin/ld -m elf_x86_64) is GNU ld
configure:14510: result: yes
configure:14565: checking whether the g++ -std=c++11 linker (/usr/bin/ld -m elf_x86_64) supports shared libraries
configure:15638: result: yes
configure:15674: g++ -std=c++11 -c -g -O2 -I/home/kittie/ZENZO-Core/db4/include/ conftest.cpp >&5
configure:15677: $? = 0
configure:16158: checking for g++ -std=c++11 option to produce PIC
configure:16165: result: -fPIC -DPIC
configure:16173: checking if g++ -std=c++11 PIC flag -fPIC -DPIC works
configure:16191: g++ -std=c++11 -c -g -O2 -I/home/kittie/ZENZO-Core/db4/include/ -fPIC -DPIC -DPIC conftest.cpp >&5
configure:16195: $? = 0
configure:16208: result: yes
configure:16231: checking if g++ -std=c++11 static flag -static works
configure:16259: result: yes
configure:16271: checking if g++ -std=c++11 supports -c -o file.o
configure:16292: g++ -std=c++11 -c -g -O2 -I/home/kittie/ZENZO-Core/db4/include/ -o out/conftest2.o conftest.cpp >&5
configure:16296: $? = 0
configure:16318: result: yes
configure:16323: checking if g++ -std=c++11 supports -c -o file.o
configure:16370: result: yes
configure:16400: checking whether the g++ -std=c++11 linker (/usr/bin/ld -m elf_x86_64) supports shared libraries
configure:16443: result: yes
configure:16584: checking dynamic linker characteristics
configure:17341: result: GNU/Linux ld.so
configure:17406: checking how to hardcode library paths into programs
configure:17431: result: immediate
configure:17539: checking for ar
configure:17557: found /usr/bin/ar
configure:17569: result: /usr/bin/ar
configure:17637: checking for ranlib
configure:17655: found /usr/bin/ranlib
configure:17667: result: /usr/bin/ranlib
configure:17735: checking for strip
configure:17753: found /usr/bin/strip
configure:17765: result: /usr/bin/strip
configure:17833: checking for gcov
configure:17851: found /usr/bin/gcov
configure:17863: result: /usr/bin/gcov
configure:17887: checking for lcov
configure:17920: result: no
configure:17927: checking for java
configure:17960: result: no
configure:17969: checking for python3
configure:17987: found /usr/bin/python3
configure:17999: result: /usr/bin/python3
configure:18012: checking for genhtml
configure:18045: result: no
configure:18052: checking for git
configure:18070: found /usr/bin/git
configure:18082: result: /usr/bin/git
configure:18092: checking for ccache
configure:18125: result: no
configure:18132: checking for xgettext
configure:18150: found /usr/bin/xgettext
configure:18162: result: /usr/bin/xgettext
configure:18172: checking for hexdump
configure:18190: found /usr/bin/hexdump
configure:18202: result: /usr/bin/hexdump
configure:18256: checking for readelf
configure:18274: found /usr/bin/readelf
configure:18286: result: /usr/bin/readelf
configure:18354: checking for c++filt
configure:18372: found /usr/bin/c++filt
configure:18384: result: /usr/bin/c++filt
configure:18452: checking for objcopy
configure:18470: found /usr/bin/objcopy
configure:18482: result: /usr/bin/objcopy
configure:20320: checking for pkg-config
configure:20338: found /usr/bin/pkg-config
configure:20350: result: /usr/bin/pkg-config
configure:20375: checking pkg-config is at least version 0.9.0
configure:20378: result: yes
configure:20462: checking whether byte ordering is bigendian
configure:20477: g++ -std=c++11 -c -g -O2 -Wall -Wextra -Wformat -Wformat-security -Wno-unused-parameter -I/home/kittie/ZENZO-Core/db4/include/ -DBOOST_SPIRIT_THREADSAFE -DHAVE_BUILD_INFO -D__STDC_FORMAT_MACROS conftest.cpp >&5
conftest.cpp:23:9: error: expected unqualified-id before 'not' token
         not a universal capable compiler
         ^
configure:20477: $? = 1
configure: failed program was:
| /* confdefs.h */
| #define PACKAGE_NAME "Zenzo Core"
| #define PACKAGE_TARNAME "zenzo"
| #define PACKAGE_VERSION "1.2.0"
| #define PACKAGE_STRING "Zenzo Core 1.2.0"
| #define PACKAGE_BUGREPORT "www.zenzo.io"
| #define PACKAGE_URL ""
| #define HAVE_CXX11 1
| #define STDC_HEADERS 1
| #define HAVE_SYS_TYPES_H 1
| #define HAVE_SYS_STAT_H 1
| #define HAVE_STDLIB_H 1
| #define HAVE_STRING_H 1
| #define HAVE_MEMORY_H 1
| #define HAVE_STRINGS_H 1
| #define HAVE_INTTYPES_H 1
| #define HAVE_STDINT_H 1
| #define HAVE_UNISTD_H 1
| #define HAVE_DLFCN_H 1
| #define LT_OBJDIR ".libs/"
| /* end confdefs.h.  */
| #ifndef __APPLE_CC__
| 	       not a universal capable compiler
| 	     #endif
| 	     typedef int dummy;
| 
configure:20522: g++ -std=c++11 -c -g -O2 -Wall -Wextra -Wformat -Wformat-security -Wno-unused-parameter -I/home/kittie/ZENZO-Core/db4/include/ -DBOOST_SPIRIT_THREADSAFE -DHAVE_BUILD_INFO -D__STDC_FORMAT_MACROS conftest.cpp >&5
configure:20522: $? = 0
configure:20540: g++ -std=c++11 -c -g -O2 -Wall -Wextra -Wformat -Wformat-security -Wno-unused-parameter -I/home/kittie/ZENZO-Core/db4/include/ -DBOOST_SPIRIT_THREADSAFE -DHAVE_BUILD_INFO -D__STDC_FORMAT_MACROS conftest.cpp >&5
conftest.cpp: In function 'int main()':
conftest.cpp:29:8: error: 'big' was not declared in this scope
    not big endian
        ^
configure:20540: $? = 1
configure: failed program was:
| /* confdefs.h */
| #define PACKAGE_NAME "Zenzo Core"
| #define PACKAGE_TARNAME "zenzo"
| #define PACKAGE_VERSION "1.2.0"
| #define PACKAGE_STRING "Zenzo Core 1.2.0"
| #define PACKAGE_BUGREPORT "www.zenzo.io"
| #define PACKAGE_URL ""
| #define HAVE_CXX11 1
| #define STDC_HEADERS 1
| #define HAVE_SYS_TYPES_H 1
| #define HAVE_SYS_STAT_H 1
| #define HAVE_STDLIB_H 1
| #define HAVE_STRING_H 1
| #define HAVE_MEMORY_H 1
| #define HAVE_STRINGS_H 1
| #define HAVE_INTTYPES_H 1
| #define HAVE_STDINT_H 1
| #define HAVE_UNISTD_H 1
| #define HAVE_DLFCN_H 1
| #define LT_OBJDIR ".libs/"
| /* end confdefs.h.  */
| #include <sys/types.h>
| 		#include <sys/param.h>
| 
| int
| main ()
| {
| #if BYTE_ORDER != BIG_ENDIAN
| 		 not big endian
| 		#endif
| 
|   ;
|   return 0;
| }
configure:20668: result: no
configure:20798: checking if compiler needs -Werror to reject unknown flags
configure:20814: gcc -c -g -O2 -Werror -Wunknown-warning-option -Wsizeof-array-argument -I/home/kittie/ZENZO-Core/db4/include/ -DBOOST_SPIRIT_THREADSAFE -DHAVE_BUILD_INFO -D__STDC_FORMAT_MACROS conftest.c >&5
gcc: error: unrecognized command line option '-Wunknown-warning-option'
configure:20814: $? = 1
configure: failed program was:
| /* confdefs.h */
| #define PACKAGE_NAME "Zenzo Core"
| #define PACKAGE_TARNAME "zenzo"
| #define PACKAGE_VERSION "1.2.0"
| #define PACKAGE_STRING "Zenzo Core 1.2.0"
| #define PACKAGE_BUGREPORT "www.zenzo.io"
| #define PACKAGE_URL ""
| #define HAVE_CXX11 1
| #define STDC_HEADERS 1
| #define HAVE_SYS_TYPES_H 1
| #define HAVE_SYS_STAT_H 1
| #define HAVE_STDLIB_H 1
| #define HAVE_STRING_H 1
| #define HAVE_MEMORY_H 1
| #define HAVE_STRINGS_H 1
| #define HAVE_INTTYPES_H 1
| #define HAVE_STDINT_H 1
| #define HAVE_UNISTD_H 1
| #define HAVE_DLFCN_H 1
| #define LT_OBJDIR ".libs/"
| /* end confdefs.h.  */
| int foo(void);
| int
| main ()
| {
| foo()
|   ;
|   return 0;
| }
configure:20819: result: no
configure:20885: checking for the pthreads library -lpthreads
configure:20923: gcc -o conftest -g -O2   -I/home/kittie/ZENZO-Core/db4/include/ -DBOOST_SPIRIT_THREADSAFE -DHAVE_BUILD_INFO -D__STDC_FORMAT_MACROS -L/home/kittie/ZENZO-Core/db4/lib/ conftest.c -lpthreads  >&5
/usr/bin/ld: cannot find -lpthreads
collect2: error: ld returned 1 exit status
configure:20923: $? = 1
configure: failed program was:
| /* confdefs.h */
| #define PACKAGE_NAME "Zenzo Core"
| #define PACKAGE_TARNAME "zenzo"
| #define PACKAGE_VERSION "1.2.0"
| #define PACKAGE_STRING "Zenzo Core 1.2.0"
| #define PACKAGE_BUGREPORT "www.zenzo.io"
| #define PACKAGE_URL ""
| #define HAVE_CXX11 1
| #define STDC_HEADERS 1
| #define HAVE_SYS_TYPES_H 1
| #define HAVE_SYS_STAT_H 1
| #define HAVE_STDLIB_H 1
| #define HAVE_STRING_H 1
| #define HAVE_MEMORY_H 1
| #define HAVE_STRINGS_H 1
| #define HAVE_INTTYPES_H 1
| #define HAVE_STDINT_H 1
| #define HAVE_UNISTD_H 1
| #define HAVE_DLFCN_H 1
| #define LT_OBJDIR ".libs/"
| /* end confdefs.h.  */
| #include <pthread.h>
|                         static void routine(void *a) { a = 0; }
|                         static void *start_routine(void *a) { return a; }
| int
| main ()
| {
| pthread_t th; pthread_attr_t attr;
|                         pthread_create(&th, 0, start_routine, 0);
|                         pthread_join(th, 0);
|                         pthread_attr_init(&attr);
|                         pthread_cleanup_push(routine, 0);
|                         pthread_cleanup_pop(0) /* ; */
|   ;
|   return 0;
| }
configure:20932: result: no
configure:20830: checking whether pthreads work without any flags
configure:20923: gcc -o conftest -g -O2   -I/home/kittie/ZENZO-Core/db4/include/ -DBOOST_SPIRIT_THREADSAFE -DHAVE_BUILD_INFO -D__STDC_FORMAT_MACROS -L/home/kittie/ZENZO-Core/db4/lib/ conftest.c   >&5
/tmp/ccC1IBFH.o: In function `main':
/home/kittie/ZENZO-Core/conftest.c:29: undefined reference to `pthread_create'
/home/kittie/ZENZO-Core/conftest.c:30: undefined reference to `pthread_join'
/home/kittie/ZENZO-Core/conftest.c:32: undefined reference to `__pthread_register_cancel'
/home/kittie/ZENZO-Core/conftest.c:33: undefined reference to `__pthread_unregister_cancel'
collect2: error: ld returned 1 exit status
configure:20923: $? = 1
configure: failed program was:
| /* confdefs.h */
| #define PACKAGE_NAME "Zenzo Core"
| #define PACKAGE_TARNAME "zenzo"
| #define PACKAGE_VERSION "1.2.0"
| #define PACKAGE_STRING "Zenzo Core 1.2.0"
| #define PACKAGE_BUGREPORT "www.zenzo.io"
| #define PACKAGE_URL ""
| #define HAVE_CXX11 1
| #define STDC_HEADERS 1
| #define HAVE_SYS_TYPES_H 1
| #define HAVE_SYS_STAT_H 1
| #define HAVE_STDLIB_H 1
| #define HAVE_STRING_H 1
| #define HAVE_MEMORY_H 1
| #define HAVE_STRINGS_H 1
| #define HAVE_INTTYPES_H 1
| #define HAVE_STDINT_H 1
| #define HAVE_UNISTD_H 1
| #define HAVE_DLFCN_H 1
| #define LT_OBJDIR ".libs/"
| /* end confdefs.h.  */
| #include <pthread.h>
|                         static void routine(void *a) { a = 0; }
|                         static void *start_routine(void *a) { return a; }
| int
| main ()
| {
| pthread_t th; pthread_attr_t attr;
|                         pthread_create(&th, 0, start_routine, 0);
|                         pthread_join(th, 0);
|                         pthread_attr_init(&attr);
|                         pthread_cleanup_push(routine, 0);
|                         pthread_cleanup_pop(0) /* ; */
|   ;
|   return 0;
| }
configure:20932: result: no
configure:20835: checking whether pthreads work with -Kthread
configure:20923: gcc -o conftest -g -O2 -Kthread  -I/home/kittie/ZENZO-Core/db4/include/ -DBOOST_SPIRIT_THREADSAFE -DHAVE_BUILD_INFO -D__STDC_FORMAT_MACROS -L/home/kittie/ZENZO-Core/db4/lib/ conftest.c   >&5
gcc: error: unrecognized command line option '-Kthread'
configure:20923: $? = 1
configure: failed program was:
| /* confdefs.h */
| #define PACKAGE_NAME "Zenzo Core"
| #define PACKAGE_TARNAME "zenzo"
| #define PACKAGE_VERSION "1.2.0"
| #define PACKAGE_STRING "Zenzo Core 1.2.0"
| #define PACKAGE_BUGREPORT "www.zenzo.io"
| #define PACKAGE_URL ""
| #define HAVE_CXX11 1
| #define STDC_HEADERS 1
| #define HAVE_SYS_TYPES_H 1
| #define HAVE_SYS_STAT_H 1
| #define HAVE_STDLIB_H 1
| #define HAVE_STRING_H 1
| #define HAVE_MEMORY_H 1
| #define HAVE_STRINGS_H 1
| #define HAVE_INTTYPES_H 1
| #define HAVE_STDINT_H 1
| #define HAVE_UNISTD_H 1
| #define HAVE_DLFCN_H 1
| #define LT_OBJDIR ".libs/"
| /* end confdefs.h.  */
| #include <pthread.h>
|                         static void routine(void *a) { a = 0; }
|                         static void *start_routine(void *a) { return a; }
| int
| main ()
| {
| pthread_t th; pthread_attr_t attr;
|                         pthread_create(&th, 0, start_routine, 0);
|                         pthread_join(th, 0);
|                         pthread_attr_init(&attr);
|                         pthread_cleanup_push(routine, 0);
|                         pthread_cleanup_pop(0) /* ; */
|   ;
|   return 0;
| }
configure:20932: result: no
configure:20835: checking whether pthreads work with -kthread
configure:20923: gcc -o conftest -g -O2 -kthread  -I/home/kittie/ZENZO-Core/db4/include/ -DBOOST_SPIRIT_THREADSAFE -DHAVE_BUILD_INFO -D__STDC_FORMAT_MACROS -L/home/kittie/ZENZO-Core/db4/lib/ conftest.c   >&5
gcc: error: unrecognized command line option '-kthread'
configure:20923: $? = 1
configure: failed program was:
| /* confdefs.h */
| #define PACKAGE_NAME "Zenzo Core"
| #define PACKAGE_TARNAME "zenzo"
| #define PACKAGE_VERSION "1.2.0"
| #define PACKAGE_STRING "Zenzo Core 1.2.0"
| #define PACKAGE_BUGREPORT "www.zenzo.io"
| #define PACKAGE_URL ""
| #define HAVE_CXX11 1
| #define STDC_HEADERS 1
| #define HAVE_SYS_TYPES_H 1
| #define HAVE_SYS_STAT_H 1
| #define HAVE_STDLIB_H 1
| #define HAVE_STRING_H 1
| #define HAVE_MEMORY_H 1
| #define HAVE_STRINGS_H 1
| #define HAVE_INTTYPES_H 1
| #define HAVE_STDINT_H 1
| #define HAVE_UNISTD_H 1
| #define HAVE_DLFCN_H 1
| #define LT_OBJDIR ".libs/"
| /* end confdefs.h.  */
| #include <pthread.h>
|                         static void routine(void *a) { a = 0; }
|                         static void *start_routine(void *a) { return a; }
| int
| main ()
| {
| pthread_t th; pthread_attr_t attr;
|                         pthread_create(&th, 0, start_routine, 0);
|                         pthread_join(th, 0);
|                         pthread_attr_init(&attr);
|                         pthread_cleanup_push(routine, 0);
|                         pthread_cleanup_pop(0) /* ; */
|   ;
|   return 0;
| }
configure:20932: result: no
configure:20885: checking for the pthreads library -llthread
configure:20923: gcc -o conftest -g -O2   -I/home/kittie/ZENZO-Core/db4/include/ -DBOOST_SPIRIT_THREADSAFE -DHAVE_BUILD_INFO -D__STDC_FORMAT_MACROS -L/home/kittie/ZENZO-Core/db4/lib/ conftest.c -llthread  >&5
/usr/bin/ld: cannot find -llthread
collect2: error: ld returned 1 exit status
configure:20923: $? = 1
configure: failed program was:
| /* confdefs.h */
| #define PACKAGE_NAME "Zenzo Core"
| #define PACKAGE_TARNAME "zenzo"
| #define PACKAGE_VERSION "1.2.0"
| #define PACKAGE_STRING "Zenzo Core 1.2.0"
| #define PACKAGE_BUGREPORT "www.zenzo.io"
| #define PACKAGE_URL ""
| #define HAVE_CXX11 1
| #define STDC_HEADERS 1
| #define HAVE_SYS_TYPES_H 1
| #define HAVE_SYS_STAT_H 1
| #define HAVE_STDLIB_H 1
| #define HAVE_STRING_H 1
| #define HAVE_MEMORY_H 1
| #define HAVE_STRINGS_H 1
| #define HAVE_INTTYPES_H 1
| #define HAVE_STDINT_H 1
| #define HAVE_UNISTD_H 1
| #define HAVE_DLFCN_H 1
| #define LT_OBJDIR ".libs/"
| /* end confdefs.h.  */
| #include <pthread.h>
|                         static void routine(void *a) { a = 0; }
|                         static void *start_routine(void *a) { return a; }
| int
| main ()
| {
| pthread_t th; pthread_attr_t attr;
|                         pthread_create(&th, 0, start_routine, 0);
|                         pthread_join(th, 0);
|                         pthread_attr_init(&attr);
|                         pthread_cleanup_push(routine, 0);
|                         pthread_cleanup_pop(0) /* ; */
|   ;
|   return 0;
| }
configure:20932: result: no
configure:20835: checking whether pthreads work with -pthread
configure:20923: gcc -o conftest -g -O2 -pthread  -I/home/kittie/ZENZO-Core/db4/include/ -DBOOST_SPIRIT_THREADSAFE -DHAVE_BUILD_INFO -D__STDC_FORMAT_MACROS -L/home/kittie/ZENZO-Core/db4/lib/ conftest.c   >&5
configure:20923: $? = 0
configure:20932: result: yes
configure:20951: checking for joinable pthread attribute
configure:20966: gcc -o conftest -g -O2 -pthread -I/home/kittie/ZENZO-Core/db4/include/ -DBOOST_SPIRIT_THREADSAFE -DHAVE_BUILD_INFO -D__STDC_FORMAT_MACROS -L/home/kittie/ZENZO-Core/db4/lib/ conftest.c   >&5
configure:20966: $? = 0
configure:20972: result: PTHREAD_CREATE_JOINABLE
configure:20982: checking if more special flags are required for pthreads
configure:20997: result: no
configure:21003: checking for PTHREAD_PRIO_INHERIT
configure:21020: gcc -o conftest -g -O2 -pthread -I/home/kittie/ZENZO-Core/db4/include/ -DBOOST_SPIRIT_THREADSAFE -DHAVE_BUILD_INFO -D__STDC_FORMAT_MACROS -L/home/kittie/ZENZO-Core/db4/lib/ conftest.c   >&5
configure:21020: $? = 0
configure:21029: result: yes
configure:21139: checking for special C compiler options needed for large files
configure:21184: result: no
configure:21190: checking for _FILE_OFFSET_BITS value needed for large files
configure:21215: g++ -std=c++11 -c -g -O2 -Wall -Wextra -Wformat -Wformat-security -Wno-unused-parameter -I/home/kittie/ZENZO-Core/db4/include/ -DBOOST_SPIRIT_THREADSAFE -DHAVE_BUILD_INFO -D__STDC_FORMAT_MACROS conftest.cpp >&5
configure:21215: $? = 0
configure:21247: result: no
configure:21333: checking whether strerror_r is declared
configure:21333: g++ -std=c++11 -c -g -O2 -Wall -Wextra -Wformat -Wformat-security -Wno-unused-parameter -I/home/kittie/ZENZO-Core/db4/include/ -DBOOST_SPIRIT_THREADSAFE -DHAVE_BUILD_INFO -D__STDC_FORMAT_MACROS conftest.cpp >&5
configure:21333: $? = 0
configure:21333: result: yes
configure:21346: checking for strerror_r
configure:21346: g++ -std=c++11 -o conftest -g -O2 -Wall -Wextra -Wformat -Wformat-security -Wno-unused-parameter -I/home/kittie/ZENZO-Core/db4/include/ -DBOOST_SPIRIT_THREADSAFE -DHAVE_BUILD_INFO -D__STDC_FORMAT_MACROS -L/home/kittie/ZENZO-Core/db4/lib/ conftest.cpp  >&5
configure:21346: $? = 0
configure:21346: result: yes
configure:21355: checking whether strerror_r returns char *
configure:21379: g++ -std=c++11 -c -g -O2 -Wall -Wextra -Wformat -Wformat-security -Wno-unused-parameter -I/home/kittie/ZENZO-Core/db4/include/ -DBOOST_SPIRIT_THREADSAFE -DHAVE_BUILD_INFO -D__STDC_FORMAT_MACROS conftest.cpp >&5
configure:21379: $? = 0
configure:21417: result: yes
configure:21438: checking whether the linker accepts -Wl,--large-address-aware
configure:21457: g++ -std=c++11 -o conftest -g -O2 -Wall -Wextra -Wformat -Wformat-security -Wno-unused-parameter -I/home/kittie/ZENZO-Core/db4/include/ -DBOOST_SPIRIT_THREADSAFE -DHAVE_BUILD_INFO -D__STDC_FORMAT_MACROS -L/home/kittie/ZENZO-Core/db4/lib/  -Wl,--large-address-aware conftest.cpp  >&5
/usr/bin/ld: unrecognized option '--large-address-aware'
/usr/bin/ld: use the --help option for usage information
collect2: error: ld returned 1 exit status
configure:21457: $? = 1
configure: failed program was:
| /* confdefs.h */
| #define PACKAGE_NAME "Zenzo Core"
| #define PACKAGE_TARNAME "zenzo"
| #define PACKAGE_VERSION "1.2.0"
| #define PACKAGE_STRING "Zenzo Core 1.2.0"
| #define PACKAGE_BUGREPORT "www.zenzo.io"
| #define PACKAGE_URL ""
| #define HAVE_CXX11 1
| #define STDC_HEADERS 1
| #define HAVE_SYS_TYPES_H 1
| #define HAVE_SYS_STAT_H 1
| #define HAVE_STDLIB_H 1
| #define HAVE_STRING_H 1
| #define HAVE_MEMORY_H 1
| #define HAVE_STRINGS_H 1
| #define HAVE_INTTYPES_H 1
| #define HAVE_STDINT_H 1
| #define HAVE_UNISTD_H 1
| #define HAVE_DLFCN_H 1
| #define LT_OBJDIR ".libs/"
| #define HAVE_PTHREAD_PRIO_INHERIT 1
| #define HAVE_PTHREAD 1
| #define HAVE_DECL_STRERROR_R 1
| #define HAVE_STRERROR_R 1
| #define STRERROR_R_CHAR_P 1
| /* end confdefs.h.  */
| 
| int
| main ()
| {
| 
|   ;
|   return 0;
| }
configure:21466: result: no
configure:21478: checking for __attribute__((visibility))
configure:21500: g++ -std=c++11 -o conftest -g -O2 -Wall -Wextra -Wformat -Wformat-security -Wno-unused-parameter -I/home/kittie/ZENZO-Core/db4/include/ -DBOOST_SPIRIT_THREADSAFE -DHAVE_BUILD_INFO -D__STDC_FORMAT_MACROS -L/home/kittie/ZENZO-Core/db4/lib/ conftest.cpp  >&5
configure:21500: $? = 0
configure:21513: result: yes
configure:21529: checking for __attribute__((dllexport))
configure:21550: g++ -std=c++11 -o conftest -g -O2 -Wall -Wextra -Wformat -Wformat-security -Wno-unused-parameter -I/home/kittie/ZENZO-Core/db4/include/ -DBOOST_SPIRIT_THREADSAFE -DHAVE_BUILD_INFO -D__STDC_FORMAT_MACROS -L/home/kittie/ZENZO-Core/db4/lib/ conftest.cpp  >&5
conftest.cpp:30:62: warning: 'dllexport' attribute directive ignored [-Wattributes]
                     __attribute__((dllexport)) int foo( void ) { return 0; }
                                                              ^
configure:21550: $? = 0
configure:21563: result: no
configure:21579: checking for __attribute__((dllimport))
configure:21600: g++ -std=c++11 -o conftest -g -O2 -Wall -Wextra -Wformat -Wformat-security -Wno-unused-parameter -I/home/kittie/ZENZO-Core/db4/include/ -DBOOST_SPIRIT_THREADSAFE -DHAVE_BUILD_INFO -D__STDC_FORMAT_MACROS -L/home/kittie/ZENZO-Core/db4/lib/ conftest.cpp  >&5
conftest.cpp:30:62: warning: 'dllimport' attribute directive ignored [-Wattributes]
                     int foo( void ) __attribute__((dllimport));
                                                              ^
configure:21600: $? = 0
configure:21613: result: no
configure:21666: checking whether C++ compiler accepts -Wstack-protector
configure:21685: g++ -std=c++11 -c -g -O2 -Wall -Wextra -Wformat -Wformat-security -Wno-unused-parameter  -Wstack-protector -I/home/kittie/ZENZO-Core/db4/include/ -DBOOST_SPIRIT_THREADSAFE -DHAVE_BUILD_INFO -D__STDC_FORMAT_MACROS conftest.cpp >&5
configure:21685: $? = 0
configure:21693: result: yes
configure:21701: checking whether C++ compiler accepts -fstack-protector-all
configure:21720: g++ -std=c++11 -c -g -O2 -Wall -Wextra -Wformat -Wformat-security -Wno-unused-parameter  -fstack-protector-all -I/home/kittie/ZENZO-Core/db4/include/ -DBOOST_SPIRIT_THREADSAFE -DHAVE_BUILD_INFO -D__STDC_FORMAT_MACROS conftest.cpp >&5
configure:21720: $? = 0
configure:21728: result: yes
configure:21738: checking whether C++ preprocessor accepts -D_FORTIFY_SOURCE=2
configure:21757: g++ -std=c++11 -E -I/home/kittie/ZENZO-Core/db4/include/ -DBOOST_SPIRIT_THREADSAFE -DHAVE_BUILD_INFO -D__STDC_FORMAT_MACROS  -D_FORTIFY_SOURCE=2 conftest.cpp
configure:21757: $? = 0
configure:21765: result: yes
configure:21769: checking whether C++ preprocessor accepts -U_FORTIFY_SOURCE
configure:21788: g++ -std=c++11 -E -I/home/kittie/ZENZO-Core/db4/include/ -DBOOST_SPIRIT_THREADSAFE -DHAVE_BUILD_INFO -D__STDC_FORMAT_MACROS  -U_FORTIFY_SOURCE conftest.cpp
configure:21788: $? = 0
configure:21796: result: yes
configure:21813: checking whether the linker accepts -Wl,--dynamicbase
configure:21832: g++ -std=c++11 -o conftest -g -O2 -Wall -Wextra -Wformat -Wformat-security -Wno-unused-parameter -I/home/kittie/ZENZO-Core/db4/include/ -DBOOST_SPIRIT_THREADSAFE -DHAVE_BUILD_INFO -D__STDC_FORMAT_MACROS -L/home/kittie/ZENZO-Core/db4/lib/  -Wl,--dynamicbase conftest.cpp  >&5
/usr/bin/ld: unrecognized option '--dynamicbase'
/usr/bin/ld: use the --help option for usage information
collect2: error: ld returned 1 exit status
configure:21832: $? = 1
configure: failed program was:
| /* confdefs.h */
| #define PACKAGE_NAME "Zenzo Core"
| #define PACKAGE_TARNAME "zenzo"
| #define PACKAGE_VERSION "1.2.0"
| #define PACKAGE_STRING "Zenzo Core 1.2.0"
| #define PACKAGE_BUGREPORT "www.zenzo.io"
| #define PACKAGE_URL ""
| #define HAVE_CXX11 1
| #define STDC_HEADERS 1
| #define HAVE_SYS_TYPES_H 1
| #define HAVE_SYS_STAT_H 1
| #define HAVE_STDLIB_H 1
| #define HAVE_STRING_H 1
| #define HAVE_MEMORY_H 1
| #define HAVE_STRINGS_H 1
| #define HAVE_INTTYPES_H 1
| #define HAVE_STDINT_H 1
| #define HAVE_UNISTD_H 1
| #define HAVE_DLFCN_H 1
| #define LT_OBJDIR ".libs/"
| #define HAVE_PTHREAD_PRIO_INHERIT 1
| #define HAVE_PTHREAD 1
| #define HAVE_DECL_STRERROR_R 1
| #define HAVE_STRERROR_R 1
| #define STRERROR_R_CHAR_P 1
| #define HAVE_FUNC_ATTRIBUTE_VISIBILITY 1
| /* end confdefs.h.  */
| 
| int
| main ()
| {
| 
|   ;
|   return 0;
| }
configure:21841: result: no
configure:21849: checking whether the linker accepts -Wl,--nxcompat
configure:21868: g++ -std=c++11 -o conftest -g -O2 -Wall -Wextra -Wformat -Wformat-security -Wno-unused-parameter -I/home/kittie/ZENZO-Core/db4/include/ -DBOOST_SPIRIT_THREADSAFE -DHAVE_BUILD_INFO -D__STDC_FORMAT_MACROS -L/home/kittie/ZENZO-Core/db4/lib/  -Wl,--nxcompat conftest.cpp  >&5
/usr/bin/ld: unrecognized option '--nxcompat'
/usr/bin/ld: use the --help option for usage information
collect2: error: ld returned 1 exit status
configure:21868: $? = 1
configure: failed program was:
| /* confdefs.h */
| #define PACKAGE_NAME "Zenzo Core"
| #define PACKAGE_TARNAME "zenzo"
| #define PACKAGE_VERSION "1.2.0"
| #define PACKAGE_STRING "Zenzo Core 1.2.0"
| #define PACKAGE_BUGREPORT "www.zenzo.io"
| #define PACKAGE_URL ""
| #define HAVE_CXX11 1
| #define STDC_HEADERS 1
| #define HAVE_SYS_TYPES_H 1
| #define HAVE_SYS_STAT_H 1
| #define HAVE_STDLIB_H 1
| #define HAVE_STRING_H 1
| #define HAVE_MEMORY_H 1
| #define HAVE_STRINGS_H 1
| #define HAVE_INTTYPES_H 1
| #define HAVE_STDINT_H 1
| #define HAVE_UNISTD_H 1
| #define HAVE_DLFCN_H 1
| #define LT_OBJDIR ".libs/"
| #define HAVE_PTHREAD_PRIO_INHERIT 1
| #define HAVE_PTHREAD 1
| #define HAVE_DECL_STRERROR_R 1
| #define HAVE_STRERROR_R 1
| #define STRERROR_R_CHAR_P 1
| #define HAVE_FUNC_ATTRIBUTE_VISIBILITY 1
| /* end confdefs.h.  */
| 
| int
| main ()
| {
| 
|   ;
|   return 0;
| }
configure:21877: result: no
configure:21885: checking whether the linker accepts -Wl,-z,relro
configure:21904: g++ -std=c++11 -o conftest -g -O2 -Wall -Wextra -Wformat -Wformat-security -Wno-unused-parameter -I/home/kittie/ZENZO-Core/db4/include/ -DBOOST_SPIRIT_THREADSAFE -DHAVE_BUILD_INFO -D__STDC_FORMAT_MACROS -L/home/kittie/ZENZO-Core/db4/lib/  -Wl,-z,relro conftest.cpp  >&5
configure:21904: $? = 0
configure:21913: result: yes
configure:21921: checking whether the linker accepts -Wl,-z,now
configure:21940: g++ -std=c++11 -o conftest -g -O2 -Wall -Wextra -Wformat -Wformat-security -Wno-unused-parameter -I/home/kittie/ZENZO-Core/db4/include/ -DBOOST_SPIRIT_THREADSAFE -DHAVE_BUILD_INFO -D__STDC_FORMAT_MACROS -L/home/kittie/ZENZO-Core/db4/lib/  -Wl,-z,now conftest.cpp  >&5
configure:21940: $? = 0
configure:21949: result: yes
configure:21960: checking whether C++ compiler accepts -fPIC
configure:21979: g++ -std=c++11 -c -g -O2 -Wall -Wextra -Wformat -Wformat-security -Wno-unused-parameter  -fPIC -I/home/kittie/ZENZO-Core/db4/include/ -DBOOST_SPIRIT_THREADSAFE -DHAVE_BUILD_INFO -D__STDC_FORMAT_MACROS conftest.cpp >&5
configure:21979: $? = 0
configure:21987: result: yes
configure:21995: checking whether the linker accepts -pic
configure:22014: g++ -std=c++11 -o conftest -g -O2 -Wall -Wextra -Wformat -Wformat-security -Wno-unused-parameter -I/home/kittie/ZENZO-Core/db4/include/ -DBOOST_SPIRIT_THREADSAFE -DHAVE_BUILD_INFO -D__STDC_FORMAT_MACROS -L/home/kittie/ZENZO-Core/db4/lib/  -pic conftest.cpp  >&5
g++: error: unrecognized command line option '-pic'
configure:22014: $? = 1
configure: failed program was:
| /* confdefs.h */
| #define PACKAGE_NAME "Zenzo Core"
| #define PACKAGE_TARNAME "zenzo"
| #define PACKAGE_VERSION "1.2.0"
| #define PACKAGE_STRING "Zenzo Core 1.2.0"
| #define PACKAGE_BUGREPORT "www.zenzo.io"
| #define PACKAGE_URL ""
| #define HAVE_CXX11 1
| #define STDC_HEADERS 1
| #define HAVE_SYS_TYPES_H 1
| #define HAVE_SYS_STAT_H 1
| #define HAVE_STDLIB_H 1
| #define HAVE_STRING_H 1
| #define HAVE_MEMORY_H 1
| #define HAVE_STRINGS_H 1
| #define HAVE_INTTYPES_H 1
| #define HAVE_STDINT_H 1
| #define HAVE_UNISTD_H 1
| #define HAVE_DLFCN_H 1
| #define LT_OBJDIR ".libs/"
| #define HAVE_PTHREAD_PRIO_INHERIT 1
| #define HAVE_PTHREAD 1
| #define HAVE_DECL_STRERROR_R 1
| #define HAVE_STRERROR_R 1
| #define STRERROR_R_CHAR_P 1
| #define HAVE_FUNC_ATTRIBUTE_VISIBILITY 1
| /* end confdefs.h.  */
| 
| int
| main ()
| {
| 
|   ;
|   return 0;
| }
configure:22023: result: no
configure:22127: checking endian.h usability
configure:22127: g++ -std=c++11 -c -g -O2 -Wall -Wextra -Wformat -Wformat-security -Wno-unused-parameter  -Wstack-protector -fstack-protector-all -fPIC -I/home/kittie/ZENZO-Core/db4/include/ -DBOOST_SPIRIT_THREADSAFE -DHAVE_BUILD_INFO -D__STDC_FORMAT_MACROS  -U_FORTIFY_SOURCE -D_FORTIFY_SOURCE=2 conftest.cpp >&5
configure:22127: $? = 0
configure:22127: result: yes
configure:22127: checking endian.h presence
configure:22127: g++ -std=c++11 -E -I/home/kittie/ZENZO-Core/db4/include/ -DBOOST_SPIRIT_THREADSAFE -DHAVE_BUILD_INFO -D__STDC_FORMAT_MACROS  -U_FORTIFY_SOURCE -D_FORTIFY_SOURCE=2 conftest.cpp
configure:22127: $? = 0
configure:22127: result: yes
configure:22127: checking for endian.h
configure:22127: result: yes
configure:22127: checking stdio.h usability
configure:22127: g++ -std=c++11 -c -g -O2 -Wall -Wextra -Wformat -Wformat-security -Wno-unused-parameter  -Wstack-protector -fstack-protector-all -fPIC -I/home/kittie/ZENZO-Core/db4/include/ -DBOOST_SPIRIT_THREADSAFE -DHAVE_BUILD_INFO -D__STDC_FORMAT_MACROS  -U_FORTIFY_SOURCE -D_FORTIFY_SOURCE=2 conftest.cpp >&5
configure:22127: $? = 0
configure:22127: result: yes
configure:22127: checking stdio.h presence
configure:22127: g++ -std=c++11 -E -I/home/kittie/ZENZO-Core/db4/include/ -DBOOST_SPIRIT_THREADSAFE -DHAVE_BUILD_INFO -D__STDC_FORMAT_MACROS  -U_FORTIFY_SOURCE -D_FORTIFY_SOURCE=2 conftest.cpp
configure:22127: $? = 0
configure:22127: result: yes
configure:22127: checking for stdio.h
configure:22127: result: yes
configure:22127: checking for stdlib.h
configure:22127: result: yes
configure:22127: checking for unistd.h
configure:22127: result: yes
configure:22127: checking for strings.h
configure:22127: result: yes
configure:22127: checking for sys/types.h
configure:22127: result: yes
configure:22127: checking for sys/stat.h
configure:22127: result: yes
configure:22127: checking sys/select.h usability
configure:22127: g++ -std=c++11 -c -g -O2 -Wall -Wextra -Wformat -Wformat-security -Wno-unused-parameter  -Wstack-protector -fstack-protector-all -fPIC -I/home/kittie/ZENZO-Core/db4/include/ -DBOOST_SPIRIT_THREADSAFE -DHAVE_BUILD_INFO -D__STDC_FORMAT_MACROS  -U_FORTIFY_SOURCE -D_FORTIFY_SOURCE=2 conftest.cpp >&5
configure:22127: $? = 0
configure:22127: result: yes
configure:22127: checking sys/select.h presence
configure:22127: g++ -std=c++11 -E -I/home/kittie/ZENZO-Core/db4/include/ -DBOOST_SPIRIT_THREADSAFE -DHAVE_BUILD_INFO -D__STDC_FORMAT_MACROS  -U_FORTIFY_SOURCE -D_FORTIFY_SOURCE=2 conftest.cpp
configure:22127: $? = 0
configure:22127: result: yes
configure:22127: checking for sys/select.h
configure:22127: result: yes
configure:22127: checking sys/prctl.h usability
configure:22127: g++ -std=c++11 -c -g -O2 -Wall -Wextra -Wformat -Wformat-security -Wno-unused-parameter  -Wstack-protector -fstack-protector-all -fPIC -I/home/kittie/ZENZO-Core/db4/include/ -DBOOST_SPIRIT_THREADSAFE -DHAVE_BUILD_INFO -D__STDC_FORMAT_MACROS  -U_FORTIFY_SOURCE -D_FORTIFY_SOURCE=2 conftest.cpp >&5
configure:22127: $? = 0
configure:22127: result: yes
configure:22127: checking sys/prctl.h presence
configure:22127: g++ -std=c++11 -E -I/home/kittie/ZENZO-Core/db4/include/ -DBOOST_SPIRIT_THREADSAFE -DHAVE_BUILD_INFO -D__STDC_FORMAT_MACROS  -U_FORTIFY_SOURCE -D_FORTIFY_SOURCE=2 conftest.cpp
configure:22127: $? = 0
configure:22127: result: yes
configure:22127: checking for sys/prctl.h
configure:22127: result: yes
configure:22137: checking for library containing getaddrinfo_a
configure:22168: g++ -std=c++11 -o conftest -g -O2 -Wall -Wextra -Wformat -Wformat-security -Wno-unused-parameter  -Wstack-protector -fstack-protector-all -fPIC -I/home/kittie/ZENZO-Core/db4/include/ -DBOOST_SPIRIT_THREADSAFE -DHAVE_BUILD_INFO -D__STDC_FORMAT_MACROS  -U_FORTIFY_SOURCE -D_FORTIFY_SOURCE=2 -L/home/kittie/ZENZO-Core/db4/lib/  -Wl,-z,relro -Wl,-z,now conftest.cpp  >&5
/tmp/ccHfC0Hf.o: In function `main':
/home/kittie/ZENZO-Core/conftest.cpp:48: undefined reference to `getaddrinfo_a'
collect2: error: ld returned 1 exit status
configure:22168: $? = 1
configure: failed program was:
| /* confdefs.h */
| #define PACKAGE_NAME "Zenzo Core"
| #define PACKAGE_TARNAME "zenzo"
| #define PACKAGE_VERSION "1.2.0"
| #define PACKAGE_STRING "Zenzo Core 1.2.0"
| #define PACKAGE_BUGREPORT "www.zenzo.io"
| #define PACKAGE_URL ""
| #define HAVE_CXX11 1
| #define STDC_HEADERS 1
| #define HAVE_SYS_TYPES_H 1
| #define HAVE_SYS_STAT_H 1
| #define HAVE_STDLIB_H 1
| #define HAVE_STRING_H 1
| #define HAVE_MEMORY_H 1
| #define HAVE_STRINGS_H 1
| #define HAVE_INTTYPES_H 1
| #define HAVE_STDINT_H 1
| #define HAVE_UNISTD_H 1
| #define HAVE_DLFCN_H 1
| #define LT_OBJDIR ".libs/"
| #define HAVE_PTHREAD_PRIO_INHERIT 1
| #define HAVE_PTHREAD 1
| #define HAVE_DECL_STRERROR_R 1
| #define HAVE_STRERROR_R 1
| #define STRERROR_R_CHAR_P 1
| #define HAVE_FUNC_ATTRIBUTE_VISIBILITY 1
| #define HAVE_ENDIAN_H 1
| #define HAVE_STDIO_H 1
| #define HAVE_STDLIB_H 1
| #define HAVE_UNISTD_H 1
| #define HAVE_STRINGS_H 1
| #define HAVE_SYS_TYPES_H 1
| #define HAVE_SYS_STAT_H 1
| #define HAVE_SYS_SELECT_H 1
| #define HAVE_SYS_PRCTL_H 1
| /* end confdefs.h.  */
| 
| /* Override any GCC internal prototype to avoid an error.
|    Use char because int might match the return type of a GCC
|    builtin and then its argument prototype would still apply.  */
| #ifdef __cplusplus
| extern "C"
| #endif
| char getaddrinfo_a ();
| int
| main ()
| {
| return getaddrinfo_a ();
|   ;
|   return 0;
| }
configure:22168: g++ -std=c++11 -o conftest -g -O2 -Wall -Wextra -Wformat -Wformat-security -Wno-unused-parameter  -Wstack-protector -fstack-protector-all -fPIC -I/home/kittie/ZENZO-Core/db4/include/ -DBOOST_SPIRIT_THREADSAFE -DHAVE_BUILD_INFO -D__STDC_FORMAT_MACROS  -U_FORTIFY_SOURCE -D_FORTIFY_SOURCE=2 -L/home/kittie/ZENZO-Core/db4/lib/  -Wl,-z,relro -Wl,-z,now conftest.cpp -lanl   >&5
configure:22168: $? = 0
configure:22185: result: -lanl
configure:22195: checking for library containing inet_pton
configure:22226: g++ -std=c++11 -o conftest -g -O2 -Wall -Wextra -Wformat -Wformat-security -Wno-unused-parameter  -Wstack-protector -fstack-protector-all -fPIC -I/home/kittie/ZENZO-Core/db4/include/ -DBOOST_SPIRIT_THREADSAFE -DHAVE_BUILD_INFO -D__STDC_FORMAT_MACROS  -U_FORTIFY_SOURCE -D_FORTIFY_SOURCE=2 -L/home/kittie/ZENZO-Core/db4/lib/  -Wl,-z,relro -Wl,-z,now conftest.cpp -lanl  >&5
configure:22226: $? = 0
configure:22243: result: none required
configure:22254: checking whether strnlen is declared
configure:22254: g++ -std=c++11 -c -g -O2 -Wall -Wextra -Wformat -Wformat-security -Wno-unused-parameter  -Wstack-protector -fstack-protector-all -fPIC -I/home/kittie/ZENZO-Core/db4/include/ -DBOOST_SPIRIT_THREADSAFE -DHAVE_BUILD_INFO -D__STDC_FORMAT_MACROS  -U_FORTIFY_SOURCE -D_FORTIFY_SOURCE=2 conftest.cpp >&5
configure:22254: $? = 0
configure:22254: result: yes
configure:22266: checking whether le32toh is declared
configure:22266: g++ -std=c++11 -c -g -O2 -Wall -Wextra -Wformat -Wformat-security -Wno-unused-parameter  -Wstack-protector -fstack-protector-all -fPIC -I/home/kittie/ZENZO-Core/db4/include/ -DBOOST_SPIRIT_THREADSAFE -DHAVE_BUILD_INFO -D__STDC_FORMAT_MACROS  -U_FORTIFY_SOURCE -D_FORTIFY_SOURCE=2 conftest.cpp >&5
configure:22266: $? = 0
configure:22266: result: yes
configure:22279: checking whether le64toh is declared
configure:22279: g++ -std=c++11 -c -g -O2 -Wall -Wextra -Wformat -Wformat-security -Wno-unused-parameter  -Wstack-protector -fstack-protector-all -fPIC -I/home/kittie/ZENZO-Core/db4/include/ -DBOOST_SPIRIT_THREADSAFE -DHAVE_BUILD_INFO -D__STDC_FORMAT_MACROS  -U_FORTIFY_SOURCE -D_FORTIFY_SOURCE=2 conftest.cpp >&5
configure:22279: $? = 0
configure:22279: result: yes
configure:22292: checking whether htole32 is declared
configure:22292: g++ -std=c++11 -c -g -O2 -Wall -Wextra -Wformat -Wformat-security -Wno-unused-parameter  -Wstack-protector -fstack-protector-all -fPIC -I/home/kittie/ZENZO-Core/db4/include/ -DBOOST_SPIRIT_THREADSAFE -DHAVE_BUILD_INFO -D__STDC_FORMAT_MACROS  -U_FORTIFY_SOURCE -D_FORTIFY_SOURCE=2 conftest.cpp >&5
configure:22292: $? = 0
configure:22292: result: yes
configure:22305: checking whether htole64 is declared
configure:22305: g++ -std=c++11 -c -g -O2 -Wall -Wextra -Wformat -Wformat-security -Wno-unused-parameter  -Wstack-protector -fstack-protector-all -fPIC -I/home/kittie/ZENZO-Core/db4/include/ -DBOOST_SPIRIT_THREADSAFE -DHAVE_BUILD_INFO -D__STDC_FORMAT_MACROS  -U_FORTIFY_SOURCE -D_FORTIFY_SOURCE=2 conftest.cpp >&5
configure:22305: $? = 0
configure:22305: result: yes
configure:22318: checking whether be32toh is declared
configure:22318: g++ -std=c++11 -c -g -O2 -Wall -Wextra -Wformat -Wformat-security -Wno-unused-parameter  -Wstack-protector -fstack-protector-all -fPIC -I/home/kittie/ZENZO-Core/db4/include/ -DBOOST_SPIRIT_THREADSAFE -DHAVE_BUILD_INFO -D__STDC_FORMAT_MACROS  -U_FORTIFY_SOURCE -D_FORTIFY_SOURCE=2 conftest.cpp >&5
configure:22318: $? = 0
configure:22318: result: yes
configure:22331: checking whether be64toh is declared
configure:22331: g++ -std=c++11 -c -g -O2 -Wall -Wextra -Wformat -Wformat-security -Wno-unused-parameter  -Wstack-protector -fstack-protector-all -fPIC -I/home/kittie/ZENZO-Core/db4/include/ -DBOOST_SPIRIT_THREADSAFE -DHAVE_BUILD_INFO -D__STDC_FORMAT_MACROS  -U_FORTIFY_SOURCE -D_FORTIFY_SOURCE=2 conftest.cpp >&5
configure:22331: $? = 0
configure:22331: result: yes
configure:22344: checking whether htobe32 is declared
configure:22344: g++ -std=c++11 -c -g -O2 -Wall -Wextra -Wformat -Wformat-security -Wno-unused-parameter  -Wstack-protector -fstack-protector-all -fPIC -I/home/kittie/ZENZO-Core/db4/include/ -DBOOST_SPIRIT_THREADSAFE -DHAVE_BUILD_INFO -D__STDC_FORMAT_MACROS  -U_FORTIFY_SOURCE -D_FORTIFY_SOURCE=2 conftest.cpp >&5
configure:22344: $? = 0
configure:22344: result: yes
configure:22357: checking whether htobe64 is declared
configure:22357: g++ -std=c++11 -c -g -O2 -Wall -Wextra -Wformat -Wformat-security -Wno-unused-parameter  -Wstack-protector -fstack-protector-all -fPIC -I/home/kittie/ZENZO-Core/db4/include/ -DBOOST_SPIRIT_THREADSAFE -DHAVE_BUILD_INFO -D__STDC_FORMAT_MACROS  -U_FORTIFY_SOURCE -D_FORTIFY_SOURCE=2 conftest.cpp >&5
configure:22357: $? = 0
configure:22357: result: yes
configure:22372: checking for MSG_NOSIGNAL
configure:22385: g++ -std=c++11 -c -g -O2 -Wall -Wextra -Wformat -Wformat-security -Wno-unused-parameter  -Wstack-protector -fstack-protector-all -fPIC -I/home/kittie/ZENZO-Core/db4/include/ -DBOOST_SPIRIT_THREADSAFE -DHAVE_BUILD_INFO -D__STDC_FORMAT_MACROS  -U_FORTIFY_SOURCE -D_FORTIFY_SOURCE=2 conftest.cpp >&5
conftest.cpp: In function 'int main()':
conftest.cpp:52:6: warning: unused variable 'f' [-Wunused-variable]
  int f = MSG_NOSIGNAL;
      ^
configure:22385: $? = 0
configure:22386: result: yes
configure:22397: checking for library containing clock_gettime
configure:22428: g++ -std=c++11 -o conftest -g -O2 -Wall -Wextra -Wformat -Wformat-security -Wno-unused-parameter  -Wstack-protector -fstack-protector-all -fPIC -I/home/kittie/ZENZO-Core/db4/include/ -DBOOST_SPIRIT_THREADSAFE -DHAVE_BUILD_INFO -D__STDC_FORMAT_MACROS  -U_FORTIFY_SOURCE -D_FORTIFY_SOURCE=2 -L/home/kittie/ZENZO-Core/db4/lib/  -Wl,-z,relro -Wl,-z,now conftest.cpp -lanl  >&5
configure:22428: $? = 0
configure:22445: result: none required
configure:22454: checking for visibility attribute
configure:22463: g++ -std=c++11 -o conftest -g -O2 -Wall -Wextra -Wformat -Wformat-security -Wno-unused-parameter  -Wstack-protector -fstack-protector-all -fPIC -I/home/kittie/ZENZO-Core/db4/include/ -DBOOST_SPIRIT_THREADSAFE -DHAVE_BUILD_INFO -D__STDC_FORMAT_MACROS  -U_FORTIFY_SOURCE -D_FORTIFY_SOURCE=2 -L/home/kittie/ZENZO-Core/db4/lib/  -Wl,-z,relro -Wl,-z,now conftest.cpp -lanl  >&5
configure:22463: $? = 0
configure:22468: result: yes
configure:22488: checking whether C++ compiler accepts -fvisibility=hidden
configure:22507: g++ -std=c++11 -c -g -O2 -Wall -Wextra -Wformat -Wformat-security -Wno-unused-parameter  -Wstack-protector -fstack-protector-all -fPIC  -fvisibility=hidden -I/home/kittie/ZENZO-Core/db4/include/ -DBOOST_SPIRIT_THREADSAFE -DHAVE_BUILD_INFO -D__STDC_FORMAT_MACROS  -U_FORTIFY_SOURCE -D_FORTIFY_SOURCE=2 conftest.cpp >&5
configure:22507: $? = 0
configure:22515: result: yes
configure:22549: checking for Berkeley DB C++ headers
configure:22580: g++ -std=c++11 -c -g -O2 -Wall -Wextra -Wformat -Wformat-security -Wno-unused-parameter  -Wstack-protector -fstack-protector-all -fPIC -I/home/kittie/ZENZO-Core/db4/include/ -DBOOST_SPIRIT_THREADSAFE -DHAVE_BUILD_INFO -D__STDC_FORMAT_MACROS  -U_FORTIFY_SOURCE -D_FORTIFY_SOURCE=2 conftest.cpp >&5
conftest.cpp:51:33: fatal error: bdb4.8/db_cxx.h: No such file or directory
compilation terminated.
configure:22580: $? = 1
configure: failed program was:
| /* confdefs.h */
| #define PACKAGE_NAME "Zenzo Core"
| #define PACKAGE_TARNAME "zenzo"
| #define PACKAGE_VERSION "1.2.0"
| #define PACKAGE_STRING "Zenzo Core 1.2.0"
| #define PACKAGE_BUGREPORT "www.zenzo.io"
| #define PACKAGE_URL ""
| #define HAVE_CXX11 1
| #define STDC_HEADERS 1
| #define HAVE_SYS_TYPES_H 1
| #define HAVE_SYS_STAT_H 1
| #define HAVE_STDLIB_H 1
| #define HAVE_STRING_H 1
| #define HAVE_MEMORY_H 1
| #define HAVE_STRINGS_H 1
| #define HAVE_INTTYPES_H 1
| #define HAVE_STDINT_H 1
| #define HAVE_UNISTD_H 1
| #define HAVE_DLFCN_H 1
| #define LT_OBJDIR ".libs/"
| #define HAVE_PTHREAD_PRIO_INHERIT 1
| #define HAVE_PTHREAD 1
| #define HAVE_DECL_STRERROR_R 1
| #define HAVE_STRERROR_R 1
| #define STRERROR_R_CHAR_P 1
| #define HAVE_FUNC_ATTRIBUTE_VISIBILITY 1
| #define HAVE_ENDIAN_H 1
| #define HAVE_STDIO_H 1
| #define HAVE_STDLIB_H 1
| #define HAVE_UNISTD_H 1
| #define HAVE_STRINGS_H 1
| #define HAVE_SYS_TYPES_H 1
| #define HAVE_SYS_STAT_H 1
| #define HAVE_SYS_SELECT_H 1
| #define HAVE_SYS_PRCTL_H 1
| #define HAVE_GETADDRINFO_A 1
| #define HAVE_INET_PTON 1
| #define HAVE_DECL_STRNLEN 1
| #define HAVE_DECL_LE32TOH 1
| #define HAVE_DECL_LE64TOH 1
| #define HAVE_DECL_HTOLE32 1
| #define HAVE_DECL_HTOLE64 1
| #define HAVE_DECL_BE32TOH 1
| #define HAVE_DECL_BE64TOH 1
| #define HAVE_DECL_HTOBE32 1
| #define HAVE_DECL_HTOBE64 1
| #define HAVE_MSG_NOSIGNAL 1
| #define HAVE_VISIBILITY_ATTRIBUTE 1
| /* end confdefs.h.  */
| 
|       #include <bdb4.8/db_cxx.h>
| 
| int
| main ()
| {
| 
|       #if !((DB_VERSION_MAJOR == 4 && DB_VERSION_MINOR >= 8) || DB_VERSION_MAJOR > 4)
|         #error "failed to find bdb 4.8+"
|       #endif
| 
|   ;
|   return 0;
| }
configure:22580: g++ -std=c++11 -c -g -O2 -Wall -Wextra -Wformat -Wformat-security -Wno-unused-parameter  -Wstack-protector -fstack-protector-all -fPIC -I/home/kittie/ZENZO-Core/db4/include/ -DBOOST_SPIRIT_THREADSAFE -DHAVE_BUILD_INFO -D__STDC_FORMAT_MACROS  -U_FORTIFY_SOURCE -D_FORTIFY_SOURCE=2 conftest.cpp >&5
conftest.cpp:51:35: fatal error: libdb4.8/db_cxx.h: No such file or directory
compilation terminated.
configure:22580: $? = 1
configure: failed program was:
| /* confdefs.h */
| #define PACKAGE_NAME "Zenzo Core"
| #define PACKAGE_TARNAME "zenzo"
| #define PACKAGE_VERSION "1.2.0"
| #define PACKAGE_STRING "Zenzo Core 1.2.0"
| #define PACKAGE_BUGREPORT "www.zenzo.io"
| #define PACKAGE_URL ""
| #define HAVE_CXX11 1
| #define STDC_HEADERS 1
| #define HAVE_SYS_TYPES_H 1
| #define HAVE_SYS_STAT_H 1
| #define HAVE_STDLIB_H 1
| #define HAVE_STRING_H 1
| #define HAVE_MEMORY_H 1
| #define HAVE_STRINGS_H 1
| #define HAVE_INTTYPES_H 1
| #define HAVE_STDINT_H 1
| #define HAVE_UNISTD_H 1
| #define HAVE_DLFCN_H 1
| #define LT_OBJDIR ".libs/"
| #define HAVE_PTHREAD_PRIO_INHERIT 1
| #define HAVE_PTHREAD 1
| #define HAVE_DECL_STRERROR_R 1
| #define HAVE_STRERROR_R 1
| #define STRERROR_R_CHAR_P 1
| #define HAVE_FUNC_ATTRIBUTE_VISIBILITY 1
| #define HAVE_ENDIAN_H 1
| #define HAVE_STDIO_H 1
| #define HAVE_STDLIB_H 1
| #define HAVE_UNISTD_H 1
| #define HAVE_STRINGS_H 1
| #define HAVE_SYS_TYPES_H 1
| #define HAVE_SYS_STAT_H 1
| #define HAVE_SYS_SELECT_H 1
| #define HAVE_SYS_PRCTL_H 1
| #define HAVE_GETADDRINFO_A 1
| #define HAVE_INET_PTON 1
| #define HAVE_DECL_STRNLEN 1
| #define HAVE_DECL_LE32TOH 1
| #define HAVE_DECL_LE64TOH 1
| #define HAVE_DECL_HTOLE32 1
| #define HAVE_DECL_HTOLE64 1
| #define HAVE_DECL_BE32TOH 1
| #define HAVE_DECL_BE64TOH 1
| #define HAVE_DECL_HTOBE32 1
| #define HAVE_DECL_HTOBE64 1
| #define HAVE_MSG_NOSIGNAL 1
| #define HAVE_VISIBILITY_ATTRIBUTE 1
| /* end confdefs.h.  */
| 
|       #include <libdb4.8/db_cxx.h>
| 
| int
| main ()
| {
| 
|       #if !((DB_VERSION_MAJOR == 4 && DB_VERSION_MINOR >= 8) || DB_VERSION_MAJOR > 4)
|         #error "failed to find bdb 4.8+"
|       #endif
| 
|   ;
|   return 0;
| }
configure:22580: g++ -std=c++11 -c -g -O2 -Wall -Wextra -Wformat -Wformat-security -Wno-unused-parameter  -Wstack-protector -fstack-protector-all -fPIC -I/home/kittie/ZENZO-Core/db4/include/ -DBOOST_SPIRIT_THREADSAFE -DHAVE_BUILD_INFO -D__STDC_FORMAT_MACROS  -U_FORTIFY_SOURCE -D_FORTIFY_SOURCE=2 conftest.cpp >&5
conftest.cpp:51:32: fatal error: db4.8/db_cxx.h: No such file or directory
compilation terminated.
configure:22580: $? = 1
configure: failed program was:
| /* confdefs.h */
| #define PACKAGE_NAME "Zenzo Core"
| #define PACKAGE_TARNAME "zenzo"
| #define PACKAGE_VERSION "1.2.0"
| #define PACKAGE_STRING "Zenzo Core 1.2.0"
| #define PACKAGE_BUGREPORT "www.zenzo.io"
| #define PACKAGE_URL ""
| #define HAVE_CXX11 1
| #define STDC_HEADERS 1
| #define HAVE_SYS_TYPES_H 1
| #define HAVE_SYS_STAT_H 1
| #define HAVE_STDLIB_H 1
| #define HAVE_STRING_H 1
| #define HAVE_MEMORY_H 1
| #define HAVE_STRINGS_H 1
| #define HAVE_INTTYPES_H 1
| #define HAVE_STDINT_H 1
| #define HAVE_UNISTD_H 1
| #define HAVE_DLFCN_H 1
| #define LT_OBJDIR ".libs/"
| #define HAVE_PTHREAD_PRIO_INHERIT 1
| #define HAVE_PTHREAD 1
| #define HAVE_DECL_STRERROR_R 1
| #define HAVE_STRERROR_R 1
| #define STRERROR_R_CHAR_P 1
| #define HAVE_FUNC_ATTRIBUTE_VISIBILITY 1
| #define HAVE_ENDIAN_H 1
| #define HAVE_STDIO_H 1
| #define HAVE_STDLIB_H 1
| #define HAVE_UNISTD_H 1
| #define HAVE_STRINGS_H 1
| #define HAVE_SYS_TYPES_H 1
| #define HAVE_SYS_STAT_H 1
| #define HAVE_SYS_SELECT_H 1
| #define HAVE_SYS_PRCTL_H 1
| #define HAVE_GETADDRINFO_A 1
| #define HAVE_INET_PTON 1
| #define HAVE_DECL_STRNLEN 1
| #define HAVE_DECL_LE32TOH 1
| #define HAVE_DECL_LE64TOH 1
| #define HAVE_DECL_HTOLE32 1
| #define HAVE_DECL_HTOLE64 1
| #define HAVE_DECL_BE32TOH 1
| #define HAVE_DECL_BE64TOH 1
| #define HAVE_DECL_HTOBE32 1
| #define HAVE_DECL_HTOBE64 1
| #define HAVE_MSG_NOSIGNAL 1
| #define HAVE_VISIBILITY_ATTRIBUTE 1
| /* end confdefs.h.  */
| 
|       #include <db4.8/db_cxx.h>
| 
| int
| main ()
| {
| 
|       #if !((DB_VERSION_MAJOR == 4 && DB_VERSION_MINOR >= 8) || DB_VERSION_MAJOR > 4)
|         #error "failed to find bdb 4.8+"
|       #endif
| 
|   ;
|   return 0;
| }
configure:22580: g++ -std=c++11 -c -g -O2 -Wall -Wextra -Wformat -Wformat-security -Wno-unused-parameter  -Wstack-protector -fstack-protector-all -fPIC -I/home/kittie/ZENZO-Core/db4/include/ -DBOOST_SPIRIT_THREADSAFE -DHAVE_BUILD_INFO -D__STDC_FORMAT_MACROS  -U_FORTIFY_SOURCE -D_FORTIFY_SOURCE=2 conftest.cpp >&5
conftest.cpp:51:32: fatal error: bdb48/db_cxx.h: No such file or directory
compilation terminated.
configure:22580: $? = 1
configure: failed program was:
| /* confdefs.h */
| #define PACKAGE_NAME "Zenzo Core"
| #define PACKAGE_TARNAME "zenzo"
| #define PACKAGE_VERSION "1.2.0"
| #define PACKAGE_STRING "Zenzo Core 1.2.0"
| #define PACKAGE_BUGREPORT "www.zenzo.io"
| #define PACKAGE_URL ""
| #define HAVE_CXX11 1
| #define STDC_HEADERS 1
| #define HAVE_SYS_TYPES_H 1
| #define HAVE_SYS_STAT_H 1
| #define HAVE_STDLIB_H 1
| #define HAVE_STRING_H 1
| #define HAVE_MEMORY_H 1
| #define HAVE_STRINGS_H 1
| #define HAVE_INTTYPES_H 1
| #define HAVE_STDINT_H 1
| #define HAVE_UNISTD_H 1
| #define HAVE_DLFCN_H 1
| #define LT_OBJDIR ".libs/"
| #define HAVE_PTHREAD_PRIO_INHERIT 1
| #define HAVE_PTHREAD 1
| #define HAVE_DECL_STRERROR_R 1
| #define HAVE_STRERROR_R 1
| #define STRERROR_R_CHAR_P 1
| #define HAVE_FUNC_ATTRIBUTE_VISIBILITY 1
| #define HAVE_ENDIAN_H 1
| #define HAVE_STDIO_H 1
| #define HAVE_STDLIB_H 1
| #define HAVE_UNISTD_H 1
| #define HAVE_STRINGS_H 1
| #define HAVE_SYS_TYPES_H 1
| #define HAVE_SYS_STAT_H 1
| #define HAVE_SYS_SELECT_H 1
| #define HAVE_SYS_PRCTL_H 1
| #define HAVE_GETADDRINFO_A 1
| #define HAVE_INET_PTON 1
| #define HAVE_DECL_STRNLEN 1
| #define HAVE_DECL_LE32TOH 1
| #define HAVE_DECL_LE64TOH 1
| #define HAVE_DECL_HTOLE32 1
| #define HAVE_DECL_HTOLE64 1
| #define HAVE_DECL_BE32TOH 1
| #define HAVE_DECL_BE64TOH 1
| #define HAVE_DECL_HTOBE32 1
| #define HAVE_DECL_HTOBE64 1
| #define HAVE_MSG_NOSIGNAL 1
| #define HAVE_VISIBILITY_ATTRIBUTE 1
| /* end confdefs.h.  */
| 
|       #include <bdb48/db_cxx.h>
| 
| int
| main ()
| {
| 
|       #if !((DB_VERSION_MAJOR == 4 && DB_VERSION_MINOR >= 8) || DB_VERSION_MAJOR > 4)
|         #error "failed to find bdb 4.8+"
|       #endif
| 
|   ;
|   return 0;
| }
configure:22580: g++ -std=c++11 -c -g -O2 -Wall -Wextra -Wformat -Wformat-security -Wno-unused-parameter  -Wstack-protector -fstack-protector-all -fPIC -I/home/kittie/ZENZO-Core/db4/include/ -DBOOST_SPIRIT_THREADSAFE -DHAVE_BUILD_INFO -D__STDC_FORMAT_MACROS  -U_FORTIFY_SOURCE -D_FORTIFY_SOURCE=2 conftest.cpp >&5
conftest.cpp:51:34: fatal error: libdb48/db_cxx.h: No such file or directory
compilation terminated.
configure:22580: $? = 1
configure: failed program was:
| /* confdefs.h */
| #define PACKAGE_NAME "Zenzo Core"
| #define PACKAGE_TARNAME "zenzo"
| #define PACKAGE_VERSION "1.2.0"
| #define PACKAGE_STRING "Zenzo Core 1.2.0"
| #define PACKAGE_BUGREPORT "www.zenzo.io"
| #define PACKAGE_URL ""
| #define HAVE_CXX11 1
| #define STDC_HEADERS 1
| #define HAVE_SYS_TYPES_H 1
| #define HAVE_SYS_STAT_H 1
| #define HAVE_STDLIB_H 1
| #define HAVE_STRING_H 1
| #define HAVE_MEMORY_H 1
| #define HAVE_STRINGS_H 1
| #define HAVE_INTTYPES_H 1
| #define HAVE_STDINT_H 1
| #define HAVE_UNISTD_H 1
| #define HAVE_DLFCN_H 1
| #define LT_OBJDIR ".libs/"
| #define HAVE_PTHREAD_PRIO_INHERIT 1
| #define HAVE_PTHREAD 1
| #define HAVE_DECL_STRERROR_R 1
| #define HAVE_STRERROR_R 1
| #define STRERROR_R_CHAR_P 1
| #define HAVE_FUNC_ATTRIBUTE_VISIBILITY 1
| #define HAVE_ENDIAN_H 1
| #define HAVE_STDIO_H 1
| #define HAVE_STDLIB_H 1
| #define HAVE_UNISTD_H 1
| #define HAVE_STRINGS_H 1
| #define HAVE_SYS_TYPES_H 1
| #define HAVE_SYS_STAT_H 1
| #define HAVE_SYS_SELECT_H 1
| #define HAVE_SYS_PRCTL_H 1
| #define HAVE_GETADDRINFO_A 1
| #define HAVE_INET_PTON 1
| #define HAVE_DECL_STRNLEN 1
| #define HAVE_DECL_LE32TOH 1
| #define HAVE_DECL_LE64TOH 1
| #define HAVE_DECL_HTOLE32 1
| #define HAVE_DECL_HTOLE64 1
| #define HAVE_DECL_BE32TOH 1
| #define HAVE_DECL_BE64TOH 1
| #define HAVE_DECL_HTOBE32 1
| #define HAVE_DECL_HTOBE64 1
| #define HAVE_MSG_NOSIGNAL 1
| #define HAVE_VISIBILITY_ATTRIBUTE 1
| /* end confdefs.h.  */
| 
|       #include <libdb48/db_cxx.h>
| 
| int
| main ()
| {
| 
|       #if !((DB_VERSION_MAJOR == 4 && DB_VERSION_MINOR >= 8) || DB_VERSION_MAJOR > 4)
|         #error "failed to find bdb 4.8+"
|       #endif
| 
|   ;
|   return 0;
| }
configure:22580: g++ -std=c++11 -c -g -O2 -Wall -Wextra -Wformat -Wformat-security -Wno-unused-parameter  -Wstack-protector -fstack-protector-all -fPIC -I/home/kittie/ZENZO-Core/db4/include/ -DBOOST_SPIRIT_THREADSAFE -DHAVE_BUILD_INFO -D__STDC_FORMAT_MACROS  -U_FORTIFY_SOURCE -D_FORTIFY_SOURCE=2 conftest.cpp >&5
conftest.cpp:51:31: fatal error: db48/db_cxx.h: No such file or directory
compilation terminated.
configure:22580: $? = 1
configure: failed program was:
| /* confdefs.h */
| #define PACKAGE_NAME "Zenzo Core"
| #define PACKAGE_TARNAME "zenzo"
| #define PACKAGE_VERSION "1.2.0"
| #define PACKAGE_STRING "Zenzo Core 1.2.0"
| #define PACKAGE_BUGREPORT "www.zenzo.io"
| #define PACKAGE_URL ""
| #define HAVE_CXX11 1
| #define STDC_HEADERS 1
| #define HAVE_SYS_TYPES_H 1
| #define HAVE_SYS_STAT_H 1
| #define HAVE_STDLIB_H 1
| #define HAVE_STRING_H 1
| #define HAVE_MEMORY_H 1
| #define HAVE_STRINGS_H 1
| #define HAVE_INTTYPES_H 1
| #define HAVE_STDINT_H 1
| #define HAVE_UNISTD_H 1
| #define HAVE_DLFCN_H 1
| #define LT_OBJDIR ".libs/"
| #define HAVE_PTHREAD_PRIO_INHERIT 1
| #define HAVE_PTHREAD 1
| #define HAVE_DECL_STRERROR_R 1
| #define HAVE_STRERROR_R 1
| #define STRERROR_R_CHAR_P 1
| #define HAVE_FUNC_ATTRIBUTE_VISIBILITY 1
| #define HAVE_ENDIAN_H 1
| #define HAVE_STDIO_H 1
| #define HAVE_STDLIB_H 1
| #define HAVE_UNISTD_H 1
| #define HAVE_STRINGS_H 1
| #define HAVE_SYS_TYPES_H 1
| #define HAVE_SYS_STAT_H 1
| #define HAVE_SYS_SELECT_H 1
| #define HAVE_SYS_PRCTL_H 1
| #define HAVE_GETADDRINFO_A 1
| #define HAVE_INET_PTON 1
| #define HAVE_DECL_STRNLEN 1
| #define HAVE_DECL_LE32TOH 1
| #define HAVE_DECL_LE64TOH 1
| #define HAVE_DECL_HTOLE32 1
| #define HAVE_DECL_HTOLE64 1
| #define HAVE_DECL_BE32TOH 1
| #define HAVE_DECL_BE64TOH 1
| #define HAVE_DECL_HTOBE32 1
| #define HAVE_DECL_HTOBE64 1
| #define HAVE_MSG_NOSIGNAL 1
| #define HAVE_VISIBILITY_ATTRIBUTE 1
| /* end confdefs.h.  */
| 
|       #include <db48/db_cxx.h>
| 
| int
| main ()
| {
| 
|       #if !((DB_VERSION_MAJOR == 4 && DB_VERSION_MINOR >= 8) || DB_VERSION_MAJOR > 4)
|         #error "failed to find bdb 4.8+"
|       #endif
| 
|   ;
|   return 0;
| }
configure:22580: g++ -std=c++11 -c -g -O2 -Wall -Wextra -Wformat -Wformat-security -Wno-unused-parameter  -Wstack-protector -fstack-protector-all -fPIC -I/home/kittie/ZENZO-Core/db4/include/ -DBOOST_SPIRIT_THREADSAFE -DHAVE_BUILD_INFO -D__STDC_FORMAT_MACROS  -U_FORTIFY_SOURCE -D_FORTIFY_SOURCE=2 conftest.cpp >&5
conftest.cpp:51:31: fatal error: bdb4/db_cxx.h: No such file or directory
compilation terminated.
configure:22580: $? = 1
configure: failed program was:
| /* confdefs.h */
| #define PACKAGE_NAME "Zenzo Core"
| #define PACKAGE_TARNAME "zenzo"
| #define PACKAGE_VERSION "1.2.0"
| #define PACKAGE_STRING "Zenzo Core 1.2.0"
| #define PACKAGE_BUGREPORT "www.zenzo.io"
| #define PACKAGE_URL ""
| #define HAVE_CXX11 1
| #define STDC_HEADERS 1
| #define HAVE_SYS_TYPES_H 1
| #define HAVE_SYS_STAT_H 1
| #define HAVE_STDLIB_H 1
| #define HAVE_STRING_H 1
| #define HAVE_MEMORY_H 1
| #define HAVE_STRINGS_H 1
| #define HAVE_INTTYPES_H 1
| #define HAVE_STDINT_H 1
| #define HAVE_UNISTD_H 1
| #define HAVE_DLFCN_H 1
| #define LT_OBJDIR ".libs/"
| #define HAVE_PTHREAD_PRIO_INHERIT 1
| #define HAVE_PTHREAD 1
| #define HAVE_DECL_STRERROR_R 1
| #define HAVE_STRERROR_R 1
| #define STRERROR_R_CHAR_P 1
| #define HAVE_FUNC_ATTRIBUTE_VISIBILITY 1
| #define HAVE_ENDIAN_H 1
| #define HAVE_STDIO_H 1
| #define HAVE_STDLIB_H 1
| #define HAVE_UNISTD_H 1
| #define HAVE_STRINGS_H 1
| #define HAVE_SYS_TYPES_H 1
| #define HAVE_SYS_STAT_H 1
| #define HAVE_SYS_SELECT_H 1
| #define HAVE_SYS_PRCTL_H 1
| #define HAVE_GETADDRINFO_A 1
| #define HAVE_INET_PTON 1
| #define HAVE_DECL_STRNLEN 1
| #define HAVE_DECL_LE32TOH 1
| #define HAVE_DECL_LE64TOH 1
| #define HAVE_DECL_HTOLE32 1
| #define HAVE_DECL_HTOLE64 1
| #define HAVE_DECL_BE32TOH 1
| #define HAVE_DECL_BE64TOH 1
| #define HAVE_DECL_HTOBE32 1
| #define HAVE_DECL_HTOBE64 1
| #define HAVE_MSG_NOSIGNAL 1
| #define HAVE_VISIBILITY_ATTRIBUTE 1
| /* end confdefs.h.  */
| 
|       #include <bdb4/db_cxx.h>
| 
| int
| main ()
| {
| 
|       #if !((DB_VERSION_MAJOR == 4 && DB_VERSION_MINOR >= 8) || DB_VERSION_MAJOR > 4)
|         #error "failed to find bdb 4.8+"
|       #endif
| 
|   ;
|   return 0;
| }
configure:22580: g++ -std=c++11 -c -g -O2 -Wall -Wextra -Wformat -Wformat-security -Wno-unused-parameter  -Wstack-protector -fstack-protector-all -fPIC -I/home/kittie/ZENZO-Core/db4/include/ -DBOOST_SPIRIT_THREADSAFE -DHAVE_BUILD_INFO -D__STDC_FORMAT_MACROS  -U_FORTIFY_SOURCE -D_FORTIFY_SOURCE=2 conftest.cpp >&5
conftest.cpp:51:33: fatal error: libdb4/db_cxx.h: No such file or directory
compilation terminated.
configure:22580: $? = 1
configure: failed program was:
| /* confdefs.h */
| #define PACKAGE_NAME "Zenzo Core"
| #define PACKAGE_TARNAME "zenzo"
| #define PACKAGE_VERSION "1.2.0"
| #define PACKAGE_STRING "Zenzo Core 1.2.0"
| #define PACKAGE_BUGREPORT "www.zenzo.io"
| #define PACKAGE_URL ""
| #define HAVE_CXX11 1
| #define STDC_HEADERS 1
| #define HAVE_SYS_TYPES_H 1
| #define HAVE_SYS_STAT_H 1
| #define HAVE_STDLIB_H 1
| #define HAVE_STRING_H 1
| #define HAVE_MEMORY_H 1
| #define HAVE_STRINGS_H 1
| #define HAVE_INTTYPES_H 1
| #define HAVE_STDINT_H 1
| #define HAVE_UNISTD_H 1
| #define HAVE_DLFCN_H 1
| #define LT_OBJDIR ".libs/"
| #define HAVE_PTHREAD_PRIO_INHERIT 1
| #define HAVE_PTHREAD 1
| #define HAVE_DECL_STRERROR_R 1
| #define HAVE_STRERROR_R 1
| #define STRERROR_R_CHAR_P 1
| #define HAVE_FUNC_ATTRIBUTE_VISIBILITY 1
| #define HAVE_ENDIAN_H 1
| #define HAVE_STDIO_H 1
| #define HAVE_STDLIB_H 1
| #define HAVE_UNISTD_H 1
| #define HAVE_STRINGS_H 1
| #define HAVE_SYS_TYPES_H 1
| #define HAVE_SYS_STAT_H 1
| #define HAVE_SYS_SELECT_H 1
| #define HAVE_SYS_PRCTL_H 1
| #define HAVE_GETADDRINFO_A 1
| #define HAVE_INET_PTON 1
| #define HAVE_DECL_STRNLEN 1
| #define HAVE_DECL_LE32TOH 1
| #define HAVE_DECL_LE64TOH 1
| #define HAVE_DECL_HTOLE32 1
| #define HAVE_DECL_HTOLE64 1
| #define HAVE_DECL_BE32TOH 1
| #define HAVE_DECL_BE64TOH 1
| #define HAVE_DECL_HTOBE32 1
| #define HAVE_DECL_HTOBE64 1
| #define HAVE_MSG_NOSIGNAL 1
| #define HAVE_VISIBILITY_ATTRIBUTE 1
| /* end confdefs.h.  */
| 
|       #include <libdb4/db_cxx.h>
| 
| int
| main ()
| {
| 
|       #if !((DB_VERSION_MAJOR == 4 && DB_VERSION_MINOR >= 8) || DB_VERSION_MAJOR > 4)
|         #error "failed to find bdb 4.8+"
|       #endif
| 
|   ;
|   return 0;
| }
configure:22580: g++ -std=c++11 -c -g -O2 -Wall -Wextra -Wformat -Wformat-security -Wno-unused-parameter  -Wstack-protector -fstack-protector-all -fPIC -I/home/kittie/ZENZO-Core/db4/include/ -DBOOST_SPIRIT_THREADSAFE -DHAVE_BUILD_INFO -D__STDC_FORMAT_MACROS  -U_FORTIFY_SOURCE -D_FORTIFY_SOURCE=2 conftest.cpp >&5
conftest.cpp:51:30: fatal error: db4/db_cxx.h: No such file or directory
compilation terminated.
configure:22580: $? = 1
configure: failed program was:
| /* confdefs.h */
| #define PACKAGE_NAME "Zenzo Core"
| #define PACKAGE_TARNAME "zenzo"
| #define PACKAGE_VERSION "1.2.0"
| #define PACKAGE_STRING "Zenzo Core 1.2.0"
| #define PACKAGE_BUGREPORT "www.zenzo.io"
| #define PACKAGE_URL ""
| #define HAVE_CXX11 1
| #define STDC_HEADERS 1
| #define HAVE_SYS_TYPES_H 1
| #define HAVE_SYS_STAT_H 1
| #define HAVE_STDLIB_H 1
| #define HAVE_STRING_H 1
| #define HAVE_MEMORY_H 1
| #define HAVE_STRINGS_H 1
| #define HAVE_INTTYPES_H 1
| #define HAVE_STDINT_H 1
| #define HAVE_UNISTD_H 1
| #define HAVE_DLFCN_H 1
| #define LT_OBJDIR ".libs/"
| #define HAVE_PTHREAD_PRIO_INHERIT 1
| #define HAVE_PTHREAD 1
| #define HAVE_DECL_STRERROR_R 1
| #define HAVE_STRERROR_R 1
| #define STRERROR_R_CHAR_P 1
| #define HAVE_FUNC_ATTRIBUTE_VISIBILITY 1
| #define HAVE_ENDIAN_H 1
| #define HAVE_STDIO_H 1
| #define HAVE_STDLIB_H 1
| #define HAVE_UNISTD_H 1
| #define HAVE_STRINGS_H 1
| #define HAVE_SYS_TYPES_H 1
| #define HAVE_SYS_STAT_H 1
| #define HAVE_SYS_SELECT_H 1
| #define HAVE_SYS_PRCTL_H 1
| #define HAVE_GETADDRINFO_A 1
| #define HAVE_INET_PTON 1
| #define HAVE_DECL_STRNLEN 1
| #define HAVE_DECL_LE32TOH 1
| #define HAVE_DECL_LE64TOH 1
| #define HAVE_DECL_HTOLE32 1
| #define HAVE_DECL_HTOLE64 1
| #define HAVE_DECL_BE32TOH 1
| #define HAVE_DECL_BE64TOH 1
| #define HAVE_DECL_HTOBE32 1
| #define HAVE_DECL_HTOBE64 1
| #define HAVE_MSG_NOSIGNAL 1
| #define HAVE_VISIBILITY_ATTRIBUTE 1
| /* end confdefs.h.  */
| 
|       #include <db4/db_cxx.h>
| 
| int
| main ()
| {
| 
|       #if !((DB_VERSION_MAJOR == 4 && DB_VERSION_MINOR >= 8) || DB_VERSION_MAJOR > 4)
|         #error "failed to find bdb 4.8+"
|       #endif
| 
|   ;
|   return 0;
| }
configure:22580: g++ -std=c++11 -c -g -O2 -Wall -Wextra -Wformat -Wformat-security -Wno-unused-parameter  -Wstack-protector -fstack-protector-all -fPIC -I/home/kittie/ZENZO-Core/db4/include/ -DBOOST_SPIRIT_THREADSAFE -DHAVE_BUILD_INFO -D__STDC_FORMAT_MACROS  -U_FORTIFY_SOURCE -D_FORTIFY_SOURCE=2 conftest.cpp >&5
conftest.cpp:51:31: fatal error: bdb5/db_cxx.h: No such file or directory
compilation terminated.
configure:22580: $? = 1
configure: failed program was:
| /* confdefs.h */
| #define PACKAGE_NAME "Zenzo Core"
| #define PACKAGE_TARNAME "zenzo"
| #define PACKAGE_VERSION "1.2.0"
| #define PACKAGE_STRING "Zenzo Core 1.2.0"
| #define PACKAGE_BUGREPORT "www.zenzo.io"
| #define PACKAGE_URL ""
| #define HAVE_CXX11 1
| #define STDC_HEADERS 1
| #define HAVE_SYS_TYPES_H 1
| #define HAVE_SYS_STAT_H 1
| #define HAVE_STDLIB_H 1
| #define HAVE_STRING_H 1
| #define HAVE_MEMORY_H 1
| #define HAVE_STRINGS_H 1
| #define HAVE_INTTYPES_H 1
| #define HAVE_STDINT_H 1
| #define HAVE_UNISTD_H 1
| #define HAVE_DLFCN_H 1
| #define LT_OBJDIR ".libs/"
| #define HAVE_PTHREAD_PRIO_INHERIT 1
| #define HAVE_PTHREAD 1
| #define HAVE_DECL_STRERROR_R 1
| #define HAVE_STRERROR_R 1
| #define STRERROR_R_CHAR_P 1
| #define HAVE_FUNC_ATTRIBUTE_VISIBILITY 1
| #define HAVE_ENDIAN_H 1
| #define HAVE_STDIO_H 1
| #define HAVE_STDLIB_H 1
| #define HAVE_UNISTD_H 1
| #define HAVE_STRINGS_H 1
| #define HAVE_SYS_TYPES_H 1
| #define HAVE_SYS_STAT_H 1
| #define HAVE_SYS_SELECT_H 1
| #define HAVE_SYS_PRCTL_H 1
| #define HAVE_GETADDRINFO_A 1
| #define HAVE_INET_PTON 1
| #define HAVE_DECL_STRNLEN 1
| #define HAVE_DECL_LE32TOH 1
| #define HAVE_DECL_LE64TOH 1
| #define HAVE_DECL_HTOLE32 1
| #define HAVE_DECL_HTOLE64 1
| #define HAVE_DECL_BE32TOH 1
| #define HAVE_DECL_BE64TOH 1
| #define HAVE_DECL_HTOBE32 1
| #define HAVE_DECL_HTOBE64 1
| #define HAVE_MSG_NOSIGNAL 1
| #define HAVE_VISIBILITY_ATTRIBUTE 1
| /* end confdefs.h.  */
| 
|       #include <bdb5/db_cxx.h>
| 
| int
| main ()
| {
| 
|       #if !((DB_VERSION_MAJOR == 4 && DB_VERSION_MINOR >= 8) || DB_VERSION_MAJOR > 4)
|         #error "failed to find bdb 4.8+"
|       #endif
| 
|   ;
|   return 0;
| }
configure:22580: g++ -std=c++11 -c -g -O2 -Wall -Wextra -Wformat -Wformat-security -Wno-unused-parameter  -Wstack-protector -fstack-protector-all -fPIC -I/home/kittie/ZENZO-Core/db4/include/ -DBOOST_SPIRIT_THREADSAFE -DHAVE_BUILD_INFO -D__STDC_FORMAT_MACROS  -U_FORTIFY_SOURCE -D_FORTIFY_SOURCE=2 conftest.cpp >&5
conftest.cpp:51:33: fatal error: libdb5/db_cxx.h: No such file or directory
compilation terminated.
configure:22580: $? = 1
configure: failed program was:
| /* confdefs.h */
| #define PACKAGE_NAME "Zenzo Core"
| #define PACKAGE_TARNAME "zenzo"
| #define PACKAGE_VERSION "1.2.0"
| #define PACKAGE_STRING "Zenzo Core 1.2.0"
| #define PACKAGE_BUGREPORT "www.zenzo.io"
| #define PACKAGE_URL ""
| #define HAVE_CXX11 1
| #define STDC_HEADERS 1
| #define HAVE_SYS_TYPES_H 1
| #define HAVE_SYS_STAT_H 1
| #define HAVE_STDLIB_H 1
| #define HAVE_STRING_H 1
| #define HAVE_MEMORY_H 1
| #define HAVE_STRINGS_H 1
| #define HAVE_INTTYPES_H 1
| #define HAVE_STDINT_H 1
| #define HAVE_UNISTD_H 1
| #define HAVE_DLFCN_H 1
| #define LT_OBJDIR ".libs/"
| #define HAVE_PTHREAD_PRIO_INHERIT 1
| #define HAVE_PTHREAD 1
| #define HAVE_DECL_STRERROR_R 1
| #define HAVE_STRERROR_R 1
| #define STRERROR_R_CHAR_P 1
| #define HAVE_FUNC_ATTRIBUTE_VISIBILITY 1
| #define HAVE_ENDIAN_H 1
| #define HAVE_STDIO_H 1
| #define HAVE_STDLIB_H 1
| #define HAVE_UNISTD_H 1
| #define HAVE_STRINGS_H 1
| #define HAVE_SYS_TYPES_H 1
| #define HAVE_SYS_STAT_H 1
| #define HAVE_SYS_SELECT_H 1
| #define HAVE_SYS_PRCTL_H 1
| #define HAVE_GETADDRINFO_A 1
| #define HAVE_INET_PTON 1
| #define HAVE_DECL_STRNLEN 1
| #define HAVE_DECL_LE32TOH 1
| #define HAVE_DECL_LE64TOH 1
| #define HAVE_DECL_HTOLE32 1
| #define HAVE_DECL_HTOLE64 1
| #define HAVE_DECL_BE32TOH 1
| #define HAVE_DECL_BE64TOH 1
| #define HAVE_DECL_HTOBE32 1
| #define HAVE_DECL_HTOBE64 1
| #define HAVE_MSG_NOSIGNAL 1
| #define HAVE_VISIBILITY_ATTRIBUTE 1
| /* end confdefs.h.  */
| 
|       #include <libdb5/db_cxx.h>
| 
| int
| main ()
| {
| 
|       #if !((DB_VERSION_MAJOR == 4 && DB_VERSION_MINOR >= 8) || DB_VERSION_MAJOR > 4)
|         #error "failed to find bdb 4.8+"
|       #endif
| 
|   ;
|   return 0;
| }
configure:22580: g++ -std=c++11 -c -g -O2 -Wall -Wextra -Wformat -Wformat-security -Wno-unused-parameter  -Wstack-protector -fstack-protector-all -fPIC -I/home/kittie/ZENZO-Core/db4/include/ -DBOOST_SPIRIT_THREADSAFE -DHAVE_BUILD_INFO -D__STDC_FORMAT_MACROS  -U_FORTIFY_SOURCE -D_FORTIFY_SOURCE=2 conftest.cpp >&5
conftest.cpp:51:30: fatal error: db5/db_cxx.h: No such file or directory
compilation terminated.
configure:22580: $? = 1
configure: failed program was:
| /* confdefs.h */
| #define PACKAGE_NAME "Zenzo Core"
| #define PACKAGE_TARNAME "zenzo"
| #define PACKAGE_VERSION "1.2.0"
| #define PACKAGE_STRING "Zenzo Core 1.2.0"
| #define PACKAGE_BUGREPORT "www.zenzo.io"
| #define PACKAGE_URL ""
| #define HAVE_CXX11 1
| #define STDC_HEADERS 1
| #define HAVE_SYS_TYPES_H 1
| #define HAVE_SYS_STAT_H 1
| #define HAVE_STDLIB_H 1
| #define HAVE_STRING_H 1
| #define HAVE_MEMORY_H 1
| #define HAVE_STRINGS_H 1
| #define HAVE_INTTYPES_H 1
| #define HAVE_STDINT_H 1
| #define HAVE_UNISTD_H 1
| #define HAVE_DLFCN_H 1
| #define LT_OBJDIR ".libs/"
| #define HAVE_PTHREAD_PRIO_INHERIT 1
| #define HAVE_PTHREAD 1
| #define HAVE_DECL_STRERROR_R 1
| #define HAVE_STRERROR_R 1
| #define STRERROR_R_CHAR_P 1
| #define HAVE_FUNC_ATTRIBUTE_VISIBILITY 1
| #define HAVE_ENDIAN_H 1
| #define HAVE_STDIO_H 1
| #define HAVE_STDLIB_H 1
| #define HAVE_UNISTD_H 1
| #define HAVE_STRINGS_H 1
| #define HAVE_SYS_TYPES_H 1
| #define HAVE_SYS_STAT_H 1
| #define HAVE_SYS_SELECT_H 1
| #define HAVE_SYS_PRCTL_H 1
| #define HAVE_GETADDRINFO_A 1
| #define HAVE_INET_PTON 1
| #define HAVE_DECL_STRNLEN 1
| #define HAVE_DECL_LE32TOH 1
| #define HAVE_DECL_LE64TOH 1
| #define HAVE_DECL_HTOLE32 1
| #define HAVE_DECL_HTOLE64 1
| #define HAVE_DECL_BE32TOH 1
| #define HAVE_DECL_BE64TOH 1
| #define HAVE_DECL_HTOBE32 1
| #define HAVE_DECL_HTOBE64 1
| #define HAVE_MSG_NOSIGNAL 1
| #define HAVE_VISIBILITY_ATTRIBUTE 1
| /* end confdefs.h.  */
| 
|       #include <db5/db_cxx.h>
| 
| int
| main ()
| {
| 
|       #if !((DB_VERSION_MAJOR == 4 && DB_VERSION_MINOR >= 8) || DB_VERSION_MAJOR > 4)
|         #error "failed to find bdb 4.8+"
|       #endif
| 
|   ;
|   return 0;
| }
configure:22580: g++ -std=c++11 -c -g -O2 -Wall -Wextra -Wformat -Wformat-security -Wno-unused-parameter  -Wstack-protector -fstack-protector-all -fPIC -I/home/kittie/ZENZO-Core/db4/include/ -DBOOST_SPIRIT_THREADSAFE -DHAVE_BUILD_INFO -D__STDC_FORMAT_MACROS  -U_FORTIFY_SOURCE -D_FORTIFY_SOURCE=2 conftest.cpp >&5
conftest.cpp:51:30: fatal error: bdb/db_cxx.h: No such file or directory
compilation terminated.
configure:22580: $? = 1
configure: failed program was:
| /* confdefs.h */
| #define PACKAGE_NAME "Zenzo Core"
| #define PACKAGE_TARNAME "zenzo"
| #define PACKAGE_VERSION "1.2.0"
| #define PACKAGE_STRING "Zenzo Core 1.2.0"
| #define PACKAGE_BUGREPORT "www.zenzo.io"
| #define PACKAGE_URL ""
| #define HAVE_CXX11 1
| #define STDC_HEADERS 1
| #define HAVE_SYS_TYPES_H 1
| #define HAVE_SYS_STAT_H 1
| #define HAVE_STDLIB_H 1
| #define HAVE_STRING_H 1
| #define HAVE_MEMORY_H 1
| #define HAVE_STRINGS_H 1
| #define HAVE_INTTYPES_H 1
| #define HAVE_STDINT_H 1
| #define HAVE_UNISTD_H 1
| #define HAVE_DLFCN_H 1
| #define LT_OBJDIR ".libs/"
| #define HAVE_PTHREAD_PRIO_INHERIT 1
| #define HAVE_PTHREAD 1
| #define HAVE_DECL_STRERROR_R 1
| #define HAVE_STRERROR_R 1
| #define STRERROR_R_CHAR_P 1
| #define HAVE_FUNC_ATTRIBUTE_VISIBILITY 1
| #define HAVE_ENDIAN_H 1
| #define HAVE_STDIO_H 1
| #define HAVE_STDLIB_H 1
| #define HAVE_UNISTD_H 1
| #define HAVE_STRINGS_H 1
| #define HAVE_SYS_TYPES_H 1
| #define HAVE_SYS_STAT_H 1
| #define HAVE_SYS_SELECT_H 1
| #define HAVE_SYS_PRCTL_H 1
| #define HAVE_GETADDRINFO_A 1
| #define HAVE_INET_PTON 1
| #define HAVE_DECL_STRNLEN 1
| #define HAVE_DECL_LE32TOH 1
| #define HAVE_DECL_LE64TOH 1
| #define HAVE_DECL_HTOLE32 1
| #define HAVE_DECL_HTOLE64 1
| #define HAVE_DECL_BE32TOH 1
| #define HAVE_DECL_BE64TOH 1
| #define HAVE_DECL_HTOBE32 1
| #define HAVE_DECL_HTOBE64 1
| #define HAVE_MSG_NOSIGNAL 1
| #define HAVE_VISIBILITY_ATTRIBUTE 1
| /* end confdefs.h.  */
| 
|       #include <bdb/db_cxx.h>
| 
| int
| main ()
| {
| 
|       #if !((DB_VERSION_MAJOR == 4 && DB_VERSION_MINOR >= 8) || DB_VERSION_MAJOR > 4)
|         #error "failed to find bdb 4.8+"
|       #endif
| 
|   ;
|   return 0;
| }
configure:22580: g++ -std=c++11 -c -g -O2 -Wall -Wextra -Wformat -Wformat-security -Wno-unused-parameter  -Wstack-protector -fstack-protector-all -fPIC -I/home/kittie/ZENZO-Core/db4/include/ -DBOOST_SPIRIT_THREADSAFE -DHAVE_BUILD_INFO -D__STDC_FORMAT_MACROS  -U_FORTIFY_SOURCE -D_FORTIFY_SOURCE=2 conftest.cpp >&5
conftest.cpp:51:32: fatal error: libdb/db_cxx.h: No such file or directory
compilation terminated.
configure:22580: $? = 1
configure: failed program was:
| /* confdefs.h */
| #define PACKAGE_NAME "Zenzo Core"
| #define PACKAGE_TARNAME "zenzo"
| #define PACKAGE_VERSION "1.2.0"
| #define PACKAGE_STRING "Zenzo Core 1.2.0"
| #define PACKAGE_BUGREPORT "www.zenzo.io"
| #define PACKAGE_URL ""
| #define HAVE_CXX11 1
| #define STDC_HEADERS 1
| #define HAVE_SYS_TYPES_H 1
| #define HAVE_SYS_STAT_H 1
| #define HAVE_STDLIB_H 1
| #define HAVE_STRING_H 1
| #define HAVE_MEMORY_H 1
| #define HAVE_STRINGS_H 1
| #define HAVE_INTTYPES_H 1
| #define HAVE_STDINT_H 1
| #define HAVE_UNISTD_H 1
| #define HAVE_DLFCN_H 1
| #define LT_OBJDIR ".libs/"
| #define HAVE_PTHREAD_PRIO_INHERIT 1
| #define HAVE_PTHREAD 1
| #define HAVE_DECL_STRERROR_R 1
| #define HAVE_STRERROR_R 1
| #define STRERROR_R_CHAR_P 1
| #define HAVE_FUNC_ATTRIBUTE_VISIBILITY 1
| #define HAVE_ENDIAN_H 1
| #define HAVE_STDIO_H 1
| #define HAVE_STDLIB_H 1
| #define HAVE_UNISTD_H 1
| #define HAVE_STRINGS_H 1
| #define HAVE_SYS_TYPES_H 1
| #define HAVE_SYS_STAT_H 1
| #define HAVE_SYS_SELECT_H 1
| #define HAVE_SYS_PRCTL_H 1
| #define HAVE_GETADDRINFO_A 1
| #define HAVE_INET_PTON 1
| #define HAVE_DECL_STRNLEN 1
| #define HAVE_DECL_LE32TOH 1
| #define HAVE_DECL_LE64TOH 1
| #define HAVE_DECL_HTOLE32 1
| #define HAVE_DECL_HTOLE64 1
| #define HAVE_DECL_BE32TOH 1
| #define HAVE_DECL_BE64TOH 1
| #define HAVE_DECL_HTOBE32 1
| #define HAVE_DECL_HTOBE64 1
| #define HAVE_MSG_NOSIGNAL 1
| #define HAVE_VISIBILITY_ATTRIBUTE 1
| /* end confdefs.h.  */
| 
|       #include <libdb/db_cxx.h>
| 
| int
| main ()
| {
| 
|       #if !((DB_VERSION_MAJOR == 4 && DB_VERSION_MINOR >= 8) || DB_VERSION_MAJOR > 4)
|         #error "failed to find bdb 4.8+"
|       #endif
| 
|   ;
|   return 0;
| }
configure:22580: g++ -std=c++11 -c -g -O2 -Wall -Wextra -Wformat -Wformat-security -Wno-unused-parameter  -Wstack-protector -fstack-protector-all -fPIC -I/home/kittie/ZENZO-Core/db4/include/ -DBOOST_SPIRIT_THREADSAFE -DHAVE_BUILD_INFO -D__STDC_FORMAT_MACROS  -U_FORTIFY_SOURCE -D_FORTIFY_SOURCE=2 conftest.cpp >&5
conftest.cpp:51:29: fatal error: db/db_cxx.h: No such file or directory
compilation terminated.
configure:22580: $? = 1
configure: failed program was:
| /* confdefs.h */
| #define PACKAGE_NAME "Zenzo Core"
| #define PACKAGE_TARNAME "zenzo"
| #define PACKAGE_VERSION "1.2.0"
| #define PACKAGE_STRING "Zenzo Core 1.2.0"
| #define PACKAGE_BUGREPORT "www.zenzo.io"
| #define PACKAGE_URL ""
| #define HAVE_CXX11 1
| #define STDC_HEADERS 1
| #define HAVE_SYS_TYPES_H 1
| #define HAVE_SYS_STAT_H 1
| #define HAVE_STDLIB_H 1
| #define HAVE_STRING_H 1
| #define HAVE_MEMORY_H 1
| #define HAVE_STRINGS_H 1
| #define HAVE_INTTYPES_H 1
| #define HAVE_STDINT_H 1
| #define HAVE_UNISTD_H 1
| #define HAVE_DLFCN_H 1
| #define LT_OBJDIR ".libs/"
| #define HAVE_PTHREAD_PRIO_INHERIT 1
| #define HAVE_PTHREAD 1
| #define HAVE_DECL_STRERROR_R 1
| #define HAVE_STRERROR_R 1
| #define STRERROR_R_CHAR_P 1
| #define HAVE_FUNC_ATTRIBUTE_VISIBILITY 1
| #define HAVE_ENDIAN_H 1
| #define HAVE_STDIO_H 1
| #define HAVE_STDLIB_H 1
| #define HAVE_UNISTD_H 1
| #define HAVE_STRINGS_H 1
| #define HAVE_SYS_TYPES_H 1
| #define HAVE_SYS_STAT_H 1
| #define HAVE_SYS_SELECT_H 1
| #define HAVE_SYS_PRCTL_H 1
| #define HAVE_GETADDRINFO_A 1
| #define HAVE_INET_PTON 1
| #define HAVE_DECL_STRNLEN 1
| #define HAVE_DECL_LE32TOH 1
| #define HAVE_DECL_LE64TOH 1
| #define HAVE_DECL_HTOLE32 1
| #define HAVE_DECL_HTOLE64 1
| #define HAVE_DECL_BE32TOH 1
| #define HAVE_DECL_BE64TOH 1
| #define HAVE_DECL_HTOBE32 1
| #define HAVE_DECL_HTOBE64 1
| #define HAVE_MSG_NOSIGNAL 1
| #define HAVE_VISIBILITY_ATTRIBUTE 1
| /* end confdefs.h.  */
| 
|       #include <db/db_cxx.h>
| 
| int
| main ()
| {
| 
|       #if !((DB_VERSION_MAJOR == 4 && DB_VERSION_MINOR >= 8) || DB_VERSION_MAJOR > 4)
|         #error "failed to find bdb 4.8+"
|       #endif
| 
|   ;
|   return 0;
| }
configure:22580: g++ -std=c++11 -c -g -O2 -Wall -Wextra -Wformat -Wformat-security -Wno-unused-parameter  -Wstack-protector -fstack-protector-all -fPIC -I/home/kittie/ZENZO-Core/db4/include/ -DBOOST_SPIRIT_THREADSAFE -DHAVE_BUILD_INFO -D__STDC_FORMAT_MACROS  -U_FORTIFY_SOURCE -D_FORTIFY_SOURCE=2 conftest.cpp >&5
configure:22580: $? = 0
configure:22609: g++ -std=c++11 -c -g -O2 -Wall -Wextra -Wformat -Wformat-security -Wno-unused-parameter  -Wstack-protector -fstack-protector-all -fPIC -I/home/kittie/ZENZO-Core/db4/include/ -DBOOST_SPIRIT_THREADSAFE -DHAVE_BUILD_INFO -D__STDC_FORMAT_MACROS  -U_FORTIFY_SOURCE -D_FORTIFY_SOURCE=2 conftest.cpp >&5
configure:22609: $? = 0
configure:22652: result: default
configure:22671: checking for main in -ldb_cxx-4.8
configure:22690: g++ -std=c++11 -o conftest -g -O2 -Wall -Wextra -Wformat -Wformat-security -Wno-unused-parameter  -Wstack-protector -fstack-protector-all -fPIC -I/home/kittie/ZENZO-Core/db4/include/ -DBOOST_SPIRIT_THREADSAFE -DHAVE_BUILD_INFO -D__STDC_FORMAT_MACROS  -U_FORTIFY_SOURCE -D_FORTIFY_SOURCE=2 -L/home/kittie/ZENZO-Core/db4/lib/  -Wl,-z,relro -Wl,-z,now conftest.cpp -ldb_cxx-4.8  -lanl  >&5
configure:22690: $? = 0
configure:22700: result: yes
configure:22721: checking miniupnpc/miniwget.h usability
configure:22721: g++ -std=c++11 -c -g -O2 -Wall -Wextra -Wformat -Wformat-security -Wno-unused-parameter  -Wstack-protector -fstack-protector-all -fPIC -I/home/kittie/ZENZO-Core/db4/include/ -DBOOST_SPIRIT_THREADSAFE -DHAVE_BUILD_INFO -D__STDC_FORMAT_MACROS  -U_FORTIFY_SOURCE -D_FORTIFY_SOURCE=2 conftest.cpp >&5
conftest.cpp:83:32: fatal error: miniupnpc/miniwget.h: No such file or directory
compilation terminated.
configure:22721: $? = 1
configure: failed program was:
| /* confdefs.h */
| #define PACKAGE_NAME "Zenzo Core"
| #define PACKAGE_TARNAME "zenzo"
| #define PACKAGE_VERSION "1.2.0"
| #define PACKAGE_STRING "Zenzo Core 1.2.0"
| #define PACKAGE_BUGREPORT "www.zenzo.io"
| #define PACKAGE_URL ""
| #define HAVE_CXX11 1
| #define STDC_HEADERS 1
| #define HAVE_SYS_TYPES_H 1
| #define HAVE_SYS_STAT_H 1
| #define HAVE_STDLIB_H 1
| #define HAVE_STRING_H 1
| #define HAVE_MEMORY_H 1
| #define HAVE_STRINGS_H 1
| #define HAVE_INTTYPES_H 1
| #define HAVE_STDINT_H 1
| #define HAVE_UNISTD_H 1
| #define HAVE_DLFCN_H 1
| #define LT_OBJDIR ".libs/"
| #define HAVE_PTHREAD_PRIO_INHERIT 1
| #define HAVE_PTHREAD 1
| #define HAVE_DECL_STRERROR_R 1
| #define HAVE_STRERROR_R 1
| #define STRERROR_R_CHAR_P 1
| #define HAVE_FUNC_ATTRIBUTE_VISIBILITY 1
| #define HAVE_ENDIAN_H 1
| #define HAVE_STDIO_H 1
| #define HAVE_STDLIB_H 1
| #define HAVE_UNISTD_H 1
| #define HAVE_STRINGS_H 1
| #define HAVE_SYS_TYPES_H 1
| #define HAVE_SYS_STAT_H 1
| #define HAVE_SYS_SELECT_H 1
| #define HAVE_SYS_PRCTL_H 1
| #define HAVE_GETADDRINFO_A 1
| #define HAVE_INET_PTON 1
| #define HAVE_DECL_STRNLEN 1
| #define HAVE_DECL_LE32TOH 1
| #define HAVE_DECL_LE64TOH 1
| #define HAVE_DECL_HTOLE32 1
| #define HAVE_DECL_HTOLE64 1
| #define HAVE_DECL_BE32TOH 1
| #define HAVE_DECL_BE64TOH 1
| #define HAVE_DECL_HTOBE32 1
| #define HAVE_DECL_HTOBE64 1
| #define HAVE_MSG_NOSIGNAL 1
| #define HAVE_VISIBILITY_ATTRIBUTE 1
| /* end confdefs.h.  */
| #include <stdio.h>
| #ifdef HAVE_SYS_TYPES_H
| # include <sys/types.h>
| #endif
| #ifdef HAVE_SYS_STAT_H
| # include <sys/stat.h>
| #endif
| #ifdef STDC_HEADERS
| # include <stdlib.h>
| # include <stddef.h>
| #else
| # ifdef HAVE_STDLIB_H
| #  include <stdlib.h>
| # endif
| #endif
| #ifdef HAVE_STRING_H
| # if !defined STDC_HEADERS && defined HAVE_MEMORY_H
| #  include <memory.h>
| # endif
| # include <string.h>
| #endif
| #ifdef HAVE_STRINGS_H
| # include <strings.h>
| #endif
| #ifdef HAVE_INTTYPES_H
| # include <inttypes.h>
| #endif
| #ifdef HAVE_STDINT_H
| # include <stdint.h>
| #endif
| #ifdef HAVE_UNISTD_H
| # include <unistd.h>
| #endif
| #include <miniupnpc/miniwget.h>
configure:22721: result: no
configure:22721: checking miniupnpc/miniwget.h presence
configure:22721: g++ -std=c++11 -E -I/home/kittie/ZENZO-Core/db4/include/ -DBOOST_SPIRIT_THREADSAFE -DHAVE_BUILD_INFO -D__STDC_FORMAT_MACROS  -U_FORTIFY_SOURCE -D_FORTIFY_SOURCE=2 conftest.cpp
conftest.cpp:50:32: fatal error: miniupnpc/miniwget.h: No such file or directory
compilation terminated.
configure:22721: $? = 1
configure: failed program was:
| /* confdefs.h */
| #define PACKAGE_NAME "Zenzo Core"
| #define PACKAGE_TARNAME "zenzo"
| #define PACKAGE_VERSION "1.2.0"
| #define PACKAGE_STRING "Zenzo Core 1.2.0"
| #define PACKAGE_BUGREPORT "www.zenzo.io"
| #define PACKAGE_URL ""
| #define HAVE_CXX11 1
| #define STDC_HEADERS 1
| #define HAVE_SYS_TYPES_H 1
| #define HAVE_SYS_STAT_H 1
| #define HAVE_STDLIB_H 1
| #define HAVE_STRING_H 1
| #define HAVE_MEMORY_H 1
| #define HAVE_STRINGS_H 1
| #define HAVE_INTTYPES_H 1
| #define HAVE_STDINT_H 1
| #define HAVE_UNISTD_H 1
| #define HAVE_DLFCN_H 1
| #define LT_OBJDIR ".libs/"
| #define HAVE_PTHREAD_PRIO_INHERIT 1
| #define HAVE_PTHREAD 1
| #define HAVE_DECL_STRERROR_R 1
| #define HAVE_STRERROR_R 1
| #define STRERROR_R_CHAR_P 1
| #define HAVE_FUNC_ATTRIBUTE_VISIBILITY 1
| #define HAVE_ENDIAN_H 1
| #define HAVE_STDIO_H 1
| #define HAVE_STDLIB_H 1
| #define HAVE_UNISTD_H 1
| #define HAVE_STRINGS_H 1
| #define HAVE_SYS_TYPES_H 1
| #define HAVE_SYS_STAT_H 1
| #define HAVE_SYS_SELECT_H 1
| #define HAVE_SYS_PRCTL_H 1
| #define HAVE_GETADDRINFO_A 1
| #define HAVE_INET_PTON 1
| #define HAVE_DECL_STRNLEN 1
| #define HAVE_DECL_LE32TOH 1
| #define HAVE_DECL_LE64TOH 1
| #define HAVE_DECL_HTOLE32 1
| #define HAVE_DECL_HTOLE64 1
| #define HAVE_DECL_BE32TOH 1
| #define HAVE_DECL_BE64TOH 1
| #define HAVE_DECL_HTOBE32 1
| #define HAVE_DECL_HTOBE64 1
| #define HAVE_MSG_NOSIGNAL 1
| #define HAVE_VISIBILITY_ATTRIBUTE 1
| /* end confdefs.h.  */
| #include <miniupnpc/miniwget.h>
configure:22721: result: no
configure:22721: checking for miniupnpc/miniwget.h
configure:22721: result: no
configure:22721: checking miniupnpc/miniupnpc.h usability
configure:22721: g++ -std=c++11 -c -g -O2 -Wall -Wextra -Wformat -Wformat-security -Wno-unused-parameter  -Wstack-protector -fstack-protector-all -fPIC -I/home/kittie/ZENZO-Core/db4/include/ -DBOOST_SPIRIT_THREADSAFE -DHAVE_BUILD_INFO -D__STDC_FORMAT_MACROS  -U_FORTIFY_SOURCE -D_FORTIFY_SOURCE=2 conftest.cpp >&5
conftest.cpp:83:33: fatal error: miniupnpc/miniupnpc.h: No such file or directory
compilation terminated.
configure:22721: $? = 1
configure: failed program was:
| /* confdefs.h */
| #define PACKAGE_NAME "Zenzo Core"
| #define PACKAGE_TARNAME "zenzo"
| #define PACKAGE_VERSION "1.2.0"
| #define PACKAGE_STRING "Zenzo Core 1.2.0"
| #define PACKAGE_BUGREPORT "www.zenzo.io"
| #define PACKAGE_URL ""
| #define HAVE_CXX11 1
| #define STDC_HEADERS 1
| #define HAVE_SYS_TYPES_H 1
| #define HAVE_SYS_STAT_H 1
| #define HAVE_STDLIB_H 1
| #define HAVE_STRING_H 1
| #define HAVE_MEMORY_H 1
| #define HAVE_STRINGS_H 1
| #define HAVE_INTTYPES_H 1
| #define HAVE_STDINT_H 1
| #define HAVE_UNISTD_H 1
| #define HAVE_DLFCN_H 1
| #define LT_OBJDIR ".libs/"
| #define HAVE_PTHREAD_PRIO_INHERIT 1
| #define HAVE_PTHREAD 1
| #define HAVE_DECL_STRERROR_R 1
| #define HAVE_STRERROR_R 1
| #define STRERROR_R_CHAR_P 1
| #define HAVE_FUNC_ATTRIBUTE_VISIBILITY 1
| #define HAVE_ENDIAN_H 1
| #define HAVE_STDIO_H 1
| #define HAVE_STDLIB_H 1
| #define HAVE_UNISTD_H 1
| #define HAVE_STRINGS_H 1
| #define HAVE_SYS_TYPES_H 1
| #define HAVE_SYS_STAT_H 1
| #define HAVE_SYS_SELECT_H 1
| #define HAVE_SYS_PRCTL_H 1
| #define HAVE_GETADDRINFO_A 1
| #define HAVE_INET_PTON 1
| #define HAVE_DECL_STRNLEN 1
| #define HAVE_DECL_LE32TOH 1
| #define HAVE_DECL_LE64TOH 1
| #define HAVE_DECL_HTOLE32 1
| #define HAVE_DECL_HTOLE64 1
| #define HAVE_DECL_BE32TOH 1
| #define HAVE_DECL_BE64TOH 1
| #define HAVE_DECL_HTOBE32 1
| #define HAVE_DECL_HTOBE64 1
| #define HAVE_MSG_NOSIGNAL 1
| #define HAVE_VISIBILITY_ATTRIBUTE 1
| /* end confdefs.h.  */
| #include <stdio.h>
| #ifdef HAVE_SYS_TYPES_H
| # include <sys/types.h>
| #endif
| #ifdef HAVE_SYS_STAT_H
| # include <sys/stat.h>
| #endif
| #ifdef STDC_HEADERS
| # include <stdlib.h>
| # include <stddef.h>
| #else
| # ifdef HAVE_STDLIB_H
| #  include <stdlib.h>
| # endif
| #endif
| #ifdef HAVE_STRING_H
| # if !defined STDC_HEADERS && defined HAVE_MEMORY_H
| #  include <memory.h>
| # endif
| # include <string.h>
| #endif
| #ifdef HAVE_STRINGS_H
| # include <strings.h>
| #endif
| #ifdef HAVE_INTTYPES_H
| # include <inttypes.h>
| #endif
| #ifdef HAVE_STDINT_H
| # include <stdint.h>
| #endif
| #ifdef HAVE_UNISTD_H
| # include <unistd.h>
| #endif
| #include <miniupnpc/miniupnpc.h>
configure:22721: result: no
configure:22721: checking miniupnpc/miniupnpc.h presence
configure:22721: g++ -std=c++11 -E -I/home/kittie/ZENZO-Core/db4/include/ -DBOOST_SPIRIT_THREADSAFE -DHAVE_BUILD_INFO -D__STDC_FORMAT_MACROS  -U_FORTIFY_SOURCE -D_FORTIFY_SOURCE=2 conftest.cpp
conftest.cpp:50:33: fatal error: miniupnpc/miniupnpc.h: No such file or directory
compilation terminated.
configure:22721: $? = 1
configure: failed program was:
| /* confdefs.h */
| #define PACKAGE_NAME "Zenzo Core"
| #define PACKAGE_TARNAME "zenzo"
| #define PACKAGE_VERSION "1.2.0"
| #define PACKAGE_STRING "Zenzo Core 1.2.0"
| #define PACKAGE_BUGREPORT "www.zenzo.io"
| #define PACKAGE_URL ""
| #define HAVE_CXX11 1
| #define STDC_HEADERS 1
| #define HAVE_SYS_TYPES_H 1
| #define HAVE_SYS_STAT_H 1
| #define HAVE_STDLIB_H 1
| #define HAVE_STRING_H 1
| #define HAVE_MEMORY_H 1
| #define HAVE_STRINGS_H 1
| #define HAVE_INTTYPES_H 1
| #define HAVE_STDINT_H 1
| #define HAVE_UNISTD_H 1
| #define HAVE_DLFCN_H 1
| #define LT_OBJDIR ".libs/"
| #define HAVE_PTHREAD_PRIO_INHERIT 1
| #define HAVE_PTHREAD 1
| #define HAVE_DECL_STRERROR_R 1
| #define HAVE_STRERROR_R 1
| #define STRERROR_R_CHAR_P 1
| #define HAVE_FUNC_ATTRIBUTE_VISIBILITY 1
| #define HAVE_ENDIAN_H 1
| #define HAVE_STDIO_H 1
| #define HAVE_STDLIB_H 1
| #define HAVE_UNISTD_H 1
| #define HAVE_STRINGS_H 1
| #define HAVE_SYS_TYPES_H 1
| #define HAVE_SYS_STAT_H 1
| #define HAVE_SYS_SELECT_H 1
| #define HAVE_SYS_PRCTL_H 1
| #define HAVE_GETADDRINFO_A 1
| #define HAVE_INET_PTON 1
| #define HAVE_DECL_STRNLEN 1
| #define HAVE_DECL_LE32TOH 1
| #define HAVE_DECL_LE64TOH 1
| #define HAVE_DECL_HTOLE32 1
| #define HAVE_DECL_HTOLE64 1
| #define HAVE_DECL_BE32TOH 1
| #define HAVE_DECL_BE64TOH 1
| #define HAVE_DECL_HTOBE32 1
| #define HAVE_DECL_HTOBE64 1
| #define HAVE_MSG_NOSIGNAL 1
| #define HAVE_VISIBILITY_ATTRIBUTE 1
| /* end confdefs.h.  */
| #include <miniupnpc/miniupnpc.h>
configure:22721: result: no
configure:22721: checking for miniupnpc/miniupnpc.h
configure:22721: result: no
configure:22721: checking miniupnpc/upnpcommands.h usability
configure:22721: g++ -std=c++11 -c -g -O2 -Wall -Wextra -Wformat -Wformat-security -Wno-unused-parameter  -Wstack-protector -fstack-protector-all -fPIC -I/home/kittie/ZENZO-Core/db4/include/ -DBOOST_SPIRIT_THREADSAFE -DHAVE_BUILD_INFO -D__STDC_FORMAT_MACROS  -U_FORTIFY_SOURCE -D_FORTIFY_SOURCE=2 conftest.cpp >&5
conftest.cpp:83:36: fatal error: miniupnpc/upnpcommands.h: No such file or directory
compilation terminated.
configure:22721: $? = 1
configure: failed program was:
| /* confdefs.h */
| #define PACKAGE_NAME "Zenzo Core"
| #define PACKAGE_TARNAME "zenzo"
| #define PACKAGE_VERSION "1.2.0"
| #define PACKAGE_STRING "Zenzo Core 1.2.0"
| #define PACKAGE_BUGREPORT "www.zenzo.io"
| #define PACKAGE_URL ""
| #define HAVE_CXX11 1
| #define STDC_HEADERS 1
| #define HAVE_SYS_TYPES_H 1
| #define HAVE_SYS_STAT_H 1
| #define HAVE_STDLIB_H 1
| #define HAVE_STRING_H 1
| #define HAVE_MEMORY_H 1
| #define HAVE_STRINGS_H 1
| #define HAVE_INTTYPES_H 1
| #define HAVE_STDINT_H 1
| #define HAVE_UNISTD_H 1
| #define HAVE_DLFCN_H 1
| #define LT_OBJDIR ".libs/"
| #define HAVE_PTHREAD_PRIO_INHERIT 1
| #define HAVE_PTHREAD 1
| #define HAVE_DECL_STRERROR_R 1
| #define HAVE_STRERROR_R 1
| #define STRERROR_R_CHAR_P 1
| #define HAVE_FUNC_ATTRIBUTE_VISIBILITY 1
| #define HAVE_ENDIAN_H 1
| #define HAVE_STDIO_H 1
| #define HAVE_STDLIB_H 1
| #define HAVE_UNISTD_H 1
| #define HAVE_STRINGS_H 1
| #define HAVE_SYS_TYPES_H 1
| #define HAVE_SYS_STAT_H 1
| #define HAVE_SYS_SELECT_H 1
| #define HAVE_SYS_PRCTL_H 1
| #define HAVE_GETADDRINFO_A 1
| #define HAVE_INET_PTON 1
| #define HAVE_DECL_STRNLEN 1
| #define HAVE_DECL_LE32TOH 1
| #define HAVE_DECL_LE64TOH 1
| #define HAVE_DECL_HTOLE32 1
| #define HAVE_DECL_HTOLE64 1
| #define HAVE_DECL_BE32TOH 1
| #define HAVE_DECL_BE64TOH 1
| #define HAVE_DECL_HTOBE32 1
| #define HAVE_DECL_HTOBE64 1
| #define HAVE_MSG_NOSIGNAL 1
| #define HAVE_VISIBILITY_ATTRIBUTE 1
| /* end confdefs.h.  */
| #include <stdio.h>
| #ifdef HAVE_SYS_TYPES_H
| # include <sys/types.h>
| #endif
| #ifdef HAVE_SYS_STAT_H
| # include <sys/stat.h>
| #endif
| #ifdef STDC_HEADERS
| # include <stdlib.h>
| # include <stddef.h>
| #else
| # ifdef HAVE_STDLIB_H
| #  include <stdlib.h>
| # endif
| #endif
| #ifdef HAVE_STRING_H
| # if !defined STDC_HEADERS && defined HAVE_MEMORY_H
| #  include <memory.h>
| # endif
| # include <string.h>
| #endif
| #ifdef HAVE_STRINGS_H
| # include <strings.h>
| #endif
| #ifdef HAVE_INTTYPES_H
| # include <inttypes.h>
| #endif
| #ifdef HAVE_STDINT_H
| # include <stdint.h>
| #endif
| #ifdef HAVE_UNISTD_H
| # include <unistd.h>
| #endif
| #include <miniupnpc/upnpcommands.h>
configure:22721: result: no
configure:22721: checking miniupnpc/upnpcommands.h presence
configure:22721: g++ -std=c++11 -E -I/home/kittie/ZENZO-Core/db4/include/ -DBOOST_SPIRIT_THREADSAFE -DHAVE_BUILD_INFO -D__STDC_FORMAT_MACROS  -U_FORTIFY_SOURCE -D_FORTIFY_SOURCE=2 conftest.cpp
conftest.cpp:50:36: fatal error: miniupnpc/upnpcommands.h: No such file or directory
compilation terminated.
configure:22721: $? = 1
configure: failed program was:
| /* confdefs.h */
| #define PACKAGE_NAME "Zenzo Core"
| #define PACKAGE_TARNAME "zenzo"
| #define PACKAGE_VERSION "1.2.0"
| #define PACKAGE_STRING "Zenzo Core 1.2.0"
| #define PACKAGE_BUGREPORT "www.zenzo.io"
| #define PACKAGE_URL ""
| #define HAVE_CXX11 1
| #define STDC_HEADERS 1
| #define HAVE_SYS_TYPES_H 1
| #define HAVE_SYS_STAT_H 1
| #define HAVE_STDLIB_H 1
| #define HAVE_STRING_H 1
| #define HAVE_MEMORY_H 1
| #define HAVE_STRINGS_H 1
| #define HAVE_INTTYPES_H 1
| #define HAVE_STDINT_H 1
| #define HAVE_UNISTD_H 1
| #define HAVE_DLFCN_H 1
| #define LT_OBJDIR ".libs/"
| #define HAVE_PTHREAD_PRIO_INHERIT 1
| #define HAVE_PTHREAD 1
| #define HAVE_DECL_STRERROR_R 1
| #define HAVE_STRERROR_R 1
| #define STRERROR_R_CHAR_P 1
| #define HAVE_FUNC_ATTRIBUTE_VISIBILITY 1
| #define HAVE_ENDIAN_H 1
| #define HAVE_STDIO_H 1
| #define HAVE_STDLIB_H 1
| #define HAVE_UNISTD_H 1
| #define HAVE_STRINGS_H 1
| #define HAVE_SYS_TYPES_H 1
| #define HAVE_SYS_STAT_H 1
| #define HAVE_SYS_SELECT_H 1
| #define HAVE_SYS_PRCTL_H 1
| #define HAVE_GETADDRINFO_A 1
| #define HAVE_INET_PTON 1
| #define HAVE_DECL_STRNLEN 1
| #define HAVE_DECL_LE32TOH 1
| #define HAVE_DECL_LE64TOH 1
| #define HAVE_DECL_HTOLE32 1
| #define HAVE_DECL_HTOLE64 1
| #define HAVE_DECL_BE32TOH 1
| #define HAVE_DECL_BE64TOH 1
| #define HAVE_DECL_HTOBE32 1
| #define HAVE_DECL_HTOBE64 1
| #define HAVE_MSG_NOSIGNAL 1
| #define HAVE_VISIBILITY_ATTRIBUTE 1
| /* end confdefs.h.  */
| #include <miniupnpc/upnpcommands.h>
configure:22721: result: no
configure:22721: checking for miniupnpc/upnpcommands.h
configure:22721: result: no
configure:22721: checking miniupnpc/upnperrors.h usability
configure:22721: g++ -std=c++11 -c -g -O2 -Wall -Wextra -Wformat -Wformat-security -Wno-unused-parameter  -Wstack-protector -fstack-protector-all -fPIC -I/home/kittie/ZENZO-Core/db4/include/ -DBOOST_SPIRIT_THREADSAFE -DHAVE_BUILD_INFO -D__STDC_FORMAT_MACROS  -U_FORTIFY_SOURCE -D_FORTIFY_SOURCE=2 conftest.cpp >&5
conftest.cpp:83:34: fatal error: miniupnpc/upnperrors.h: No such file or directory
compilation terminated.
configure:22721: $? = 1
configure: failed program was:
| /* confdefs.h */
| #define PACKAGE_NAME "Zenzo Core"
| #define PACKAGE_TARNAME "zenzo"
| #define PACKAGE_VERSION "1.2.0"
| #define PACKAGE_STRING "Zenzo Core 1.2.0"
| #define PACKAGE_BUGREPORT "www.zenzo.io"
| #define PACKAGE_URL ""
| #define HAVE_CXX11 1
| #define STDC_HEADERS 1
| #define HAVE_SYS_TYPES_H 1
| #define HAVE_SYS_STAT_H 1
| #define HAVE_STDLIB_H 1
| #define HAVE_STRING_H 1
| #define HAVE_MEMORY_H 1
| #define HAVE_STRINGS_H 1
| #define HAVE_INTTYPES_H 1
| #define HAVE_STDINT_H 1
| #define HAVE_UNISTD_H 1
| #define HAVE_DLFCN_H 1
| #define LT_OBJDIR ".libs/"
| #define HAVE_PTHREAD_PRIO_INHERIT 1
| #define HAVE_PTHREAD 1
| #define HAVE_DECL_STRERROR_R 1
| #define HAVE_STRERROR_R 1
| #define STRERROR_R_CHAR_P 1
| #define HAVE_FUNC_ATTRIBUTE_VISIBILITY 1
| #define HAVE_ENDIAN_H 1
| #define HAVE_STDIO_H 1
| #define HAVE_STDLIB_H 1
| #define HAVE_UNISTD_H 1
| #define HAVE_STRINGS_H 1
| #define HAVE_SYS_TYPES_H 1
| #define HAVE_SYS_STAT_H 1
| #define HAVE_SYS_SELECT_H 1
| #define HAVE_SYS_PRCTL_H 1
| #define HAVE_GETADDRINFO_A 1
| #define HAVE_INET_PTON 1
| #define HAVE_DECL_STRNLEN 1
| #define HAVE_DECL_LE32TOH 1
| #define HAVE_DECL_LE64TOH 1
| #define HAVE_DECL_HTOLE32 1
| #define HAVE_DECL_HTOLE64 1
| #define HAVE_DECL_BE32TOH 1
| #define HAVE_DECL_BE64TOH 1
| #define HAVE_DECL_HTOBE32 1
| #define HAVE_DECL_HTOBE64 1
| #define HAVE_MSG_NOSIGNAL 1
| #define HAVE_VISIBILITY_ATTRIBUTE 1
| /* end confdefs.h.  */
| #include <stdio.h>
| #ifdef HAVE_SYS_TYPES_H
| # include <sys/types.h>
| #endif
| #ifdef HAVE_SYS_STAT_H
| # include <sys/stat.h>
| #endif
| #ifdef STDC_HEADERS
| # include <stdlib.h>
| # include <stddef.h>
| #else
| # ifdef HAVE_STDLIB_H
| #  include <stdlib.h>
| # endif
| #endif
| #ifdef HAVE_STRING_H
| # if !defined STDC_HEADERS && defined HAVE_MEMORY_H
| #  include <memory.h>
| # endif
| # include <string.h>
| #endif
| #ifdef HAVE_STRINGS_H
| # include <strings.h>
| #endif
| #ifdef HAVE_INTTYPES_H
| # include <inttypes.h>
| #endif
| #ifdef HAVE_STDINT_H
| # include <stdint.h>
| #endif
| #ifdef HAVE_UNISTD_H
| # include <unistd.h>
| #endif
| #include <miniupnpc/upnperrors.h>
configure:22721: result: no
configure:22721: checking miniupnpc/upnperrors.h presence
configure:22721: g++ -std=c++11 -E -I/home/kittie/ZENZO-Core/db4/include/ -DBOOST_SPIRIT_THREADSAFE -DHAVE_BUILD_INFO -D__STDC_FORMAT_MACROS  -U_FORTIFY_SOURCE -D_FORTIFY_SOURCE=2 conftest.cpp
conftest.cpp:50:34: fatal error: miniupnpc/upnperrors.h: No such file or directory
compilation terminated.
configure:22721: $? = 1
configure: failed program was:
| /* confdefs.h */
| #define PACKAGE_NAME "Zenzo Core"
| #define PACKAGE_TARNAME "zenzo"
| #define PACKAGE_VERSION "1.2.0"
| #define PACKAGE_STRING "Zenzo Core 1.2.0"
| #define PACKAGE_BUGREPORT "www.zenzo.io"
| #define PACKAGE_URL ""
| #define HAVE_CXX11 1
| #define STDC_HEADERS 1
| #define HAVE_SYS_TYPES_H 1
| #define HAVE_SYS_STAT_H 1
| #define HAVE_STDLIB_H 1
| #define HAVE_STRING_H 1
| #define HAVE_MEMORY_H 1
| #define HAVE_STRINGS_H 1
| #define HAVE_INTTYPES_H 1
| #define HAVE_STDINT_H 1
| #define HAVE_UNISTD_H 1
| #define HAVE_DLFCN_H 1
| #define LT_OBJDIR ".libs/"
| #define HAVE_PTHREAD_PRIO_INHERIT 1
| #define HAVE_PTHREAD 1
| #define HAVE_DECL_STRERROR_R 1
| #define HAVE_STRERROR_R 1
| #define STRERROR_R_CHAR_P 1
| #define HAVE_FUNC_ATTRIBUTE_VISIBILITY 1
| #define HAVE_ENDIAN_H 1
| #define HAVE_STDIO_H 1
| #define HAVE_STDLIB_H 1
| #define HAVE_UNISTD_H 1
| #define HAVE_STRINGS_H 1
| #define HAVE_SYS_TYPES_H 1
| #define HAVE_SYS_STAT_H 1
| #define HAVE_SYS_SELECT_H 1
| #define HAVE_SYS_PRCTL_H 1
| #define HAVE_GETADDRINFO_A 1
| #define HAVE_INET_PTON 1
| #define HAVE_DECL_STRNLEN 1
| #define HAVE_DECL_LE32TOH 1
| #define HAVE_DECL_LE64TOH 1
| #define HAVE_DECL_HTOLE32 1
| #define HAVE_DECL_HTOLE64 1
| #define HAVE_DECL_BE32TOH 1
| #define HAVE_DECL_BE64TOH 1
| #define HAVE_DECL_HTOBE32 1
| #define HAVE_DECL_HTOBE64 1
| #define HAVE_MSG_NOSIGNAL 1
| #define HAVE_VISIBILITY_ATTRIBUTE 1
| /* end confdefs.h.  */
| #include <miniupnpc/upnperrors.h>
configure:22721: result: no
configure:22721: checking for miniupnpc/upnperrors.h
configure:22721: result: no
configure:22864: checking for QT
configure:22871: $PKG_CONFIG --exists --print-errors "$qt5_modules"
configure:22874: $? = 0
configure:22888: $PKG_CONFIG --exists --print-errors "$qt5_modules"
configure:22891: $? = 0
configure:22929: result: yes
configure:23181: checking for QT_TEST
configure:23188: $PKG_CONFIG --exists --print-errors "${QT_LIB_PREFIX}Test"
configure:23191: $? = 0
configure:23205: $PKG_CONFIG --exists --print-errors "${QT_LIB_PREFIX}Test"
configure:23208: $? = 0
configure:23246: result: yes
configure:23253: checking for QT_DBUS
configure:23260: $PKG_CONFIG --exists --print-errors "${QT_LIB_PREFIX}DBus"
configure:23263: $? = 0
configure:23277: $PKG_CONFIG --exists --print-errors "${QT_LIB_PREFIX}DBus"
configure:23280: $? = 0
configure:23318: result: yes
configure:24285: checking for static Qt
configure:24308: g++ -std=c++11 -c  -g -O2 -Wall -Wextra -Wformat -Wformat-security -Wno-unused-parameter  -Wstack-protector -fstack-protector-all -fPIC -I/usr/include/x86_64-linux-gnu/qt5/QtNetwork -I/usr/include/x86_64-linux-gnu/qt5 -I/usr/include/x86_64-linux-gnu/qt5/QtWidgets -I/usr/include/x86_64-linux-gnu/qt5 -I/usr/include/x86_64-linux-gnu/qt5/QtGui -I/usr/include/x86_64-linux-gnu/qt5 -I/usr/include/x86_64-linux-gnu/qt5/QtCore -I/usr/include/x86_64-linux-gnu/qt5 -I/home/kittie/ZENZO-Core/db4/include/ -DBOOST_SPIRIT_THREADSAFE -DHAVE_BUILD_INFO -D__STDC_FORMAT_MACROS  -U_FORTIFY_SOURCE -D_FORTIFY_SOURCE=2 conftest.cpp >&5
conftest.cpp: In function 'int main()':
conftest.cpp:58:7: error: 'choke' was not declared in this scope
       choke me
       ^
configure:24308: $? = 1
configure: failed program was:
| /* confdefs.h */
| #define PACKAGE_NAME "Zenzo Core"
| #define PACKAGE_TARNAME "zenzo"
| #define PACKAGE_VERSION "1.2.0"
| #define PACKAGE_STRING "Zenzo Core 1.2.0"
| #define PACKAGE_BUGREPORT "www.zenzo.io"
| #define PACKAGE_URL ""
| #define HAVE_CXX11 1
| #define STDC_HEADERS 1
| #define HAVE_SYS_TYPES_H 1
| #define HAVE_SYS_STAT_H 1
| #define HAVE_STDLIB_H 1
| #define HAVE_STRING_H 1
| #define HAVE_MEMORY_H 1
| #define HAVE_STRINGS_H 1
| #define HAVE_INTTYPES_H 1
| #define HAVE_STDINT_H 1
| #define HAVE_UNISTD_H 1
| #define HAVE_DLFCN_H 1
| #define LT_OBJDIR ".libs/"
| #define HAVE_PTHREAD_PRIO_INHERIT 1
| #define HAVE_PTHREAD 1
| #define HAVE_DECL_STRERROR_R 1
| #define HAVE_STRERROR_R 1
| #define STRERROR_R_CHAR_P 1
| #define HAVE_FUNC_ATTRIBUTE_VISIBILITY 1
| #define HAVE_ENDIAN_H 1
| #define HAVE_STDIO_H 1
| #define HAVE_STDLIB_H 1
| #define HAVE_UNISTD_H 1
| #define HAVE_STRINGS_H 1
| #define HAVE_SYS_TYPES_H 1
| #define HAVE_SYS_STAT_H 1
| #define HAVE_SYS_SELECT_H 1
| #define HAVE_SYS_PRCTL_H 1
| #define HAVE_GETADDRINFO_A 1
| #define HAVE_INET_PTON 1
| #define HAVE_DECL_STRNLEN 1
| #define HAVE_DECL_LE32TOH 1
| #define HAVE_DECL_LE64TOH 1
| #define HAVE_DECL_HTOLE32 1
| #define HAVE_DECL_HTOLE64 1
| #define HAVE_DECL_BE32TOH 1
| #define HAVE_DECL_BE64TOH 1
| #define HAVE_DECL_HTOBE32 1
| #define HAVE_DECL_HTOBE64 1
| #define HAVE_MSG_NOSIGNAL 1
| #define HAVE_VISIBILITY_ATTRIBUTE 1
| /* end confdefs.h.  */
| #include <QtCore>
| int
| main ()
| {
| 
|       #if defined(QT_STATIC)
|       return 0;
|       #else
|       choke me
|       #endif
| 
|   ;
|   return 0;
| }
configure:24316: result: no
configure:25132: checking whether -fPIE can be used with this Qt config
configure:25153: g++ -std=c++11 -c  -g -O2 -Wall -Wextra -Wformat -Wformat-security -Wno-unused-parameter  -Wstack-protector -fstack-protector-all -fPIC -I/usr/include/x86_64-linux-gnu/qt5/QtNetwork -I/usr/include/x86_64-linux-gnu/qt5 -I/usr/include/x86_64-linux-gnu/qt5/QtWidgets -I/usr/include/x86_64-linux-gnu/qt5 -I/usr/include/x86_64-linux-gnu/qt5/QtGui -I/usr/include/x86_64-linux-gnu/qt5 -I/usr/include/x86_64-linux-gnu/qt5/QtCore -I/usr/include/x86_64-linux-gnu/qt5 -I/home/kittie/ZENZO-Core/db4/include/ -DBOOST_SPIRIT_THREADSAFE -DHAVE_BUILD_INFO -D__STDC_FORMAT_MACROS  -U_FORTIFY_SOURCE -D_FORTIFY_SOURCE=2 -DHAVE_QT5 conftest.cpp >&5
conftest.cpp: In function 'int main()':
conftest.cpp:56:15: error: 'choke' was not declared in this scope
               choke;
               ^
configure:25153: $? = 1
configure: failed program was:
| /* confdefs.h */
| #define PACKAGE_NAME "Zenzo Core"
| #define PACKAGE_TARNAME "zenzo"
| #define PACKAGE_VERSION "1.2.0"
| #define PACKAGE_STRING "Zenzo Core 1.2.0"
| #define PACKAGE_BUGREPORT "www.zenzo.io"
| #define PACKAGE_URL ""
| #define HAVE_CXX11 1
| #define STDC_HEADERS 1
| #define HAVE_SYS_TYPES_H 1
| #define HAVE_SYS_STAT_H 1
| #define HAVE_STDLIB_H 1
| #define HAVE_STRING_H 1
| #define HAVE_MEMORY_H 1
| #define HAVE_STRINGS_H 1
| #define HAVE_INTTYPES_H 1
| #define HAVE_STDINT_H 1
| #define HAVE_UNISTD_H 1
| #define HAVE_DLFCN_H 1
| #define LT_OBJDIR ".libs/"
| #define HAVE_PTHREAD_PRIO_INHERIT 1
| #define HAVE_PTHREAD 1
| #define HAVE_DECL_STRERROR_R 1
| #define HAVE_STRERROR_R 1
| #define STRERROR_R_CHAR_P 1
| #define HAVE_FUNC_ATTRIBUTE_VISIBILITY 1
| #define HAVE_ENDIAN_H 1
| #define HAVE_STDIO_H 1
| #define HAVE_STDLIB_H 1
| #define HAVE_UNISTD_H 1
| #define HAVE_STRINGS_H 1
| #define HAVE_SYS_TYPES_H 1
| #define HAVE_SYS_STAT_H 1
| #define HAVE_SYS_SELECT_H 1
| #define HAVE_SYS_PRCTL_H 1
| #define HAVE_GETADDRINFO_A 1
| #define HAVE_INET_PTON 1
| #define HAVE_DECL_STRNLEN 1
| #define HAVE_DECL_LE32TOH 1
| #define HAVE_DECL_LE64TOH 1
| #define HAVE_DECL_HTOLE32 1
| #define HAVE_DECL_HTOLE64 1
| #define HAVE_DECL_BE32TOH 1
| #define HAVE_DECL_BE64TOH 1
| #define HAVE_DECL_HTOBE32 1
| #define HAVE_DECL_HTOBE64 1
| #define HAVE_MSG_NOSIGNAL 1
| #define HAVE_VISIBILITY_ATTRIBUTE 1
| /* end confdefs.h.  */
| #include <QtCore/qconfig.h>
| int
| main ()
| {
| 
|           #if defined(QT_REDUCE_RELOCATIONS)
|               choke;
|           #endif
| 
|   ;
|   return 0;
| }
configure:25157: result: no
configure:25222: checking for moc-qt5
configure:25255: result: no
configure:25222: checking for moc5
configure:25255: result: no
configure:25222: checking for moc
configure:25240: found /usr/lib/x86_64-linux-gnu/qt5/bin/moc
configure:25252: result: /usr/lib/x86_64-linux-gnu/qt5/bin/moc
configure:25341: checking for uic-qt5
configure:25374: result: no
configure:25341: checking for uic5
configure:25374: result: no
configure:25341: checking for uic
configure:25359: found /usr/lib/x86_64-linux-gnu/qt5/bin/uic
configure:25371: result: /usr/lib/x86_64-linux-gnu/qt5/bin/uic
configure:25460: checking for rcc-qt5
configure:25493: result: no
configure:25460: checking for rcc5
configure:25493: result: no
configure:25460: checking for rcc
configure:25478: found /usr/lib/x86_64-linux-gnu/qt5/bin/rcc
configure:25490: result: /usr/lib/x86_64-linux-gnu/qt5/bin/rcc
configure:25579: checking for lrelease-qt5
configure:25612: result: no
configure:25579: checking for lrelease5
configure:25612: result: no
configure:25579: checking for lrelease
configure:25597: found /usr/lib/x86_64-linux-gnu/qt5/bin/lrelease
configure:25609: result: /usr/lib/x86_64-linux-gnu/qt5/bin/lrelease
configure:25698: checking for lupdate-qt5
configure:25731: result: no
configure:25698: checking for lupdate5
configure:25731: result: no
configure:25698: checking for lupdate
configure:25716: found /usr/lib/x86_64-linux-gnu/qt5/bin/lupdate
configure:25728: result: /usr/lib/x86_64-linux-gnu/qt5/bin/lupdate
configure:25913: checking whether to build Zenzo Core GUI
configure:25943: result: yes (Qt5)
configure:25966: checking if the trading dialog should be enabled
configure:25969: result: yes
configure:26033: checking for boostlib >= 1.20.0
configure:26118: g++ -std=c++11 -c -g -O2 -Wall -Wextra -Wformat -Wformat-security -Wno-unused-parameter  -Wstack-protector -fstack-protector-all -fPIC -I/home/kittie/ZENZO-Core/db4/include/ -DBOOST_SPIRIT_THREADSAFE -DHAVE_BUILD_INFO -D__STDC_FORMAT_MACROS  -U_FORTIFY_SOURCE -D_FORTIFY_SOURCE=2 -DHAVE_QT5 -I/usr/include conftest.cpp >&5
configure:26118: $? = 0
configure:26120: result: yes
configure:26304: checking whether the Boost::System library is available
configure:26328: g++ -std=c++11 -c -g -O2 -Wall -Wextra -Wformat -Wformat-security -Wno-unused-parameter  -Wstack-protector -fstack-protector-all -fPIC -I/home/kittie/ZENZO-Core/db4/include/ -DBOOST_SPIRIT_THREADSAFE -DHAVE_BUILD_INFO -D__STDC_FORMAT_MACROS  -U_FORTIFY_SOURCE -D_FORTIFY_SOURCE=2 -DHAVE_QT5 -I/usr/include conftest.cpp >&5
conftest.cpp: In function 'int main()':
conftest.cpp:57:3: warning: statement is a reference, not call, to function 'boost::system::system_category' [-Waddress]
   ;
   ^
conftest.cpp:57:3: warning: statement has no effect [-Wunused-value]
configure:26328: $? = 0
configure:26343: result: yes
configure:26359: checking for exit in -lboost_system
configure:26384: g++ -std=c++11 -o conftest -g -O2 -Wall -Wextra -Wformat -Wformat-security -Wno-unused-parameter  -Wstack-protector -fstack-protector-all -fPIC -I/home/kittie/ZENZO-Core/db4/include/ -DBOOST_SPIRIT_THREADSAFE -DHAVE_BUILD_INFO -D__STDC_FORMAT_MACROS  -U_FORTIFY_SOURCE -D_FORTIFY_SOURCE=2 -DHAVE_QT5 -I/usr/include -L/home/kittie/ZENZO-Core/db4/lib/  -Wl,-z,relro -Wl,-z,now -L/usr/lib/x86_64-linux-gnu conftest.cpp -lboost_system  -lanl  >&5
configure:26384: $? = 0
configure:26394: result: yes
configure:26549: checking whether the Boost::Filesystem library is available
configure:26573: g++ -std=c++11 -c -g -O2 -Wall -Wextra -Wformat -Wformat-security -Wno-unused-parameter  -Wstack-protector -fstack-protector-all -fPIC -I/home/kittie/ZENZO-Core/db4/include/ -DBOOST_SPIRIT_THREADSAFE -DHAVE_BUILD_INFO -D__STDC_FORMAT_MACROS  -U_FORTIFY_SOURCE -D_FORTIFY_SOURCE=2 -DHAVE_QT5 -I/usr/include conftest.cpp >&5
configure:26573: $? = 0
configure:26587: result: yes
configure:26599: checking for exit in -lboost_filesystem
configure:26624: g++ -std=c++11 -o conftest -g -O2 -Wall -Wextra -Wformat -Wformat-security -Wno-unused-parameter  -Wstack-protector -fstack-protector-all -fPIC -I/home/kittie/ZENZO-Core/db4/include/ -DBOOST_SPIRIT_THREADSAFE -DHAVE_BUILD_INFO -D__STDC_FORMAT_MACROS  -U_FORTIFY_SOURCE -D_FORTIFY_SOURCE=2 -DHAVE_QT5 -I/usr/include -L/home/kittie/ZENZO-Core/db4/lib/  -Wl,-z,relro -Wl,-z,now -L/usr/lib/x86_64-linux-gnu conftest.cpp -lboost_filesystem  -lanl  -lboost_system >&5
configure:26624: $? = 0
configure:26634: result: yes
configure:26784: checking whether the Boost::Program_Options library is available
configure:26808: g++ -std=c++11 -c -g -O2 -Wall -Wextra -Wformat -Wformat-security -Wno-unused-parameter  -Wstack-protector -fstack-protector-all -fPIC -I/home/kittie/ZENZO-Core/db4/include/ -DBOOST_SPIRIT_THREADSAFE -DHAVE_BUILD_INFO -D__STDC_FORMAT_MACROS  -U_FORTIFY_SOURCE -D_FORTIFY_SOURCE=2 -DHAVE_QT5 -I/usr/include conftest.cpp >&5
configure:26808: $? = 0
configure:26822: result: yes
configure:26834: checking for exit in -lboost_program_options
configure:26859: g++ -std=c++11 -o conftest -g -O2 -Wall -Wextra -Wformat -Wformat-security -Wno-unused-parameter  -Wstack-protector -fstack-protector-all -fPIC -I/home/kittie/ZENZO-Core/db4/include/ -DBOOST_SPIRIT_THREADSAFE -DHAVE_BUILD_INFO -D__STDC_FORMAT_MACROS  -U_FORTIFY_SOURCE -D_FORTIFY_SOURCE=2 -DHAVE_QT5 -I/usr/include -L/home/kittie/ZENZO-Core/db4/lib/  -Wl,-z,relro -Wl,-z,now -L/usr/lib/x86_64-linux-gnu conftest.cpp -lboost_program_options  -lanl  >&5
configure:26859: $? = 0
configure:26869: result: yes
configure:27012: checking whether the Boost::Thread library is available
configure:27044: g++ -std=c++11 -c -pthread -g -O2 -Wall -Wextra -Wformat -Wformat-security -Wno-unused-parameter  -Wstack-protector -fstack-protector-all -fPIC -I/home/kittie/ZENZO-Core/db4/include/ -DBOOST_SPIRIT_THREADSAFE -DHAVE_BUILD_INFO -D__STDC_FORMAT_MACROS  -U_FORTIFY_SOURCE -D_FORTIFY_SOURCE=2 -DHAVE_QT5 -I/usr/include conftest.cpp >&5
configure:27044: $? = 0
configure:27059: result: yes
configure:27089: checking for exit in -lboost_thread
configure:27114: g++ -std=c++11 -o conftest -g -O2 -Wall -Wextra -Wformat -Wformat-security -Wno-unused-parameter  -Wstack-protector -fstack-protector-all -fPIC -I/home/kittie/ZENZO-Core/db4/include/ -DBOOST_SPIRIT_THREADSAFE -DHAVE_BUILD_INFO -D__STDC_FORMAT_MACROS  -U_FORTIFY_SOURCE -D_FORTIFY_SOURCE=2 -DHAVE_QT5 -I/usr/include -L/home/kittie/ZENZO-Core/db4/lib/  -Wl,-z,relro -Wl,-z,now -L/usr/lib/x86_64-linux-gnu conftest.cpp -lboost_thread  -lanl  >&5
configure:27114: $? = 0
configure:27124: result: yes
configure:27284: checking whether the Boost::Chrono library is available
configure:27308: g++ -std=c++11 -c -g -O2 -Wall -Wextra -Wformat -Wformat-security -Wno-unused-parameter  -Wstack-protector -fstack-protector-all -fPIC -I/home/kittie/ZENZO-Core/db4/include/ -DBOOST_SPIRIT_THREADSAFE -DHAVE_BUILD_INFO -D__STDC_FORMAT_MACROS  -U_FORTIFY_SOURCE -D_FORTIFY_SOURCE=2 -DHAVE_QT5 -pthread -I/usr/include conftest.cpp >&5
configure:27308: $? = 0
configure:27323: result: yes
configure:27339: checking for exit in -lboost_chrono
configure:27364: g++ -std=c++11 -o conftest -g -O2 -Wall -Wextra -Wformat -Wformat-security -Wno-unused-parameter  -Wstack-protector -fstack-protector-all -fPIC -I/home/kittie/ZENZO-Core/db4/include/ -DBOOST_SPIRIT_THREADSAFE -DHAVE_BUILD_INFO -D__STDC_FORMAT_MACROS  -U_FORTIFY_SOURCE -D_FORTIFY_SOURCE=2 -DHAVE_QT5 -pthread -I/usr/include -L/home/kittie/ZENZO-Core/db4/lib/  -Wl,-z,relro -Wl,-z,now -L/usr/lib/x86_64-linux-gnu conftest.cpp -lboost_chrono  -lanl  >&5
configure:27364: $? = 0
configure:27374: result: yes
configure:27497: checking for working boost reduced exports
configure:27520: g++ -std=c++11 -E -pthread -I/usr/include -I/home/kittie/ZENZO-Core/db4/include/ -DBOOST_SPIRIT_THREADSAFE -DHAVE_BUILD_INFO -D__STDC_FORMAT_MACROS  -U_FORTIFY_SOURCE -D_FORTIFY_SOURCE=2 -DHAVE_QT5 conftest.cpp
configure:27520: $? = 0
configure:27522: result: yes
configure:27550: checking whether the linker accepts -Wl,--exclude-libs,ALL
configure:27569: g++ -std=c++11 -o conftest -g -O2 -Wall -Wextra -Wformat -Wformat-security -Wno-unused-parameter  -Wstack-protector -fstack-protector-all -fPIC -fvisibility=hidden -I/home/kittie/ZENZO-Core/db4/include/ -DBOOST_SPIRIT_THREADSAFE -DHAVE_BUILD_INFO -D__STDC_FORMAT_MACROS  -U_FORTIFY_SOURCE -D_FORTIFY_SOURCE=2 -DHAVE_QT5 -L/home/kittie/ZENZO-Core/db4/lib/  -Wl,-z,relro -Wl,-z,now  -Wl,--exclude-libs,ALL conftest.cpp -lanl  >&5
configure:27569: $? = 0
configure:27578: result: yes
configure:27628: checking whether the Boost::Unit_Test_Framework library is available
configure:27651: g++ -std=c++11 -c -g -O2 -Wall -Wextra -Wformat -Wformat-security -Wno-unused-parameter  -Wstack-protector -fstack-protector-all -fPIC -fvisibility=hidden -I/home/kittie/ZENZO-Core/db4/include/ -DBOOST_SPIRIT_THREADSAFE -DHAVE_BUILD_INFO -D__STDC_FORMAT_MACROS  -U_FORTIFY_SOURCE -D_FORTIFY_SOURCE=2 -DHAVE_QT5 -pthread -I/usr/include conftest.cpp >&5
conftest.cpp: In function 'int main()':
conftest.cpp:62:21: warning: unused variable 'test' [-Wunused-variable]
         test_suite* test= BOOST_TEST_SUITE( "Unit test example 1" ); return 0;
                     ^
configure:27651: $? = 0
configure:27665: result: yes
configure:27777: checking for dynamic linked boost test
configure:27792: g++ -std=c++11 -o conftest -g -O2 -Wall -Wextra -Wformat -Wformat-security -Wno-unused-parameter  -Wstack-protector -fstack-protector-all -fPIC -fvisibility=hidden -I/home/kittie/ZENZO-Core/db4/include/ -DBOOST_SPIRIT_THREADSAFE -DHAVE_BUILD_INFO -D__STDC_FORMAT_MACROS  -U_FORTIFY_SOURCE -D_FORTIFY_SOURCE=2 -DHAVE_QT5 -pthread -I/usr/include -L/home/kittie/ZENZO-Core/db4/lib/  -Wl,-z,relro -Wl,-z,now conftest.cpp -lanl  -L/usr/lib/x86_64-linux-gnu -lboost_unit_test_framework >&5
configure:27792: $? = 0
configure:27793: result: yes
configure:27837: g++ -std=c++11 -o conftest -g -O2 -Wall -Wextra -Wformat -Wformat-security -Wno-unused-parameter  -Wstack-protector -fstack-protector-all -fPIC -fvisibility=hidden -I/home/kittie/ZENZO-Core/db4/include/ -DBOOST_SPIRIT_THREADSAFE -DHAVE_BUILD_INFO -D__STDC_FORMAT_MACROS  -U_FORTIFY_SOURCE -D_FORTIFY_SOURCE=2 -DHAVE_QT5 -pthread -I/usr/include -L/home/kittie/ZENZO-Core/db4/lib/  -Wl,-z,relro -Wl,-z,now conftest.cpp -L/usr/lib/x86_64-linux-gnu -lboost_system -lboost_filesystem -lboost_program_options -lboost_thread -lboost_chrono -lanl  >&5
configure:27837: $? = 0
configure:27900: checking for SSL
configure:27907: $PKG_CONFIG --exists --print-errors "libssl"
configure:27910: $? = 0
configure:27924: $PKG_CONFIG --exists --print-errors "libssl"
configure:27927: $? = 0
configure:27965: result: yes
configure:27971: checking for CRYPTO
configure:27978: $PKG_CONFIG --exists --print-errors "libcrypto"
configure:27981: $? = 0
configure:27995: $PKG_CONFIG --exists --print-errors "libcrypto"
configure:27998: $? = 0
configure:28036: result: yes
configure:28045: checking for PROTOBUF
configure:28052: $PKG_CONFIG --exists --print-errors "protobuf"
configure:28055: $? = 0
configure:28069: $PKG_CONFIG --exists --print-errors "protobuf"
configure:28072: $? = 0
configure:28132: result: yes
configure:28147: checking for QR
configure:28154: $PKG_CONFIG --exists --print-errors "libqrencode"
configure:28157: $? = 0
configure:28171: $PKG_CONFIG --exists --print-errors "libqrencode"
configure:28174: $? = 0
configure:28212: result: yes
configure:28225: checking for EVENT
configure:28232: $PKG_CONFIG --exists --print-errors "libevent"
configure:28235: $? = 0
configure:28249: $PKG_CONFIG --exists --print-errors "libevent"
configure:28252: $? = 0
configure:28290: result: yes
configure:28297: checking for EVENT_PTHREADS
configure:28304: $PKG_CONFIG --exists --print-errors "libevent_pthreads"
configure:28307: $? = 0
configure:28321: $PKG_CONFIG --exists --print-errors "libevent_pthreads"
configure:28324: $? = 0
configure:28362: result: yes
configure:28371: checking for ZMQ
configure:28378: $PKG_CONFIG --exists --print-errors "libzmq >= 4"
Package libzmq was not found in the pkg-config search path.
Perhaps you should add the directory containing `libzmq.pc'
to the PKG_CONFIG_PATH environment variable
No package 'libzmq' found
configure:28381: $? = 1
configure:28395: $PKG_CONFIG --exists --print-errors "libzmq >= 4"
Package libzmq was not found in the pkg-config search path.
Perhaps you should add the directory containing `libzmq.pc'
to the PKG_CONFIG_PATH environment variable
No package 'libzmq' found
configure:28398: $? = 1
configure:28412: result: no
No package 'libzmq' found
configure:28431: WARNING: libzmq version 4.x or greater not found, disabling
configure:28841: checking openssl/ec.h usability
configure:28841: g++ -std=c++11 -c -g -O2 -Wall -Wextra -Wformat -Wformat-security -Wno-unused-parameter  -Wstack-protector -fstack-protector-all -fPIC -fvisibility=hidden -I/home/kittie/ZENZO-Core/db4/include/ -DBOOST_SPIRIT_THREADSAFE -DHAVE_BUILD_INFO -D__STDC_FORMAT_MACROS  -U_FORTIFY_SOURCE -D_FORTIFY_SOURCE=2 -DHAVE_QT5 conftest.cpp >&5
configure:28841: $? = 0
configure:28841: result: yes
configure:28841: checking openssl/ec.h presence
configure:28841: g++ -std=c++11 -E -I/home/kittie/ZENZO-Core/db4/include/ -DBOOST_SPIRIT_THREADSAFE -DHAVE_BUILD_INFO -D__STDC_FORMAT_MACROS  -U_FORTIFY_SOURCE -D_FORTIFY_SOURCE=2 -DHAVE_QT5 conftest.cpp
configure:28841: $? = 0
configure:28841: result: yes
configure:28841: checking for openssl/ec.h
configure:28841: result: yes
configure:28908: checking for protoc
configure:28926: found /usr/bin/protoc
configure:28938: result: /usr/bin/protoc
configure:28972: checking whether to build zenzod
configure:28982: result: yes
configure:28985: checking whether to build utils (zenzo-cli zenzo-tx)
configure:28995: result: yes
configure:28998: checking whether to build libraries
configure:29013: result: no
configure:29024: checking if ccache should be used
configure:29037: result: no
configure:29078: checking if wallet should be enabled
configure:29081: result: yes
configure:29094: checking whether to build with support for UPnP
configure:29100: result: no
configure:29132: checking whether to build GUI with support for D-Bus
configure:29139: result: yes
configure:29142: checking whether to build GUI with support for QR codes
configure:29152: result: yes
configure:29169: checking whether to build test_zenzo-qt
configure:29172: result: yes
configure:29190: checking whether to build test_zenzo
configure:29193: result: yes
configure:29201: checking whether to reduce exports
configure:29204: result: yes
configure:29526: checking that generated files are newer than configure
configure:29532: result: done
configure:29644: creating ./config.status
configure:32210: result: Fixing libtool for -rpath problems.

## ---------------- ##
## Cache variables. ##
## ---------------- ##

ac_cv_build=x86_64-pc-linux-gnu
ac_cv_c_bigendian=no
ac_cv_c_compiler_gnu=yes
ac_cv_cxx_compiler_gnu=yes
ac_cv_env_CCC_set=
ac_cv_env_CCC_value=
ac_cv_env_CC_set=
ac_cv_env_CC_value=
ac_cv_env_CFLAGS_set=
ac_cv_env_CFLAGS_value=
ac_cv_env_CPPFLAGS_set=set
ac_cv_env_CPPFLAGS_value=-I/home/kittie/ZENZO-Core/db4/include/
ac_cv_env_CPP_set=
ac_cv_env_CPP_value=
ac_cv_env_CRYPTO_CFLAGS_set=
ac_cv_env_CRYPTO_CFLAGS_value=
ac_cv_env_CRYPTO_LIBS_set=
ac_cv_env_CRYPTO_LIBS_value=
ac_cv_env_CXXCPP_set=
ac_cv_env_CXXCPP_value=
ac_cv_env_CXXFLAGS_set=
ac_cv_env_CXXFLAGS_value=
ac_cv_env_CXX_set=
ac_cv_env_CXX_value=
ac_cv_env_EVENT_CFLAGS_set=
ac_cv_env_EVENT_CFLAGS_value=
ac_cv_env_EVENT_LIBS_set=
ac_cv_env_EVENT_LIBS_value=
ac_cv_env_EVENT_PTHREADS_CFLAGS_set=
ac_cv_env_EVENT_PTHREADS_CFLAGS_value=
ac_cv_env_EVENT_PTHREADS_LIBS_set=
ac_cv_env_EVENT_PTHREADS_LIBS_value=
ac_cv_env_LDFLAGS_set=set
ac_cv_env_LDFLAGS_value=-L/home/kittie/ZENZO-Core/db4/lib/
ac_cv_env_LIBS_set=
ac_cv_env_LIBS_value=
ac_cv_env_LT_SYS_LIBRARY_PATH_set=
ac_cv_env_LT_SYS_LIBRARY_PATH_value=
ac_cv_env_OBJCXXFLAGS_set=
ac_cv_env_OBJCXXFLAGS_value=
ac_cv_env_OBJCXX_set=
ac_cv_env_OBJCXX_value=
ac_cv_env_PKG_CONFIG_LIBDIR_set=
ac_cv_env_PKG_CONFIG_LIBDIR_value=
ac_cv_env_PKG_CONFIG_PATH_set=
ac_cv_env_PKG_CONFIG_PATH_value=
ac_cv_env_PKG_CONFIG_set=
ac_cv_env_PKG_CONFIG_value=
ac_cv_env_PROTOBUF_CFLAGS_set=
ac_cv_env_PROTOBUF_CFLAGS_value=
ac_cv_env_PROTOBUF_LIBS_set=
ac_cv_env_PROTOBUF_LIBS_value=
ac_cv_env_PYTHONPATH_set=set
ac_cv_env_PYTHONPATH_value=
ac_cv_env_QR_CFLAGS_set=
ac_cv_env_QR_CFLAGS_value=
ac_cv_env_QR_LIBS_set=
ac_cv_env_QR_LIBS_value=
ac_cv_env_QTPLATFORM_CFLAGS_set=
ac_cv_env_QTPLATFORM_CFLAGS_value=
ac_cv_env_QTPLATFORM_LIBS_set=
ac_cv_env_QTPLATFORM_LIBS_value=
ac_cv_env_QTPRINT_CFLAGS_set=
ac_cv_env_QTPRINT_CFLAGS_value=
ac_cv_env_QTPRINT_LIBS_set=
ac_cv_env_QTPRINT_LIBS_value=
ac_cv_env_QTXCBQPA_CFLAGS_set=
ac_cv_env_QTXCBQPA_CFLAGS_value=
ac_cv_env_QTXCBQPA_LIBS_set=
ac_cv_env_QTXCBQPA_LIBS_value=
ac_cv_env_QT_CFLAGS_set=
ac_cv_env_QT_CFLAGS_value=
ac_cv_env_QT_DBUS_CFLAGS_set=
ac_cv_env_QT_DBUS_CFLAGS_value=
ac_cv_env_QT_DBUS_LIBS_set=
ac_cv_env_QT_DBUS_LIBS_value=
ac_cv_env_QT_LIBS_set=
ac_cv_env_QT_LIBS_value=
ac_cv_env_QT_TEST_CFLAGS_set=
ac_cv_env_QT_TEST_CFLAGS_value=
ac_cv_env_QT_TEST_LIBS_set=
ac_cv_env_QT_TEST_LIBS_value=
ac_cv_env_SSL_CFLAGS_set=
ac_cv_env_SSL_CFLAGS_value=
ac_cv_env_SSL_LIBS_set=
ac_cv_env_SSL_LIBS_value=
ac_cv_env_X11XCB_CFLAGS_set=
ac_cv_env_X11XCB_CFLAGS_value=
ac_cv_env_X11XCB_LIBS_set=
ac_cv_env_X11XCB_LIBS_value=
ac_cv_env_ZMQ_CFLAGS_set=
ac_cv_env_ZMQ_CFLAGS_value=
ac_cv_env_ZMQ_LIBS_set=
ac_cv_env_ZMQ_LIBS_value=
ac_cv_env_build_alias_set=
ac_cv_env_build_alias_value=
ac_cv_env_host_alias_set=
ac_cv_env_host_alias_value=
ac_cv_env_target_alias_set=
ac_cv_env_target_alias_value=
ac_cv_func_strerror_r=yes
ac_cv_func_strerror_r_char_p=yes
ac_cv_have_decl_be32toh=yes
ac_cv_have_decl_be64toh=yes
ac_cv_have_decl_htobe32=yes
ac_cv_have_decl_htobe64=yes
ac_cv_have_decl_htole32=yes
ac_cv_have_decl_htole64=yes
ac_cv_have_decl_le32toh=yes
ac_cv_have_decl_le64toh=yes
ac_cv_have_decl_strerror_r=yes
ac_cv_have_decl_strnlen=yes
ac_cv_header_dlfcn_h=yes
ac_cv_header_endian_h=yes
ac_cv_header_inttypes_h=yes
ac_cv_header_memory_h=yes
ac_cv_header_miniupnpc_miniupnpc_h=no
ac_cv_header_miniupnpc_miniwget_h=no
ac_cv_header_miniupnpc_upnpcommands_h=no
ac_cv_header_miniupnpc_upnperrors_h=no
ac_cv_header_openssl_ec_h=yes
ac_cv_header_stdc=yes
ac_cv_header_stdint_h=yes
ac_cv_header_stdio_h=yes
ac_cv_header_stdlib_h=yes
ac_cv_header_string_h=yes
ac_cv_header_strings_h=yes
ac_cv_header_sys_prctl_h=yes
ac_cv_header_sys_select_h=yes
ac_cv_header_sys_stat_h=yes
ac_cv_header_sys_types_h=yes
ac_cv_header_unistd_h=yes
ac_cv_host=x86_64-pc-linux-gnu
ac_cv_lib_boost_chrono___exit=yes
ac_cv_lib_boost_filesystem___exit=yes
ac_cv_lib_boost_program_options___exit=yes
ac_cv_lib_boost_system___exit=yes
ac_cv_lib_boost_thread___exit=yes
ac_cv_lib_db_cxx_4_8___main=yes
ac_cv_objcxx_compiler_gnu=no
ac_cv_objext=o
ac_cv_path_EGREP='/bin/grep -E'
ac_cv_path_FGREP='/bin/grep -F'
ac_cv_path_GIT=/usr/bin/git
ac_cv_path_GREP=/bin/grep
ac_cv_path_HEXDUMP=/usr/bin/hexdump
ac_cv_path_LRELEASE=/usr/lib/x86_64-linux-gnu/qt5/bin/lrelease
ac_cv_path_LUPDATE=/usr/lib/x86_64-linux-gnu/qt5/bin/lupdate
ac_cv_path_MOC=/usr/lib/x86_64-linux-gnu/qt5/bin/moc
ac_cv_path_PROTOC=/usr/bin/protoc
ac_cv_path_PYTHON=/usr/bin/python3
ac_cv_path_RCC=/usr/lib/x86_64-linux-gnu/qt5/bin/rcc
ac_cv_path_SED=/bin/sed
ac_cv_path_UIC=/usr/lib/x86_64-linux-gnu/qt5/bin/uic
ac_cv_path_XGETTEXT=/usr/bin/xgettext
ac_cv_path_ac_pt_AR=/usr/bin/ar
ac_cv_path_ac_pt_CPPFILT=/usr/bin/c++filt
ac_cv_path_ac_pt_GCOV=/usr/bin/gcov
ac_cv_path_ac_pt_OBJCOPY=/usr/bin/objcopy
ac_cv_path_ac_pt_PKG_CONFIG=/usr/bin/pkg-config
ac_cv_path_ac_pt_RANLIB=/usr/bin/ranlib
ac_cv_path_ac_pt_READELF=/usr/bin/readelf
ac_cv_path_ac_pt_STRIP=/usr/bin/strip
ac_cv_path_install='/usr/bin/install -c'
ac_cv_path_lt_DD=/bin/dd
ac_cv_path_mkdir=/bin/mkdir
ac_cv_prog_AWK=mawk
ac_cv_prog_CPP='gcc -E'
ac_cv_prog_CXXCPP='g++ -std=c++11 -E'
ac_cv_prog_ac_ct_AR=ar
ac_cv_prog_ac_ct_CC=gcc
ac_cv_prog_ac_ct_CXX=g++
ac_cv_prog_ac_ct_MANIFEST_TOOL=mt
ac_cv_prog_ac_ct_OBJDUMP=objdump
ac_cv_prog_ac_ct_RANLIB=ranlib
ac_cv_prog_ac_ct_STRIP=strip
ac_cv_prog_cc_c89=
ac_cv_prog_cc_g=yes
ac_cv_prog_cxx_g=yes
ac_cv_prog_make_make_set=yes
ac_cv_prog_objcxx_g=no
ac_cv_search_clock_gettime='none required'
ac_cv_search_getaddrinfo_a=-lanl
ac_cv_search_inet_pton='none required'
ac_cv_sys_file_offset_bits=no
ac_cv_sys_largefile_CC=no
am_cv_CC_dependencies_compiler_type=gcc3
am_cv_CXX_dependencies_compiler_type=gcc3
am_cv_OBJCXX_dependencies_compiler_type=gcc3
am_cv_make_support_nested_variables=yes
am_cv_prog_cc_c_o=yes
ax_cv_PTHREAD_PRIO_INHERIT=yes
ax_cv_boost_chrono=yes
ax_cv_boost_filesystem=yes
ax_cv_boost_program_options=yes
ax_cv_boost_system=yes
ax_cv_boost_thread=yes
ax_cv_boost_unit_test_framework=yes
ax_cv_check_cxxcppflags___D_FORTIFY_SOURCE_2=yes
ax_cv_check_cxxcppflags___U_FORTIFY_SOURCE=yes
ax_cv_check_cxxflags___Wstack_protector=yes
ax_cv_check_cxxflags___fPIC=yes
ax_cv_check_cxxflags___fstack_protector_all=yes
ax_cv_check_cxxflags___fvisibility_hidden=yes
ax_cv_check_ldflags___Wl___dynamicbase=no
ax_cv_check_ldflags___Wl___exclude_libs_ALL=yes
ax_cv_check_ldflags___Wl___large_address_aware=no
ax_cv_check_ldflags___Wl___nxcompat=no
ax_cv_check_ldflags___Wl__z_now=yes
ax_cv_check_ldflags___Wl__z_relro=yes
ax_cv_check_ldflags___pic=no
ax_cv_cxx_compile_cxx11=no
ax_cv_cxx_compile_cxx11__std_cpp11=yes
ax_cv_have_func_attribute_dllexport=no
ax_cv_have_func_attribute_dllimport=no
ax_cv_have_func_attribute_visibility=yes
bitcoin_cv_static_qt=no
lt_cv_ar_at_file=@
lt_cv_deplibs_check_method=pass_all
lt_cv_file_magic_cmd='$MAGIC_CMD'
lt_cv_file_magic_test_file=
lt_cv_ld_reload_flag=-r
lt_cv_nm_interface='BSD nm'
lt_cv_objdir=.libs
lt_cv_path_LD=/usr/bin/ld
lt_cv_path_LDCXX='/usr/bin/ld -m elf_x86_64'
lt_cv_path_NM='/usr/bin/nm -B'
lt_cv_path_mainfest_tool=no
lt_cv_prog_compiler_c_o=yes
lt_cv_prog_compiler_c_o_CXX=yes
lt_cv_prog_compiler_pic='-fPIC -DPIC'
lt_cv_prog_compiler_pic_CXX='-fPIC -DPIC'
lt_cv_prog_compiler_pic_works=yes
lt_cv_prog_compiler_pic_works_CXX=yes
lt_cv_prog_compiler_rtti_exceptions=no
lt_cv_prog_compiler_static_works=yes
lt_cv_prog_compiler_static_works_CXX=yes
lt_cv_prog_gnu_ld=yes
lt_cv_prog_gnu_ldcxx=yes
lt_cv_sharedlib_from_linklib_cmd='printf %s\n'
lt_cv_shlibpath_overrides_runpath=no
lt_cv_sys_global_symbol_pipe='sed -n -e '\''s/^.*[	 ]\([ABCDGIRSTW][ABCDGIRSTW]*\)[	 ][	 ]*\([_A-Za-z][_A-Za-z0-9]*\)$/\1 \2 \2/p'\'' | sed '\''/ __gnu_lto/d'\'''
lt_cv_sys_global_symbol_to_c_name_address='sed -n -e '\''s/^: \(.*\) .*$/  {"\1", (void *) 0},/p'\'' -e '\''s/^[ABCDGIRSTW][ABCDGIRSTW]* .* \(.*\)$/  {"\1", (void *) \&\1},/p'\'''
lt_cv_sys_global_symbol_to_c_name_address_lib_prefix='sed -n -e '\''s/^: \(.*\) .*$/  {"\1", (void *) 0},/p'\'' -e '\''s/^[ABCDGIRSTW][ABCDGIRSTW]* .* \(lib.*\)$/  {"\1", (void *) \&\1},/p'\'' -e '\''s/^[ABCDGIRSTW][ABCDGIRSTW]* .* \(.*\)$/  {"lib\1", (void *) \&\1},/p'\'''
lt_cv_sys_global_symbol_to_cdecl='sed -n -e '\''s/^T .* \(.*\)$/extern int \1();/p'\'' -e '\''s/^[ABCDGIRSTW][ABCDGIRSTW]* .* \(.*\)$/extern char \1;/p'\'''
lt_cv_sys_global_symbol_to_import=
lt_cv_sys_max_cmd_len=1572864
lt_cv_to_host_file_cmd=func_convert_file_noop
lt_cv_to_tool_file_cmd=func_convert_file_noop
lt_cv_truncate_bin='/bin/dd bs=4096 count=1'
pkg_cv_CRYPTO_CFLAGS=
pkg_cv_CRYPTO_LIBS=-lcrypto
pkg_cv_EVENT_CFLAGS=
pkg_cv_EVENT_LIBS=-levent
pkg_cv_EVENT_PTHREADS_CFLAGS=-pthread
pkg_cv_EVENT_PTHREADS_LIBS='-levent_pthreads -levent'
pkg_cv_PROTOBUF_CFLAGS=-pthread
pkg_cv_PROTOBUF_LIBS='-lprotobuf -pthread -lpthread'
pkg_cv_QR_CFLAGS=
pkg_cv_QR_LIBS=-lqrencode
pkg_cv_QT_CFLAGS='-I/usr/include/x86_64-linux-gnu/qt5/QtNetwork -I/usr/include/x86_64-linux-gnu/qt5 -I/usr/include/x86_64-linux-gnu/qt5/QtWidgets -I/usr/include/x86_64-linux-gnu/qt5 -I/usr/include/x86_64-linux-gnu/qt5/QtGui -I/usr/include/x86_64-linux-gnu/qt5 -I/usr/include/x86_64-linux-gnu/qt5/QtCore -I/usr/include/x86_64-linux-gnu/qt5'
pkg_cv_QT_DBUS_CFLAGS='-I/usr/include/x86_64-linux-gnu/qt5/QtDBus -I/usr/include/x86_64-linux-gnu/qt5 -I/usr/include/x86_64-linux-gnu/qt5/QtCore -I/usr/include/x86_64-linux-gnu/qt5'
pkg_cv_QT_DBUS_LIBS='-lQt5DBus -lQt5Core'
pkg_cv_QT_LIBS='-lQt5Network -lQt5Widgets -lQt5Gui -lQt5Core'
pkg_cv_QT_TEST_CFLAGS='-I/usr/include/x86_64-linux-gnu/qt5/QtTest -I/usr/include/x86_64-linux-gnu/qt5 -I/usr/include/x86_64-linux-gnu/qt5/QtCore -I/usr/include/x86_64-linux-gnu/qt5'
pkg_cv_QT_TEST_LIBS='-lQt5Test -lQt5Core'
pkg_cv_SSL_CFLAGS=
pkg_cv_SSL_LIBS=-lssl

## ----------------- ##
## Output variables. ##
## ----------------- ##

ACLOCAL='${SHELL} /home/kittie/ZENZO-Core/build-aux/missing aclocal-1.15'
AMDEPBACKSLASH='\'
AMDEP_FALSE='#'
AMDEP_TRUE=''
AMTAR='$${TAR-tar}'
AM_BACKSLASH='\'
AM_DEFAULT_V='$(AM_DEFAULT_VERBOSITY)'
AM_DEFAULT_VERBOSITY='0'
AM_V='$(V)'
AR='/usr/bin/ar'
AUTOCONF='${SHELL} /home/kittie/ZENZO-Core/build-aux/missing autoconf'
AUTOHEADER='${SHELL} /home/kittie/ZENZO-Core/build-aux/missing autoheader'
AUTOMAKE='${SHELL} /home/kittie/ZENZO-Core/build-aux/missing automake-1.15'
AWK='mawk'
BDB_CPPFLAGS=''
BDB_LIBS='-ldb_cxx-4.8'
BITCOIN_CLI_NAME='zenzo-cli'
BITCOIN_DAEMON_NAME='zenzod'
BITCOIN_GUI_NAME='zenzo-qt'
BITCOIN_TX_NAME='zenzo-tx'
BOOST_CHRONO_LIB='-lboost_chrono'
BOOST_CPPFLAGS='-pthread -I/usr/include'
BOOST_FILESYSTEM_LIB='-lboost_filesystem'
BOOST_LDFLAGS='-L/usr/lib/x86_64-linux-gnu'
BOOST_LIBS='-L/usr/lib/x86_64-linux-gnu -lboost_system -lboost_filesystem -lboost_program_options -lboost_thread -lboost_chrono'
BOOST_PROGRAM_OPTIONS_LIB='-lboost_program_options'
BOOST_SYSTEM_LIB='-lboost_system'
BOOST_THREAD_LIB='-lboost_thread'
BOOST_UNIT_TEST_FRAMEWORK_LIB='-lboost_unit_test_framework'
BREW=''
BUILD_BITCOIND_FALSE='#'
BUILD_BITCOIND_TRUE=''
BUILD_BITCOIN_LIBS_FALSE=''
BUILD_BITCOIN_LIBS_TRUE='#'
BUILD_BITCOIN_UTILS_FALSE='#'
BUILD_BITCOIN_UTILS_TRUE=''
BUILD_DARWIN_FALSE=''
BUILD_DARWIN_TRUE='#'
BUILD_QT='qt'
BUILD_TEST='test'
BUILD_TEST_QT='test'
CC='gcc'
CCACHE=''
CCDEPMODE='depmode=gcc3'
CFLAGS=''
CLIENT_VERSION_BUILD='0'
CLIENT_VERSION_IS_RELEASE='true'
CLIENT_VERSION_MAJOR='1'
CLIENT_VERSION_MINOR='2'
CLIENT_VERSION_REVISION='0'
COMPARISON_TOOL_REORG_TESTS='0'
COPYRIGHT_YEAR='2019'
CPP='gcc -E'
CPPFILT='/usr/bin/c++filt'
CPPFLAGS='-I/home/kittie/ZENZO-Core/db4/include/ -DBOOST_SPIRIT_THREADSAFE -DHAVE_BUILD_INFO -D__STDC_FORMAT_MACROS  -U_FORTIFY_SOURCE -D_FORTIFY_SOURCE=2 -DHAVE_QT5'
CRYPTO_CFLAGS=''
CRYPTO_LIBS='-lcrypto'
CXX='g++ -std=c++11'
CXXCPP='g++ -std=c++11 -E'
CXXDEPMODE='depmode=gcc3'
CXXFLAGS='-g -O2 -Wall -Wextra -Wformat -Wformat-security -Wno-unused-parameter  -Wstack-protector -fstack-protector-all -fPIC -fvisibility=hidden'
CYGPATH_W='echo'
DEFS='-DHAVE_CONFIG_H'
DEPDIR='.deps'
DLLTOOL='false'
DSYMUTIL=''
DUMPBIN=''
ECHO_C=''
ECHO_N='-n'
ECHO_T=''
EGREP='/bin/grep -E'
EMBEDDED_LEVELDB_FALSE='#'
EMBEDDED_LEVELDB_TRUE=''
ENABLE_QT_FALSE='#'
ENABLE_QT_TESTS_FALSE='#'
ENABLE_QT_TESTS_TRUE=''
ENABLE_QT_TRUE=''
ENABLE_TESTS_FALSE='#'
ENABLE_TESTS_TRUE=''
ENABLE_WALLET_FALSE='#'
ENABLE_WALLET_TRUE=''
ENABLE_ZMQ_FALSE=''
ENABLE_ZMQ_TRUE='#'
EVENT_CFLAGS=''
EVENT_LIBS='-levent'
EVENT_PTHREADS_CFLAGS='-pthread'
EVENT_PTHREADS_LIBS='-levent_pthreads -levent'
EXEEXT=''
FGREP='/bin/grep -F'
GCOV='/usr/bin/gcov'
GENHTML=''
GENISOIMAGE=''
GIT='/usr/bin/git'
GLIBC_BACK_COMPAT_FALSE=''
GLIBC_BACK_COMPAT_TRUE='#'
GREP='/bin/grep'
HAVE_CXX11='1'
HAVE_QT5_FALSE='#'
HAVE_QT5_TRUE=''
HEXDUMP='/usr/bin/hexdump'
IMAGEMAGICK_CONVERT=''
INSTALLNAMETOOL=''
INSTALL_DATA='${INSTALL} -m 644'
INSTALL_PROGRAM='${INSTALL}'
INSTALL_SCRIPT='${INSTALL}'
INSTALL_STRIP_PROGRAM='$(install_sh) -c -s'
JAVA=''
JAVA_COMPARISON_TOOL=''
LCOV=''
LD='/usr/bin/ld -m elf_x86_64'
LDFLAGS='-L/home/kittie/ZENZO-Core/db4/lib/  -Wl,-z,relro -Wl,-z,now'
LEVELDB_CPPFLAGS=''
LEVELDB_TARGET_FLAGS=''
LIBLEVELDB=''
LIBMEMENV=''
LIBOBJS=''
LIBS='-lanl '
LIBTOOL='$(SHELL) $(top_builddir)/libtool'
LIBTOOL_APP_LDFLAGS=''
LIPO=''
LN_S='ln -s'
LRELEASE='/usr/lib/x86_64-linux-gnu/qt5/bin/lrelease'
LTLIBOBJS=''
LT_SYS_LIBRARY_PATH=''
LUPDATE='/usr/lib/x86_64-linux-gnu/qt5/bin/lupdate'
MAINT=''
MAINTAINER_MODE_FALSE='#'
MAINTAINER_MODE_TRUE=''
MAKEINFO='${SHELL} /home/kittie/ZENZO-Core/build-aux/missing makeinfo'
MAKENSIS=''
MANIFEST_TOOL=':'
MINIUPNPC_CPPFLAGS=''
MINIUPNPC_LIBS=''
MKDIR_P='/bin/mkdir -p'
MOC='/usr/lib/x86_64-linux-gnu/qt5/bin/moc'
MOC_DEFS='-DHAVE_CONFIG_H -I$(srcdir)'
NM='/usr/bin/nm -B'
NMEDIT=''
OBJCOPY='/usr/bin/objcopy'
OBJCXX='g++ -std=c++11'
OBJCXXDEPMODE='depmode=gcc3'
OBJCXXFLAGS='-g -O2 -Wall -Wextra -Wformat -Wformat-security -Wno-unused-parameter  -Wstack-protector -fstack-protector-all -fPIC'
OBJDUMP='objdump'
OBJEXT='o'
OTOOL64=''
OTOOL=''
PACKAGE='zenzo'
PACKAGE_BUGREPORT='www.zenzo.io'
PACKAGE_NAME='Zenzo Core'
PACKAGE_STRING='Zenzo Core 1.2.0'
PACKAGE_TARNAME='zenzo'
PACKAGE_URL=''
PACKAGE_VERSION='1.2.0'
PATH_SEPARATOR=':'
PKG_CONFIG='/usr/bin/pkg-config'
PKG_CONFIG_LIBDIR=''
PKG_CONFIG_PATH=''
PORT=''
PROTOBUF_CFLAGS='-pthread'
PROTOBUF_LIBS='-lprotobuf -pthread -lpthread'
PROTOC='/usr/bin/protoc'
PTHREAD_CC='gcc'
PTHREAD_CFLAGS='-pthread'
PTHREAD_LIBS=''
PYTHON='/usr/bin/python3'
PYTHONPATH=''
QR_CFLAGS=''
QR_LIBS='-lqrencode'
QTPLATFORM_CFLAGS=''
QTPLATFORM_LIBS=''
QTPRINT_CFLAGS=''
QTPRINT_LIBS=''
QTXCBQPA_CFLAGS=''
QTXCBQPA_LIBS=''
QT_CFLAGS='-I/usr/include/x86_64-linux-gnu/qt5/QtNetwork -I/usr/include/x86_64-linux-gnu/qt5 -I/usr/include/x86_64-linux-gnu/qt5/QtWidgets -I/usr/include/x86_64-linux-gnu/qt5 -I/usr/include/x86_64-linux-gnu/qt5/QtGui -I/usr/include/x86_64-linux-gnu/qt5 -I/usr/include/x86_64-linux-gnu/qt5/QtCore -I/usr/include/x86_64-linux-gnu/qt5'
QT_DBUS_CFLAGS='-I/usr/include/x86_64-linux-gnu/qt5/QtDBus -I/usr/include/x86_64-linux-gnu/qt5 -I/usr/include/x86_64-linux-gnu/qt5/QtCore -I/usr/include/x86_64-linux-gnu/qt5'
QT_DBUS_INCLUDES='-I/usr/include/x86_64-linux-gnu/qt5/QtDBus -I/usr/include/x86_64-linux-gnu/qt5 -I/usr/include/x86_64-linux-gnu/qt5/QtCore -I/usr/include/x86_64-linux-gnu/qt5'
QT_DBUS_LIBS='-lQt5DBus -lQt5Core'
QT_INCLUDES='-I/usr/include/x86_64-linux-gnu/qt5/QtNetwork -I/usr/include/x86_64-linux-gnu/qt5 -I/usr/include/x86_64-linux-gnu/qt5/QtWidgets -I/usr/include/x86_64-linux-gnu/qt5 -I/usr/include/x86_64-linux-gnu/qt5/QtGui -I/usr/include/x86_64-linux-gnu/qt5 -I/usr/include/x86_64-linux-gnu/qt5/QtCore -I/usr/include/x86_64-linux-gnu/qt5'
QT_LDFLAGS=''
QT_LIBS='-lQt5Network -lQt5Widgets -lQt5Gui -lQt5Core'
QT_PIE_FLAGS=''
QT_SELECT='qt5'
QT_TEST_CFLAGS='-I/usr/include/x86_64-linux-gnu/qt5/QtTest -I/usr/include/x86_64-linux-gnu/qt5 -I/usr/include/x86_64-linux-gnu/qt5/QtCore -I/usr/include/x86_64-linux-gnu/qt5'
QT_TEST_INCLUDES='-I/usr/include/x86_64-linux-gnu/qt5/QtTest -I/usr/include/x86_64-linux-gnu/qt5 -I/usr/include/x86_64-linux-gnu/qt5/QtCore -I/usr/include/x86_64-linux-gnu/qt5'
QT_TEST_LIBS='-lQt5Test -lQt5Core'
QT_TRANSLATION_DIR=''
RANLIB='/usr/bin/ranlib'
RCC='/usr/lib/x86_64-linux-gnu/qt5/bin/rcc'
READELF='/usr/bin/readelf'
RELDFLAGS='-Wl,--exclude-libs,ALL'
RSVG_CONVERT=''
SED='/bin/sed'
SET_MAKE=''
SHELL='/bin/bash'
SSL_CFLAGS=''
SSL_LIBS='-lssl'
STRIP='/usr/bin/strip'
TARGET_DARWIN_FALSE=''
TARGET_DARWIN_TRUE='#'
TARGET_WINDOWS_FALSE=''
TARGET_WINDOWS_TRUE='#'
TESTDEFS=' -DBOOST_TEST_DYN_LINK'
TIFFCP=''
UIC='/usr/lib/x86_64-linux-gnu/qt5/bin/uic'
USE_COMPARISON_TOOL_FALSE=''
USE_COMPARISON_TOOL_REORG_TESTS_FALSE='#'
USE_COMPARISON_TOOL_REORG_TESTS_TRUE=''
USE_COMPARISON_TOOL_TRUE='#'
USE_LCOV_FALSE=''
USE_LCOV_TRUE='#'
USE_LIBSECP256K1_FALSE=''
USE_LIBSECP256K1_TRUE='#'
USE_QRCODE=''
USE_QRCODE_FALSE='#'
USE_QRCODE_TRUE=''
USE_UPNP=''
VERSION='1.2.0'
WINDOWS_BITS=''
WINDRES=''
X11XCB_CFLAGS=''
X11XCB_LIBS=''
XGETTEXT='/usr/bin/xgettext'
ZMQ_CFLAGS=''
ZMQ_LIBS=''
ac_ct_AR='ar'
ac_ct_CC='gcc'
ac_ct_CXX='g++'
ac_ct_DUMPBIN=''
ac_ct_OBJCXX=''
am__EXEEXT_FALSE=''
am__EXEEXT_TRUE='#'
am__fastdepCC_FALSE='#'
am__fastdepCC_TRUE=''
am__fastdepCXX_FALSE='#'
am__fastdepCXX_TRUE=''
am__fastdepOBJCXX_FALSE='#'
am__fastdepOBJCXX_TRUE=''
am__include='include'
am__isrc=''
am__leading_dot='.'
am__nodep='_no'
am__quote=''
am__tar='$${TAR-tar} chof - "$$tardir"'
am__untar='$${TAR-tar} xf -'
ax_pthread_config=''
bindir='${exec_prefix}/bin'
build='x86_64-pc-linux-gnu'
build_alias=''
build_cpu='x86_64'
build_os='linux-gnu'
build_vendor='pc'
datadir='${datarootdir}'
datarootdir='${prefix}/share'
docdir='${datarootdir}/doc/${PACKAGE_TARNAME}'
dvidir='${docdir}'
exec_prefix='${prefix}'
host='x86_64-pc-linux-gnu'
host_alias=''
host_cpu='x86_64'
host_os='linux-gnu'
host_vendor='pc'
htmldir='${docdir}'
includedir='${prefix}/include'
infodir='${datarootdir}/info'
install_sh='${SHELL} /home/kittie/ZENZO-Core/build-aux/install-sh'
libdir='${exec_prefix}/lib'
libexecdir='${exec_prefix}/libexec'
localedir='${datarootdir}/locale'
localstatedir='${prefix}/var'
mandir='${datarootdir}/man'
mkdir_p='$(MKDIR_P)'
oldincludedir='/usr/include'
pdfdir='${docdir}'
prefix='/usr/local'
program_transform_name='s,x,x,'
psdir='${docdir}'
runstatedir='${localstatedir}/run'
sbindir='${exec_prefix}/sbin'
sharedstatedir='${prefix}/com'
subdirs=' src/secp256k1'
sysconfdir='${prefix}/etc'
target_alias=''

## ----------- ##
## confdefs.h. ##
## ----------- ##

/* confdefs.h */
#define PACKAGE_NAME "Zenzo Core"
#define PACKAGE_TARNAME "zenzo"
#define PACKAGE_VERSION "1.2.0"
#define PACKAGE_STRING "Zenzo Core 1.2.0"
#define PACKAGE_BUGREPORT "www.zenzo.io"
#define PACKAGE_URL ""
#define HAVE_CXX11 1
#define STDC_HEADERS 1
#define HAVE_SYS_TYPES_H 1
#define HAVE_SYS_STAT_H 1
#define HAVE_STDLIB_H 1
#define HAVE_STRING_H 1
#define HAVE_MEMORY_H 1
#define HAVE_STRINGS_H 1
#define HAVE_INTTYPES_H 1
#define HAVE_STDINT_H 1
#define HAVE_UNISTD_H 1
#define HAVE_DLFCN_H 1
#define LT_OBJDIR ".libs/"
#define HAVE_PTHREAD_PRIO_INHERIT 1
#define HAVE_PTHREAD 1
#define HAVE_DECL_STRERROR_R 1
#define HAVE_STRERROR_R 1
#define STRERROR_R_CHAR_P 1
#define HAVE_FUNC_ATTRIBUTE_VISIBILITY 1
#define HAVE_ENDIAN_H 1
#define HAVE_STDIO_H 1
#define HAVE_STDLIB_H 1
#define HAVE_UNISTD_H 1
#define HAVE_STRINGS_H 1
#define HAVE_SYS_TYPES_H 1
#define HAVE_SYS_STAT_H 1
#define HAVE_SYS_SELECT_H 1
#define HAVE_SYS_PRCTL_H 1
#define HAVE_GETADDRINFO_A 1
#define HAVE_INET_PTON 1
#define HAVE_DECL_STRNLEN 1
#define HAVE_DECL_LE32TOH 1
#define HAVE_DECL_LE64TOH 1
#define HAVE_DECL_HTOLE32 1
#define HAVE_DECL_HTOLE64 1
#define HAVE_DECL_BE32TOH 1
#define HAVE_DECL_BE64TOH 1
#define HAVE_DECL_HTOBE32 1
#define HAVE_DECL_HTOBE64 1
#define HAVE_MSG_NOSIGNAL 1
#define HAVE_VISIBILITY_ATTRIBUTE 1
#define HAVE_QT5 1
#define HAVE_BOOST /**/
#define HAVE_BOOST_SYSTEM /**/
#define HAVE_BOOST_FILESYSTEM /**/
#define HAVE_BOOST_PROGRAM_OPTIONS /**/
#define HAVE_BOOST_THREAD /**/
#define HAVE_BOOST_CHRONO /**/
#define HAVE_BOOST_UNIT_TEST_FRAMEWORK /**/
#define HAVE_WORKING_BOOST_SLEEP_FOR 1
#define ENABLE_ZMQ 0
#define ENABLE_WALLET 1
#define USE_DBUS 1
#define USE_QRCODE 1
#define CLIENT_VERSION_MAJOR 1
#define CLIENT_VERSION_MINOR 2
#define CLIENT_VERSION_REVISION 0
#define CLIENT_VERSION_BUILD 0
#define CLIENT_VERSION_IS_RELEASE true
#define COPYRIGHT_YEAR 2019

configure: exit 0

## ---------------------- ##
## Running config.status. ##
## ---------------------- ##

This file was extended by Zenzo Core config.status 1.2.0, which was
generated by GNU Autoconf 2.69.  Invocation command line was

  CONFIG_FILES    = 
  CONFIG_HEADERS  = 
  CONFIG_LINKS    = 
  CONFIG_COMMANDS = 
  $ ./config.status 

on kittie-VM

config.status:1367: creating Makefile
config.status:1367: creating src/Makefile
config.status:1367: creating share/setup.nsi
config.status:1367: creating share/qt/Info.plist
config.status:1367: creating src/test/buildenv.py
config.status:1367: creating qa/pull-tester/run-bitcoind-for-test.sh
config.status:1367: creating qa/pull-tester/tests-config.sh
config.status:1367: creating contrib/devtools/split-debug.sh
config.status:1367: creating src/config/zenzo-config.h
config.status:1596: executing depfiles commands
config.status:1596: executing libtool commands
